#
# There is insufficient memory for the Java Runtime Environment to continue.
# Native memory allocation (malloc) failed to allocate 66576 bytes for Chunk::new
# Possible reasons:
#   The system is out of physical RAM or swap space
#   In 32 bit mode, the process size limit was hit
# Possible solutions:
#   Reduce memory load on the system
#   Increase physical memory or swap space
#   Check if swap backing store is full
#   Use 64 bit Java on a 64 bit OS
#   Decrease Java heap size (-Xmx/-Xms)
#   Decrease number of Java threads
#   Decrease Java thread stack sizes (-Xss)
#   Set larger code cache with -XX:ReservedCodeCacheSize=
# This output file may be truncated or incomplete.
#
#  Out of Memory Error (allocation.cpp:390), pid=3456, tid=7072
#
# JRE version: Java(TM) SE Runtime Environment (8.0_73-b02) (build 1.8.0_73-b02)
# Java VM: Java HotSpot(TM) 64-Bit Server VM (25.73-b02 mixed mode windows-amd64 compressed oops)
# Failed to write core dump. Minidumps are not enabled by default on client versions of Windows
#

---------------  T H R E A D  ---------------

Current thread (0x0000000056767000):  JavaThread "C2 CompilerThread1" daemon [_thread_in_native, id=7072, stack(0x0000000056cd0000,0x0000000056dd0000)]

Stack: [0x0000000056cd0000,0x0000000056dd0000]
[error occurred during error reporting (printing stack bounds), id 0xc0000005]

Native frames: (J=compiled Java code, j=interpreted, Vv=VM code, C=native code)


Current CompileTask:
C2:   2762  865       4       com.android.dx.rop.code.RegisterSpec$ForComparison::hashCode (16 bytes)


---------------  P R O C E S S  ---------------

Java Threads: ( => current thread )
  0x00000000569c5000 JavaThread "pool-1-thread-4" [_thread_in_vm, id=4400, stack(0x0000000057600000,0x0000000057700000)]
  0x0000000056973000 JavaThread "pool-1-thread-3" [_thread_blocked, id=1280, stack(0x0000000057480000,0x0000000057580000)]
  0x000000005696f800 JavaThread "pool-1-thread-2" [_thread_blocked, id=7144, stack(0x00000000571c0000,0x00000000572c0000)]
  0x000000005696e000 JavaThread "pool-2-thread-1" [_thread_blocked, id=6436, stack(0x0000000057330000,0x0000000057430000)]
  0x0000000056967800 JavaThread "pool-1-thread-1" [_thread_blocked, id=6400, stack(0x00000000570b0000,0x00000000571b0000)]
  0x000000005676a800 JavaThread "Service Thread" daemon [_thread_blocked, id=7312, stack(0x0000000056b80000,0x0000000056c80000)]
  0x0000000056767800 JavaThread "C1 CompilerThread2" daemon [_thread_blocked, id=5096, stack(0x0000000056e30000,0x0000000056f30000)]
=>0x0000000056767000 JavaThread "C2 CompilerThread1" daemon [_thread_in_native, id=7072, stack(0x0000000056cd0000,0x0000000056dd0000)]
  0x0000000054eb6000 JavaThread "C2 CompilerThread0" daemon [_thread_blocked, id=5640, stack(0x0000000056270000,0x0000000056370000)]
  0x0000000054eae800 JavaThread "Attach Listener" daemon [_thread_blocked, id=2020, stack(0x0000000056610000,0x0000000056710000)]
  0x0000000054ead800 JavaThread "Signal Dispatcher" daemon [_thread_blocked, id=4904, stack(0x00000000563f0000,0x00000000564f0000)]
  0x0000000054e56800 JavaThread "Finalizer" daemon [_thread_blocked, id=4432, stack(0x0000000056130000,0x0000000056230000)]
  0x0000000054e4f800 JavaThread "Reference Handler" daemon [_thread_blocked, id=6308, stack(0x0000000055f50000,0x0000000056050000)]
  0x0000000001f3e000 JavaThread "main" [_thread_blocked, id=8928, stack(0x00000000022a0000,0x00000000023a0000)]

Other Threads:
  0x0000000054e4a000 VMThread [stack: 0x0000000055db0000,0x0000000055eb0000] [id=1648]
  0x0000000056774000 WatcherThread [stack: 0x0000000056f50000,0x0000000057050000] [id=5796]

VM state:not at safepoint (normal execution)

VM Mutex/Monitor currently owned by a thread: None

Heap:
 PSYoungGen      total 38400K, used 17597K [0x00000000eab00000, 0x00000000ed580000, 0x0000000100000000)
  eden space 33280K, 52% used [0x00000000eab00000,0x00000000ebc2f618,0x00000000ecb80000)
  from space 5120K, 0% used [0x00000000ed080000,0x00000000ed080000,0x00000000ed580000)
  to   space 5120K, 0% used [0x00000000ecb80000,0x00000000ecb80000,0x00000000ed080000)
 ParOldGen       total 87552K, used 0K [0x00000000c0000000, 0x00000000c5580000, 0x00000000eab00000)
  object space 87552K, 0% used [0x00000000c0000000,0x00000000c0000000,0x00000000c5580000)
 Metaspace       used 5721K, capacity 6704K, committed 6784K, reserved 1056768K
  class space    used 589K, capacity 616K, committed 640K, reserved 1048576K

Card table byte_map: [0x0000000011a30000,0x0000000011c40000] byte_map_base: 0x0000000011430000

Marking Bits: (ParMarkBitMap*) 0x0000000067e00600
 Begin Bits: [0x00000000122c0000, 0x00000000132c0000)
 End Bits:   [0x00000000132c0000, 0x00000000142c0000)

Polling page: 0x0000000000130000

CodeCache: size=245760Kb used=3568Kb max_used=3568Kb free=242191Kb
 bounds [0x0000000002670000, 0x00000000029f0000, 0x0000000011670000]
 total_blobs=1130 nmethods=863 adapters=180
 compilation: enabled

Compilation events (10 events):
Event: 2.757 Thread 0x0000000054eb6000  863       4       com.android.dx.rop.code.RegisterSpec$ForComparison::equals (31 bytes)
Event: 2.758 Thread 0x0000000056767800 nmethod 861 0x00000000029eb6d0 code [0x00000000029eb940, 0x00000000029eca68]
Event: 2.758 Thread 0x0000000056767800  860       3       java.util.TreeMap$PrivateEntryIterator::hasNext (13 bytes)
Event: 2.758 Thread 0x0000000056767800 nmethod 860 0x00000000029ed250 code [0x00000000029ed3a0, 0x00000000029ed550]
Event: 2.758 Thread 0x0000000056767800  864       3       com.android.dx.cf.code.Ropper::addBlock (37 bytes)
Event: 2.759 Thread 0x0000000056767800 nmethod 864 0x00000000029ed5d0 code [0x00000000029ed800, 0x00000000029ee4b8]
Event: 2.759 Thread 0x0000000056767800  862       3       com.android.dx.cf.code.LocalVariableList$Item::getType (11 bytes)
Event: 2.759 Thread 0x0000000056767800 nmethod 862 0x00000000029eec10 code [0x00000000029eed80, 0x00000000029eefa8]
Event: 2.760 Thread 0x0000000056767000  865       4       com.android.dx.rop.code.RegisterSpec$ForComparison::hashCode (16 bytes)
Event: 2.761 Thread 0x0000000054eb6000 


GC Heap History (0 events):
No events

Deoptimization events (3 events):
Event: 1.922 Thread 0x00000000569c5000 Uncommon trap: reason=unstable_if action=reinterpret pc=0x0000000002858c4c method=java.util.HashMap.getNode(ILjava/lang/Object;)Ljava/util/HashMap$Node; @ 129
Event: 2.186 Thread 0x0000000056967800 Uncommon trap: reason=unstable_if action=reinterpret pc=0x000000000285a220 method=java.util.BitSet.nextSetBit(I)I @ 87
Event: 2.186 Thread 0x0000000056967800 Uncommon trap: reason=unstable_if action=reinterpret pc=0x000000000288d664 method=java.util.BitSet.ensureCapacity(I)V @ 6

Internal exceptions (2 events):
Event: 0.218 Thread 0x0000000001f3e000 Exception <a 'java/lang/NoSuchMethodError': Method sun.misc.Unsafe.defineClass(Ljava/lang/String;[BII)Ljava/lang/Class; name or signature does not match> (0x00000000eab13118) thrown at [D:\re\puppet\workspace\8-2-build-windows-amd64-cygwin\jdk8u73\6086\hotuU¬@тЛ?
Event: 0.218 Thread 0x0000000001f3e000 Exception <a 'java/lang/NoSuchMethodError': Method sun.misc.Unsafe.prefetchRead(Ljava/lang/Object;J)V name or signature does not match> (0x00000000eab13400) thrown at [D:\re\puppet\workspace\8-2-build-windows-amd64-cygwin\jdk8u73\6086\hotspot\src\share\vm\

Events (10 events):
Event: 2.025 loading class com/android/dx/dex/file/MethodAnnotationStruct
Event: 2.025 loading class com/android/dx/dex/file/MethodAnnotationStruct done
Event: 2.186 Thread 0x0000000056967800 Uncommon trap: trap_request=0xffffff65 fr.pc=0x000000000285a220
Event: 2.186 Thread 0x0000000056967800 DEOPT PACKING pc=0x000000000285a220 sp=0x00000000571ae8f0
Event: 2.186 Thread 0x0000000056967800 DEOPT UNPACKING pc=0x00000000026b582a sp=0x00000000571ae888 mode 2
Event: 2.186 Thread 0x0000000056967800 Uncommon trap: trap_request=0xffffff65 fr.pc=0x000000000288d664
Event: 2.186 Thread 0x0000000056967800 DEOPT PACKING pc=0x000000000288d664 sp=0x00000000571aea80
Event: 2.186 Thread 0x0000000056967800 DEOPT UNPACKING pc=0x00000000026b582a sp=0x00000000571ae968 mode 2
Event: 2.651 Executing VM operation: ForceSafepoint
Event: 2.652 Executing VM operation: ForceSafepoint done


Dynamic libraries:
0x000000013fa00000 - 0x000000013fa37000 	C:\Program Files\Java\jdk1.8.0_73\bin\java.exe
0x0000000077600000 - 0x00000000777aa000 	C:\Windows\SYSTEM32\ntdll.dll
0x00000000774e0000 - 0x00000000775ff000 	C:\Windows\system32\kernel32.dll
0x000007fefd4d0000 - 0x000007fefd53a000 	C:\Windows\system32\KERNELBASE.dll
0x000007fefdc30000 - 0x000007fefdd0b000 	C:\Windows\system32\ADVAPI32.dll
0x000007fefdd10000 - 0x000007fefddaf000 	C:\Windows\system32\msvcrt.dll
0x000007fefdf60000 - 0x000007fefdf7f000 	C:\Windows\SYSTEM32\sechost.dll
0x000007feff3d0000 - 0x000007feff4fd000 	C:\Windows\system32\RPCRT4.dll
0x00000000773e0000 - 0x00000000774da000 	C:\Windows\system32\USER32.dll
0x000007fefe4e0000 - 0x000007fefe547000 	C:\Windows\system32\GDI32.dll
0x000007fefe230000 - 0x000007fefe23e000 	C:\Windows\system32\LPK.dll
0x000007feff2e0000 - 0x000007feff3aa000 	C:\Windows\system32\USP10.dll
0x000007fefbe00000 - 0x000007fefbff4000 	C:\Windows\WinSxS\amd64_microsoft.windows.common-controls_6595b64144ccf1df_6.0.7601.17514_none_fa396087175ac9ac\COMCTL32.dll
0x000007fefddb0000 - 0x000007fefde21000 	C:\Windows\system32\SHLWAPI.dll
0x000007fefdf80000 - 0x000007fefdfae000 	C:\Windows\system32\IMM32.DLL
0x000007fefe240000 - 0x000007fefe349000 	C:\Windows\system32\MSCTF.dll
0x000000006b480000 - 0x000000006b552000 	C:\Program Files\Java\jdk1.8.0_73\jre\bin\msvcr100.dll
0x00000000675f0000 - 0x0000000067e80000 	C:\Program Files\Java\jdk1.8.0_73\jre\bin\server\jvm.dll
0x000007fefb0e0000 - 0x000007fefb0e9000 	C:\Windows\system32\WSOCK32.dll
0x000007fefdf10000 - 0x000007fefdf5d000 	C:\Windows\system32\WS2_32.dll
0x000007fefe220000 - 0x000007fefe228000 	C:\Windows\system32\NSI.dll
0x000007fefac90000 - 0x000007fefaccb000 	C:\Windows\system32\WINMM.dll
0x000007fefc490000 - 0x000007fefc49c000 	C:\Windows\system32\VERSION.dll
0x00000000777d0000 - 0x00000000777d7000 	C:\Windows\system32\PSAPI.DLL
0x0000000072310000 - 0x000000007231f000 	C:\Program Files\Java\jdk1.8.0_73\jre\bin\verify.dll
0x00000000722e0000 - 0x0000000072309000 	C:\Program Files\Java\jdk1.8.0_73\jre\bin\java.dll
0x00000000722c0000 - 0x00000000722d6000 	C:\Program Files\Java\jdk1.8.0_73\jre\bin\zip.dll
0x000007fefe550000 - 0x000007feff2d8000 	C:\Windows\system32\SHELL32.dll
0x000007fefdfb0000 - 0x000007fefe1b3000 	C:\Windows\system32\ole32.dll
0x000007fefd3c0000 - 0x000007fefd3cf000 	C:\Windows\system32\profapi.dll

VM Arguments:
jvm_args: -Djava.awt.headless=true -Xmx1024M -Dfile.encoding=windows-1251 -Duser.country=RU -Duser.language=ru -Duser.variant 
java_command: com.android.dx.command.Main --dex --force-jumbo --num-threads=4 --output D:\Programming\AndroidAppsCode\SpaceCenter\app\build\intermediates\pre-dexed\debug\com.twitter.sdk.android-tweet-composer-2.1.0_c1c8c74a813636f708b70c1296de661d23d35db5.jar D:\Programming\AndroidAppsCode\SpaceCenter\app\build\intermediates\exploded-aar\com.twitter.sdk.android\tweet-composer\2.1.0\jars\classes.jar
java_class_path (initial): D:\AndroidStudio\build-tools\25.0.1\lib\dx.jar
Launcher Type: SUN_STANDARD

Environment Variables:
JAVA_HOME=C:\Program Files\Java\jdk1.8.0_73
PATH=C:\ProgramData\Oracle\Java\javapath;C:\Program Files (x86)\Common Files\Microsoft Shared\Windows Live;C:\Program Files (x86)\PC Connectivity Solution\;C:\Windows\system32;C:\Windows;C:\Windows\System32\Wbem;C:\Windows\System32\WindowsPowerShell\v1.0\;C:\Program Files (x86)\Microsoft SQL Server\100\Tools\Binn\;C:\Program Files\Microsoft SQL Server\100\Tools\Binn\;C:\Program Files\Microsoft SQL Server\100\DTS\Binn\;C:\Program Files (x86)\NVIDIA Corporation\PhysX\Common;C:\Program Files (x86)\Skype\Phone\;C:\Program Files\Java\jdk1.8.0_73\bin;C:\Program Files\Git\cmd;C:\sqlite;C:\Program Files\Common Files\Microsoft Shared\Windows Live
USERNAME=Администратор
OS=Windows_NT
PROCESSOR_IDENTIFIER=Intel64 Family 6 Model 30 Stepping 5, GenuineIntel



---------------  S Y S T E M  ---------------

OS: Windows 7 , 64 bit Build 7601 (6.1.7601.23418)

CPU:total 4 (4 cores per cpu, 1 threads per core) family 6 model 30 stepping 5, cmov, cx8, fxsr, mmx, sse, sse2, sse3, ssse3, sse4.1, sse4.2, popcnt, tsc, tscinvbit

Memory: 4k page, physical 8379448k(888724k free), swap 10474740k(5068k free)

vm_info: Java HotSpot(TM) 64-Bit Server VM (25.73-b02) for windows-amd64 JRE (1.8.0_73-b02), built on Jan 29 2016 17:38:49 by "java_re" with MS VC++ 10.0 (VS2010)

time: Sun Dec 25 11:21:39 2016
elapsed time: 2 seconds (0d 0h 0m 2s)

