#
# There is insufficient memory for the Java Runtime Environment to continue.
# Native memory allocation (malloc) failed to allocate 858416 bytes for Chunk::new
# Possible reasons:
#   The system is out of physical RAM or swap space
#   In 32 bit mode, the process size limit was hit
# Possible solutions:
#   Reduce memory load on the system
#   Increase physical memory or swap space
#   Check if swap backing store is full
#   Use 64 bit Java on a 64 bit OS
#   Decrease Java heap size (-Xmx/-Xms)
#   Decrease number of Java threads
#   Decrease Java thread stack sizes (-Xss)
#   Set larger code cache with -XX:ReservedCodeCacheSize=
# This output file may be truncated or incomplete.
#
#  Out of Memory Error (allocation.cpp:390), pid=5552, tid=7740
#
# JRE version: Java(TM) SE Runtime Environment (8.0_73-b02) (build 1.8.0_73-b02)
# Java VM: Java HotSpot(TM) 64-Bit Server VM (25.73-b02 mixed mode windows-amd64 compressed oops)
# Failed to write core dump. Minidumps are not enabled by default on client versions of Windows
#

---------------  T H R E A D  ---------------

Current thread (0x0000000054d2a800):  JavaThread "C2 CompilerThread1" daemon [_thread_in_native, id=7740, stack(0x00000000568a0000,0x00000000569a0000)]

Stack: [0x00000000568a0000,0x00000000569a0000]
[error occurred during error reporting (printing stack bounds), id 0xc0000005]

Native frames: (J=compiled Java code, j=interpreted, Vv=VM code, C=native code)


Current CompileTask:
C2:   2149 1078       4       com.android.dx.ssa.SCCP::simulateStmt (481 bytes)


---------------  P R O C E S S  ---------------

Java Threads: ( => current thread )
  0x0000000056c6c800 JavaThread "pool-1-thread-4" [_thread_blocked, id=8596, stack(0x0000000055c20000,0x0000000055d20000)]
  0x0000000056d59800 JavaThread "pool-1-thread-3" [_thread_blocked, id=8688, stack(0x0000000057140000,0x0000000057240000)]
  0x0000000056d47000 JavaThread "pool-1-thread-2" [_thread_blocked, id=8588, stack(0x0000000057240000,0x0000000057340000)]
  0x0000000056d44000 JavaThread "pool-2-thread-1" [_thread_blocked, id=8584, stack(0x0000000056040000,0x0000000056140000)]
  0x0000000056d43000 JavaThread "pool-1-thread-1" [_thread_blocked, id=8592, stack(0x0000000056420000,0x0000000056520000)]
  0x0000000056a2b000 JavaThread "Service Thread" daemon [_thread_blocked, id=8704, stack(0x0000000056ef0000,0x0000000056ff0000)]
  0x00000000569a8800 JavaThread "C1 CompilerThread2" daemon [_thread_blocked, id=8520, stack(0x0000000056dc0000,0x0000000056ec0000)]
=>0x0000000054d2a800 JavaThread "C2 CompilerThread1" daemon [_thread_in_native, id=7740, stack(0x00000000568a0000,0x00000000569a0000)]
  0x0000000054d26000 JavaThread "C2 CompilerThread0" daemon [_thread_in_native, id=1996, stack(0x00000000566c0000,0x00000000567c0000)]
  0x0000000054d1e800 JavaThread "Attach Listener" daemon [_thread_blocked, id=8696, stack(0x0000000056560000,0x0000000056660000)]
  0x0000000054d1d000 JavaThread "Signal Dispatcher" daemon [_thread_blocked, id=5416, stack(0x0000000056320000,0x0000000056420000)]
  0x0000000054cc1000 JavaThread "Finalizer" daemon [_thread_blocked, id=8632, stack(0x0000000056140000,0x0000000056240000)]
  0x0000000054cbf800 JavaThread "Reference Handler" daemon [_thread_blocked, id=7656, stack(0x0000000055ed0000,0x0000000055fd0000)]
  0x00000000004fe000 JavaThread "main" [_thread_blocked, id=8572, stack(0x0000000002100000,0x0000000002200000)]

Other Threads:
  0x0000000054cba000 VMThread [stack: 0x0000000055d20000,0x0000000055e20000] [id=8536]
  0x0000000056a34800 WatcherThread [stack: 0x0000000057010000,0x0000000057110000] [id=6856]

VM state:not at safepoint (normal execution)

VM Mutex/Monitor currently owned by a thread: None

Heap:
 PSYoungGen      total 38400K, used 10564K [0x00000000eab00000, 0x00000000ef600000, 0x0000000100000000)
  eden space 33280K, 16% used [0x00000000eab00000,0x00000000eb057fb8,0x00000000ecb80000)
  from space 5120K, 99% used [0x00000000ecb80000,0x00000000ed079270,0x00000000ed080000)
  to   space 5120K, 0% used [0x00000000ef100000,0x00000000ef100000,0x00000000ef600000)
 ParOldGen       total 87552K, used 1001K [0x00000000c0000000, 0x00000000c5580000, 0x00000000eab00000)
  object space 87552K, 1% used [0x00000000c0000000,0x00000000c00fa7a0,0x00000000c5580000)
 Metaspace       used 5839K, capacity 6896K, committed 7040K, reserved 1056768K
  class space    used 588K, capacity 616K, committed 640K, reserved 1048576K

Card table byte_map: [0x0000000011890000,0x0000000011aa0000] byte_map_base: 0x0000000011290000

Marking Bits: (ParMarkBitMap*) 0x0000000067f60600
 Begin Bits: [0x0000000012130000, 0x0000000013130000)
 End Bits:   [0x0000000013130000, 0x0000000014130000)

Polling page: 0x0000000000430000

CodeCache: size=245760Kb used=4576Kb max_used=4576Kb free=241183Kb
 bounds [0x00000000024d0000, 0x0000000002950000, 0x00000000114d0000]
 total_blobs=1424 nmethods=1161 adapters=176
 compilation: disabled (not enough contiguous free space left)

Compilation events (10 events):
Event: 2.112 Thread 0x00000000569a8800 nmethod 1119 0x0000000002911290 code [0x0000000002911440, 0x0000000002911c98]
Event: 2.112 Thread 0x00000000569a8800 1120   !   3       java.lang.ref.Finalizer::remove (94 bytes)
Event: 2.113 Thread 0x00000000569a8800 nmethod 1120 0x0000000002911f50 code [0x00000000029120c0, 0x0000000002912590]
Event: 2.113 Thread 0x00000000569a8800 1121       3       java.util.zip.ZipFile$ZipFileInputStream::finalize (5 bytes)
Event: 2.113 Thread 0x00000000569a8800 nmethod 1121 0x00000000029126d0 code [0x0000000002912840, 0x00000000029129c8]
Event: 2.113 Thread 0x00000000569a8800 1122       3       java.util.zip.ZipFile$ZipFileInflaterInputStream::finalize (5 bytes)
Event: 2.114 Thread 0x00000000569a8800 nmethod 1122 0x0000000002912a50 code [0x0000000002912bc0, 0x0000000002912d68]
Event: 2.114 Thread 0x00000000569a8800 1123       3       com.android.dx.rop.code.RegisterSpec::equals (51 bytes)
Event: 2.114 Thread 0x00000000569a8800 nmethod 1123 0x0000000002912e10 code [0x0000000002912fa0, 0x0000000002913538]
Event: 2.114 Thread 0x00000000569a8800 1124       3       com.android.dx.rop.code.RegisterSpecSet::intersect (117 bytes)

GC Heap History (2 events):
Event: 1.734 GC heap before
{Heap before GC invocations=1 (full 0):
 PSYoungGen      total 38400K, used 33280K [0x00000000eab00000, 0x00000000ed580000, 0x0000000100000000)
  eden space 33280K, 100% used [0x00000000eab00000,0x00000000ecb80000,0x00000000ecb80000)
  from space 5120K, 0% used [0x00000000ed080000,0x00000000ed080000,0x00000000ed580000)
  to   space 5120K, 0% used [0x00000000ecb80000,0x00000000ecb80000,0x00000000ed080000)
 ParOldGen       total 87552K, used 0K [0x00000000c0000000, 0x00000000c5580000, 0x00000000eab00000)
  object space 87552K, 0% used [0x00000000c0000000,0x00000000c0000000,0x00000000c5580000)
 Metaspace       used 5802K, capacity 6896K, committed 7040K, reserved 1056768K
  class space    used 588K, capacity 616K, committed 640K, reserved 1048576K
Event: 1.858 GC heap after
Heap after GC invocations=1 (full 0):
 PSYoungGen      total 38400K, used 5092K [0x00000000eab00000, 0x00000000ef600000, 0x0000000100000000)
  eden space 33280K, 0% used [0x00000000eab00000,0x00000000eab00000,0x00000000ecb80000)
  from space 5120K, 99% used [0x00000000ecb80000,0x00000000ed079270,0x00000000ed080000)
  to   space 5120K, 0% used [0x00000000ef100000,0x00000000ef100000,0x00000000ef600000)
 ParOldGen       total 87552K, used 1001K [0x00000000c0000000, 0x00000000c5580000, 0x00000000eab00000)
  object space 87552K, 1% used [0x00000000c0000000,0x00000000c00fa7a0,0x00000000c5580000)
 Metaspace       used 5802K, capacity 6896K, committed 7040K, reserved 1056768K
  class space    used 588K, capacity 616K, committed 640K, reserved 1048576K
}

Deoptimization events (5 events):
Event: 0.651 Thread 0x00000000004fe000 Uncommon trap: reason=unstable_if action=reinterpret pc=0x0000000002630544 method=java.lang.String.compareTo(Ljava/lang/String;)I @ 38
Event: 1.185 Thread 0x0000000056d43000 Uncommon trap: reason=unstable_if action=reinterpret pc=0x00000000026deb2c method=java.util.HashMap.getNode(ILjava/lang/Object;)Ljava/util/HashMap$Node; @ 62
Event: 1.471 Thread 0x00000000004fe000 Uncommon trap: reason=unstable_if action=reinterpret pc=0x000000000276ff58 method=com.android.dx.rop.code.LocalItem.hashCode()I @ 25
Event: 1.550 Thread 0x0000000056d47000 Uncommon trap: reason=bimorphic action=maybe_recompile pc=0x00000000027400b4 method=java.util.HashMap.getNode(ILjava/lang/Object;)Ljava/util/HashMap$Node; @ 126
Event: 2.114 Thread 0x0000000056c6c800 Uncommon trap: reason=unstable_if action=reinterpret pc=0x00000000027cf04c method=com.android.dx.rop.code.RegisterSpec.equals(ILcom/android/dx/rop/type/TypeBearer;Lcom/android/dx/rop/code/LocalItem;)Z @ 42

Internal exceptions (2 events):
Event: 0.213 Thread 0x00000000004fe000 Exception <a 'java/lang/NoSuchMethodError': Method sun.misc.Unsafe.defineClass(Ljava/lang/String;[BII)Ljava/lang/Class; name or signature does not match> (0x00000000eab13118) thrown at [D:\re\puppet\workspace\8-2-build-windows-amd64-cygwin\jdk8u73\6086\hot+чbWэDЛ?
Event: 0.213 Thread 0x00000000004fe000 Exception <a 'java/lang/NoSuchMethodError': Method sun.misc.Unsafe.prefetchRead(Ljava/lang/Object;J)V name or signature does not match> (0x00000000eab13400) thrown at [D:\re\puppet\workspace\8-2-build-windows-amd64-cygwin\jdk8u73\6086\hotspot\src\share\vm\

Events (10 events):
Event: 1.550 Thread 0x0000000056d47000 Uncommon trap: trap_request=0xffffffc6 fr.pc=0x00000000027400b4
Event: 1.550 Thread 0x0000000056d47000 DEOPT PACKING pc=0x00000000027400b4 sp=0x000000005733ea00
Event: 1.550 Thread 0x0000000056d47000 DEOPT UNPACKING pc=0x000000000251582a sp=0x000000005733e928 mode 2
Event: 1.630 Executing VM operation: ForceSafepoint
Event: 1.635 Executing VM operation: ForceSafepoint done
Event: 1.734 Executing VM operation: ParallelGCFailedAllocation
Event: 1.858 Executing VM operation: ParallelGCFailedAllocation done
Event: 2.114 Thread 0x0000000056c6c800 Uncommon trap: trap_request=0xffffff65 fr.pc=0x00000000027cf04c
Event: 2.114 Thread 0x0000000056c6c800 DEOPT PACKING pc=0x00000000027cf04c sp=0x0000000055d1ee20
Event: 2.114 Thread 0x0000000056c6c800 DEOPT UNPACKING pc=0x000000000251582a sp=0x0000000055d1eda8 mode 2


Dynamic libraries:
0x000000013f3e0000 - 0x000000013f417000 	C:\Program Files\Java\jdk1.8.0_73\bin\java.exe
0x0000000077600000 - 0x00000000777aa000 	C:\Windows\SYSTEM32\ntdll.dll
0x00000000774e0000 - 0x00000000775ff000 	C:\Windows\system32\kernel32.dll
0x000007fefd4d0000 - 0x000007fefd53a000 	C:\Windows\system32\KERNELBASE.dll
0x000007fefdc30000 - 0x000007fefdd0b000 	C:\Windows\system32\ADVAPI32.dll
0x000007fefdd10000 - 0x000007fefddaf000 	C:\Windows\system32\msvcrt.dll
0x000007fefdf60000 - 0x000007fefdf7f000 	C:\Windows\SYSTEM32\sechost.dll
0x000007feff3d0000 - 0x000007feff4fd000 	C:\Windows\system32\RPCRT4.dll
0x00000000773e0000 - 0x00000000774da000 	C:\Windows\system32\USER32.dll
0x000007fefe4e0000 - 0x000007fefe547000 	C:\Windows\system32\GDI32.dll
0x000007fefe230000 - 0x000007fefe23e000 	C:\Windows\system32\LPK.dll
0x000007feff2e0000 - 0x000007feff3aa000 	C:\Windows\system32\USP10.dll
0x000007fefbe00000 - 0x000007fefbff4000 	C:\Windows\WinSxS\amd64_microsoft.windows.common-controls_6595b64144ccf1df_6.0.7601.17514_none_fa396087175ac9ac\COMCTL32.dll
0x000007fefddb0000 - 0x000007fefde21000 	C:\Windows\system32\SHLWAPI.dll
0x000007fefdf80000 - 0x000007fefdfae000 	C:\Windows\system32\IMM32.DLL
0x000007fefe240000 - 0x000007fefe349000 	C:\Windows\system32\MSCTF.dll
0x0000000067fe0000 - 0x00000000680b2000 	C:\Program Files\Java\jdk1.8.0_73\jre\bin\msvcr100.dll
0x0000000067750000 - 0x0000000067fe0000 	C:\Program Files\Java\jdk1.8.0_73\jre\bin\server\jvm.dll
0x000007fefb0e0000 - 0x000007fefb0e9000 	C:\Windows\system32\WSOCK32.dll
0x000007fefdf10000 - 0x000007fefdf5d000 	C:\Windows\system32\WS2_32.dll
0x000007fefe220000 - 0x000007fefe228000 	C:\Windows\system32\NSI.dll
0x000007fefac90000 - 0x000007fefaccb000 	C:\Windows\system32\WINMM.dll
0x000007fefc490000 - 0x000007fefc49c000 	C:\Windows\system32\VERSION.dll
0x00000000777d0000 - 0x00000000777d7000 	C:\Windows\system32\PSAPI.DLL
0x000000006bc10000 - 0x000000006bc1f000 	C:\Program Files\Java\jdk1.8.0_73\jre\bin\verify.dll
0x000000006b220000 - 0x000000006b249000 	C:\Program Files\Java\jdk1.8.0_73\jre\bin\java.dll
0x000000006bbb0000 - 0x000000006bbc6000 	C:\Program Files\Java\jdk1.8.0_73\jre\bin\zip.dll
0x000007fefe550000 - 0x000007feff2d8000 	C:\Windows\system32\SHELL32.dll
0x000007fefdfb0000 - 0x000007fefe1b3000 	C:\Windows\system32\ole32.dll
0x000007fefd3c0000 - 0x000007fefd3cf000 	C:\Windows\system32\profapi.dll

VM Arguments:
jvm_args: -Djava.awt.headless=true -Xmx1024M -Dfile.encoding=windows-1251 -Duser.country=RU -Duser.language=ru -Duser.variant 
java_command: com.android.dx.command.Main --dex --force-jumbo --num-threads=4 --output D:\Programming\AndroidAppsCode\SpaceCenter\app\build\intermediates\pre-dexed\debug\com.android.support-appcompat-v7-25.1.0_90aa1823f9f70fdab5a9edbb670adfbe64f23327.jar D:\Programming\AndroidAppsCode\SpaceCenter\app\build\intermediates\exploded-aar\com.android.support\appcompat-v7\25.1.0\jars\classes.jar
java_class_path (initial): D:\AndroidStudio\build-tools\25.0.1\lib\dx.jar
Launcher Type: SUN_STANDARD

Environment Variables:
JAVA_HOME=C:\Program Files\Java\jdk1.8.0_73
PATH=C:\ProgramData\Oracle\Java\javapath;C:\Program Files (x86)\Common Files\Microsoft Shared\Windows Live;C:\Program Files (x86)\PC Connectivity Solution\;C:\Windows\system32;C:\Windows;C:\Windows\System32\Wbem;C:\Windows\System32\WindowsPowerShell\v1.0\;C:\Program Files (x86)\Microsoft SQL Server\100\Tools\Binn\;C:\Program Files\Microsoft SQL Server\100\Tools\Binn\;C:\Program Files\Microsoft SQL Server\100\DTS\Binn\;C:\Program Files (x86)\NVIDIA Corporation\PhysX\Common;C:\Program Files (x86)\Skype\Phone\;C:\Program Files\Java\jdk1.8.0_73\bin;C:\Program Files\Git\cmd;C:\sqlite;C:\Program Files\Common Files\Microsoft Shared\Windows Live
USERNAME=Администратор
OS=Windows_NT
PROCESSOR_IDENTIFIER=Intel64 Family 6 Model 30 Stepping 5, GenuineIntel



---------------  S Y S T E M  ---------------

OS: Windows 7 , 64 bit Build 7601 (6.1.7601.23418)

CPU:total 4 (4 cores per cpu, 1 threads per core) family 6 model 30 stepping 5, cmov, cx8, fxsr, mmx, sse, sse2, sse3, ssse3, sse4.1, sse4.2, popcnt, tsc, tscinvbit

Memory: 4k page, physical 8379448k(696280k free), swap 10474740k(5032k free)

vm_info: Java HotSpot(TM) 64-Bit Server VM (25.73-b02) for windows-amd64 JRE (1.8.0_73-b02), built on Jan 29 2016 17:38:49 by "java_re" with MS VC++ 10.0 (VS2010)

time: Sun Dec 25 09:00:58 2016
elapsed time: 2 seconds (0d 0h 0m 2s)

