#
# There is insufficient memory for the Java Runtime Environment to continue.
# Native memory allocation (malloc) failed to allocate 78576 bytes for Chunk::new
# Possible reasons:
#   The system is out of physical RAM or swap space
#   In 32 bit mode, the process size limit was hit
# Possible solutions:
#   Reduce memory load on the system
#   Increase physical memory or swap space
#   Check if swap backing store is full
#   Use 64 bit Java on a 64 bit OS
#   Decrease Java heap size (-Xmx/-Xms)
#   Decrease number of Java threads
#   Decrease Java thread stack sizes (-Xss)
#   Set larger code cache with -XX:ReservedCodeCacheSize=
# This output file may be truncated or incomplete.
#
#  Out of Memory Error (allocation.cpp:390), pid=5020, tid=3720
#
# JRE version: Java(TM) SE Runtime Environment (8.0_73-b02) (build 1.8.0_73-b02)
# Java VM: Java HotSpot(TM) 64-Bit Server VM (25.73-b02 mixed mode windows-amd64 compressed oops)
# Failed to write core dump. Minidumps are not enabled by default on client versions of Windows
#

---------------  T H R E A D  ---------------

Current thread (0x0000000054d1d800):  JavaThread "C2 CompilerThread1" daemon [_thread_in_native, id=3720, stack(0x0000000056760000,0x0000000056860000)]

Stack: [0x0000000056760000,0x0000000056860000]
[error occurred during error reporting (printing stack bounds), id 0xc0000005]

Native frames: (J=compiled Java code, j=interpreted, Vv=VM code, C=native code)


Current CompileTask:
C2:   2175 1117   !   4       com.android.dx.rop.code.BasicBlock::<init> (273 bytes)


---------------  P R O C E S S  ---------------

Java Threads: ( => current thread )
  0x0000000056ae2000 JavaThread "pool-1-thread-4" [_thread_blocked, id=7788, stack(0x00000000578b0000,0x00000000579b0000)]
  0x0000000056ae0800 JavaThread "pool-1-thread-3" [_thread_blocked, id=7176, stack(0x0000000057710000,0x0000000057810000)]
  0x00000000569c4000 JavaThread "pool-1-thread-2" [_thread_in_Java, id=6700, stack(0x0000000057530000,0x0000000057630000)]
  0x000000005699e000 JavaThread "pool-2-thread-1" [_thread_blocked, id=8796, stack(0x0000000057320000,0x0000000057420000)]
  0x000000005699d800 JavaThread "pool-1-thread-1" [_thread_blocked, id=6664, stack(0x0000000057080000,0x0000000057180000)]
  0x00000000568eb000 JavaThread "Service Thread" daemon [_thread_blocked, id=5152, stack(0x0000000056d60000,0x0000000056e60000)]
  0x0000000054d1f000 JavaThread "C1 CompilerThread2" daemon [_thread_in_vm, id=8568, stack(0x00000000565d0000,0x00000000566d0000)]
=>0x0000000054d1d800 JavaThread "C2 CompilerThread1" daemon [_thread_in_native, id=3720, stack(0x0000000056760000,0x0000000056860000)]
  0x0000000054d16800 JavaThread "C2 CompilerThread0" daemon [_thread_blocked, id=8724, stack(0x00000000564c0000,0x00000000565c0000)]
  0x0000000054d0f000 JavaThread "Attach Listener" daemon [_thread_blocked, id=8728, stack(0x0000000056230000,0x0000000056330000)]
  0x0000000054d0d800 JavaThread "Signal Dispatcher" daemon [_thread_blocked, id=7848, stack(0x0000000056330000,0x0000000056430000)]
  0x0000000054cb7000 JavaThread "Finalizer" daemon [_thread_blocked, id=2668, stack(0x0000000056080000,0x0000000056180000)]
  0x0000000054cb0000 JavaThread "Reference Handler" daemon [_thread_blocked, id=8472, stack(0x0000000055f60000,0x0000000056060000)]
  0x0000000001eae000 JavaThread "main" [_thread_blocked, id=8160, stack(0x0000000002140000,0x0000000002240000)]

Other Threads:
  0x0000000054caa800 VMThread [stack: 0x0000000055dc0000,0x0000000055ec0000] [id=8640]
  0x0000000056904000 WatcherThread [stack: 0x0000000056f70000,0x0000000057070000] [id=7256]

VM state:not at safepoint (normal execution)

VM Mutex/Monitor currently owned by a thread: None

Heap:
 PSYoungGen      total 38400K, used 27972K [0x00000000eab00000, 0x00000000ed580000, 0x0000000100000000)
  eden space 33280K, 84% used [0x00000000eab00000,0x00000000ec651218,0x00000000ecb80000)
  from space 5120K, 0% used [0x00000000ed080000,0x00000000ed080000,0x00000000ed580000)
  to   space 5120K, 0% used [0x00000000ecb80000,0x00000000ecb80000,0x00000000ed080000)
 ParOldGen       total 87552K, used 0K [0x00000000c0000000, 0x00000000c5580000, 0x00000000eab00000)
  object space 87552K, 0% used [0x00000000c0000000,0x00000000c0000000,0x00000000c5580000)
 Metaspace       used 5675K, capacity 6832K, committed 7040K, reserved 1056768K
  class space    used 574K, capacity 616K, committed 640K, reserved 1048576K

Card table byte_map: [0x00000000118d0000,0x0000000011ae0000] byte_map_base: 0x00000000112d0000

Marking Bits: (ParMarkBitMap*) 0x0000000067f60600
 Begin Bits: [0x0000000012120000, 0x0000000013120000)
 End Bits:   [0x0000000013120000, 0x0000000014120000)

Polling page: 0x00000000000c0000

CodeCache: size=245760Kb used=4442Kb max_used=4442Kb free=241317Kb
 bounds [0x0000000002510000, 0x0000000002970000, 0x0000000011510000]
 total_blobs=1380 nmethods=1120 adapters=174
 compilation: enabled

Compilation events (10 events):
Event: 2.166 Thread 0x0000000054d1f000 1113       3       java.util.TreeMap::values (27 bytes)
Event: 2.166 Thread 0x0000000054d1f000 nmethod 1113 0x000000000295d450 code [0x000000000295d5c0, 0x000000000295d910]
Event: 2.166 Thread 0x0000000054d1f000 1114   !   3       com.android.dx.cf.code.OneLocalsArray::set (106 bytes)
Event: 2.167 Thread 0x0000000054d1f000 nmethod 1114 0x0000000002965d50 code [0x0000000002965fa0, 0x0000000002966d98]
Event: 2.167 Thread 0x0000000054d1f000 1112       1       com.android.dx.rop.annotation.NameValuePair::getName (5 bytes)
Event: 2.167 Thread 0x0000000054d1f000 nmethod 1112 0x000000000295d190 code [0x000000000295d2e0, 0x000000000295d3f0]
Event: 2.173 Thread 0x0000000054d1d800 1117   !   4       com.android.dx.rop.code.BasicBlock::<init> (273 bytes)
Event: 2.173 Thread 0x0000000054d1f000 1116       3       com.android.dx.ssa.SsaMethod::buildUseList (112 bytes)
Event: 2.174 Thread 0x0000000054d1f000 nmethod 1116 0x0000000002967410 code [0x00000000029676a0, 0x0000000002968978]
Event: 2.174 Thread 0x0000000054d1f000 1115       3       com.android.dx.rop.code.RegisterSpecSet::intersect (117 bytes)

GC Heap History (0 events):
No events

Deoptimization events (8 events):
Event: 0.916 Thread 0x0000000056ae2000 Uncommon trap: reason=class_check action=maybe_recompile pc=0x00000000026ade40 method=com.android.dx.rop.cst.CstMemberRef.compareTo0(Lcom/android/dx/rop/cst/Constant;)I @ 1
Event: 0.929 Thread 0x0000000056ae2000 Uncommon trap: reason=class_check action=maybe_recompile pc=0x00000000026ade40 method=com.android.dx.rop.cst.CstMemberRef.compareTo0(Lcom/android/dx/rop/cst/Constant;)I @ 1
Event: 0.929 Thread 0x0000000056ae2000 Uncommon trap: reason=class_check action=maybe_recompile pc=0x00000000026ade40 method=com.android.dx.rop.cst.CstMemberRef.compareTo0(Lcom/android/dx/rop/cst/Constant;)I @ 1
Event: 0.929 Thread 0x0000000056ae2000 Uncommon trap: reason=unstable_if action=reinterpret pc=0x000000000271dd4c method=java.util.HashMap.getNode(ILjava/lang/Object;)Ljava/util/HashMap$Node; @ 129
Event: 0.939 Thread 0x00000000569c4000 Uncommon trap: reason=class_check action=maybe_recompile pc=0x00000000026ade40 method=com.android.dx.rop.cst.CstMemberRef.compareTo0(Lcom/android/dx/rop/cst/Constant;)I @ 1
Event: 0.940 Thread 0x0000000056ae2000 Uncommon trap: reason=unstable_if action=reinterpret pc=0x00000000026b9504 method=com.android.dx.rop.cst.CstFieldRef.compareTo0(Lcom/android/dx/rop/cst/Constant;)I @ 7
Event: 1.302 Thread 0x00000000569c4000 Uncommon trap: reason=unstable_if action=reinterpret pc=0x000000000275a860 method=java.util.BitSet.nextSetBit(I)I @ 87
Event: 1.306 Thread 0x00000000569c4000 Uncommon trap: reason=unstable_if action=reinterpret pc=0x0000000002899bac method=com.android.dx.rop.code.RegisterSpec.withReg(I)Lcom/android/dx/rop/code/RegisterSpec; @ 5

Internal exceptions (2 events):
Event: 0.219 Thread 0x0000000001eae000 Exception <a 'java/lang/NoSuchMethodError': Method sun.misc.Unsafe.defineClass(Ljava/lang/String;[BII)Ljava/lang/Class; name or signature does not match> (0x00000000eab13118) thrown at [D:\re\puppet\workspace\8-2-build-windows-amd64-cygwin\jdk8u73\6086\hotйщ#VМ?
Event: 0.220 Thread 0x0000000001eae000 Exception <a 'java/lang/NoSuchMethodError': Method sun.misc.Unsafe.prefetchRead(Ljava/lang/Object;J)V name or signature does not match> (0x00000000eab13400) thrown at [D:\re\puppet\workspace\8-2-build-windows-amd64-cygwin\jdk8u73\6086\hotspot\src\share\vm\

Events (10 events):
Event: 1.302 Thread 0x00000000569c4000 Uncommon trap: trap_request=0xffffff65 fr.pc=0x000000000275a860
Event: 1.302 Thread 0x00000000569c4000 DEOPT PACKING pc=0x000000000275a860 sp=0x000000005762e810
Event: 1.302 Thread 0x00000000569c4000 DEOPT UNPACKING pc=0x000000000255582a sp=0x000000005762e7a8 mode 2
Event: 1.306 Thread 0x00000000569c4000 Uncommon trap: trap_request=0xffffff65 fr.pc=0x0000000002899bac
Event: 1.306 Thread 0x00000000569c4000 DEOPT PACKING pc=0x0000000002899bac sp=0x000000005762e690
Event: 1.306 Thread 0x00000000569c4000 DEOPT UNPACKING pc=0x000000000255582a sp=0x000000005762e5c0 mode 2
Event: 1.765 Thread 0x0000000056ae0800 DEOPT PACKING pc=0x00000000028f5235 sp=0x000000005780e9d0
Event: 1.765 Thread 0x0000000056ae0800 DEOPT UNPACKING pc=0x000000000255747f sp=0x000000005780e768 mode 0
Event: 1.923 Executing VM operation: ForceSafepoint
Event: 1.923 Executing VM operation: ForceSafepoint done


Dynamic libraries:
0x000000013f3e0000 - 0x000000013f417000 	C:\Program Files\Java\jdk1.8.0_73\bin\java.exe
0x0000000077600000 - 0x00000000777aa000 	C:\Windows\SYSTEM32\ntdll.dll
0x00000000774e0000 - 0x00000000775ff000 	C:\Windows\system32\kernel32.dll
0x000007fefd4d0000 - 0x000007fefd53a000 	C:\Windows\system32\KERNELBASE.dll
0x000007fefdc30000 - 0x000007fefdd0b000 	C:\Windows\system32\ADVAPI32.dll
0x000007fefdd10000 - 0x000007fefddaf000 	C:\Windows\system32\msvcrt.dll
0x000007fefdf60000 - 0x000007fefdf7f000 	C:\Windows\SYSTEM32\sechost.dll
0x000007feff3d0000 - 0x000007feff4fd000 	C:\Windows\system32\RPCRT4.dll
0x00000000773e0000 - 0x00000000774da000 	C:\Windows\system32\USER32.dll
0x000007fefe4e0000 - 0x000007fefe547000 	C:\Windows\system32\GDI32.dll
0x000007fefe230000 - 0x000007fefe23e000 	C:\Windows\system32\LPK.dll
0x000007feff2e0000 - 0x000007feff3aa000 	C:\Windows\system32\USP10.dll
0x000007fefbe00000 - 0x000007fefbff4000 	C:\Windows\WinSxS\amd64_microsoft.windows.common-controls_6595b64144ccf1df_6.0.7601.17514_none_fa396087175ac9ac\COMCTL32.dll
0x000007fefddb0000 - 0x000007fefde21000 	C:\Windows\system32\SHLWAPI.dll
0x000007fefdf80000 - 0x000007fefdfae000 	C:\Windows\system32\IMM32.DLL
0x000007fefe240000 - 0x000007fefe349000 	C:\Windows\system32\MSCTF.dll
0x0000000067fe0000 - 0x00000000680b2000 	C:\Program Files\Java\jdk1.8.0_73\jre\bin\msvcr100.dll
0x0000000067750000 - 0x0000000067fe0000 	C:\Program Files\Java\jdk1.8.0_73\jre\bin\server\jvm.dll
0x000007fefb0e0000 - 0x000007fefb0e9000 	C:\Windows\system32\WSOCK32.dll
0x000007fefdf10000 - 0x000007fefdf5d000 	C:\Windows\system32\WS2_32.dll
0x000007fefe220000 - 0x000007fefe228000 	C:\Windows\system32\NSI.dll
0x000007fefac90000 - 0x000007fefaccb000 	C:\Windows\system32\WINMM.dll
0x000007fefc490000 - 0x000007fefc49c000 	C:\Windows\system32\VERSION.dll
0x00000000777d0000 - 0x00000000777d7000 	C:\Windows\system32\PSAPI.DLL
0x000000006bc10000 - 0x000000006bc1f000 	C:\Program Files\Java\jdk1.8.0_73\jre\bin\verify.dll
0x000000006b220000 - 0x000000006b249000 	C:\Program Files\Java\jdk1.8.0_73\jre\bin\java.dll
0x000000006bbb0000 - 0x000000006bbc6000 	C:\Program Files\Java\jdk1.8.0_73\jre\bin\zip.dll
0x000007fefe550000 - 0x000007feff2d8000 	C:\Windows\system32\SHELL32.dll
0x000007fefdfb0000 - 0x000007fefe1b3000 	C:\Windows\system32\ole32.dll
0x000007fefd3c0000 - 0x000007fefd3cf000 	C:\Windows\system32\profapi.dll

VM Arguments:
jvm_args: -Djava.awt.headless=true -Xmx1024M -Dfile.encoding=windows-1251 -Duser.country=RU -Duser.language=ru -Duser.variant 
java_command: com.android.dx.command.Main --dex --force-jumbo --num-threads=4 --output D:\Programming\AndroidAppsCode\SpaceCenter\app\build\intermediates\pre-dexed\debug\main_44cb2dcd5fba246a5dfa739be527caf432c5af58.jar D:\Programming\AndroidAppsCode\SpaceCenter\app\build\intermediates\transforms\instantRun\debug\folders\1\5\main
java_class_path (initial): D:\AndroidStudio\build-tools\25.0.1\lib\dx.jar
Launcher Type: SUN_STANDARD

Environment Variables:
JAVA_HOME=C:\Program Files\Java\jdk1.8.0_73
PATH=C:\ProgramData\Oracle\Java\javapath;C:\Program Files (x86)\Common Files\Microsoft Shared\Windows Live;C:\Program Files (x86)\PC Connectivity Solution\;C:\Windows\system32;C:\Windows;C:\Windows\System32\Wbem;C:\Windows\System32\WindowsPowerShell\v1.0\;C:\Program Files (x86)\Microsoft SQL Server\100\Tools\Binn\;C:\Program Files\Microsoft SQL Server\100\Tools\Binn\;C:\Program Files\Microsoft SQL Server\100\DTS\Binn\;C:\Program Files (x86)\NVIDIA Corporation\PhysX\Common;C:\Program Files (x86)\Skype\Phone\;C:\Program Files\Java\jdk1.8.0_73\bin;C:\Program Files\Git\cmd;C:\sqlite;C:\Program Files\Common Files\Microsoft Shared\Windows Live
USERNAME=Администратор
OS=Windows_NT
PROCESSOR_IDENTIFIER=Intel64 Family 6 Model 30 Stepping 5, GenuineIntel



---------------  S Y S T E M  ---------------

OS: Windows 7 , 64 bit Build 7601 (6.1.7601.23418)

CPU:total 4 (4 cores per cpu, 1 threads per core) family 6 model 30 stepping 5, cmov, cx8, fxsr, mmx, sse, sse2, sse3, ssse3, sse4.1, sse4.2, popcnt, tsc, tscinvbit

Memory: 4k page, physical 8379448k(696280k free), swap 10474740k(5048k free)

vm_info: Java HotSpot(TM) 64-Bit Server VM (25.73-b02) for windows-amd64 JRE (1.8.0_73-b02), built on Jan 29 2016 17:38:49 by "java_re" with MS VC++ 10.0 (VS2010)

time: Sun Dec 25 09:00:58 2016
elapsed time: 2 seconds (0d 0h 0m 2s)

