#
# There is insufficient memory for the Java Runtime Environment to continue.
# Native memory allocation (malloc) failed to allocate 867536 bytes for Chunk::new
# Possible reasons:
#   The system is out of physical RAM or swap space
#   In 32 bit mode, the process size limit was hit
# Possible solutions:
#   Reduce memory load on the system
#   Increase physical memory or swap space
#   Check if swap backing store is full
#   Use 64 bit Java on a 64 bit OS
#   Decrease Java heap size (-Xmx/-Xms)
#   Decrease number of Java threads
#   Decrease Java thread stack sizes (-Xss)
#   Set larger code cache with -XX:ReservedCodeCacheSize=
# This output file may be truncated or incomplete.
#
#  Out of Memory Error (allocation.cpp:390), pid=9196, tid=5484
#
# JRE version: Java(TM) SE Runtime Environment (8.0_73-b02) (build 1.8.0_73-b02)
# Java VM: Java HotSpot(TM) 64-Bit Server VM (25.73-b02 mixed mode windows-amd64 compressed oops)
# Failed to write core dump. Minidumps are not enabled by default on client versions of Windows
#

---------------  T H R E A D  ---------------

Current thread (0x0000000054f15000):  JavaThread "C2 CompilerThread1" daemon [_thread_in_native, id=5484, stack(0x0000000056380000,0x0000000056480000)]

Stack: [0x0000000056380000,0x0000000056480000]
[error occurred during error reporting (printing stack bounds), id 0xc0000005]

Native frames: (J=compiled Java code, j=interpreted, Vv=VM code, C=native code)


Current CompileTask:
C2:  13712 1874       4       com.android.dx.ssa.SsaConverter::placePhiFunctions (394 bytes)


---------------  P R O C E S S  ---------------

Java Threads: ( => current thread )
  0x0000000056bd8000 JavaThread "pool-1-thread-4" [_thread_blocked, id=6264, stack(0x0000000056d70000,0x0000000056e70000)]
  0x0000000057104800 JavaThread "pool-1-thread-3" [_thread_blocked, id=8252, stack(0x0000000057e90000,0x0000000057f90000)]
  0x0000000057103800 JavaThread "pool-1-thread-2" [_thread_blocked, id=6924, stack(0x0000000057cd0000,0x0000000057dd0000)]
  0x0000000056bba800 JavaThread "pool-2-thread-1" [_thread_blocked, id=7376, stack(0x0000000057ac0000,0x0000000057bc0000)]
  0x0000000056bbd000 JavaThread "pool-1-thread-1" [_thread_blocked, id=7336, stack(0x00000000579c0000,0x0000000057ac0000)]
  0x0000000056980800 JavaThread "Service Thread" daemon [_thread_blocked, id=6772, stack(0x0000000056e80000,0x0000000056f80000)]
  0x0000000054f16000 JavaThread "C1 CompilerThread2" daemon [_thread_blocked, id=6348, stack(0x0000000056800000,0x0000000056900000)]
=>0x0000000054f15000 JavaThread "C2 CompilerThread1" daemon [_thread_in_native, id=5484, stack(0x0000000056380000,0x0000000056480000)]
  0x0000000054f11000 JavaThread "C2 CompilerThread0" daemon [_thread_blocked, id=7716, stack(0x0000000056630000,0x0000000056730000)]
  0x0000000054f0b000 JavaThread "Attach Listener" daemon [_thread_blocked, id=6932, stack(0x0000000056140000,0x0000000056240000)]
  0x0000000054f1f000 JavaThread "Signal Dispatcher" daemon [_thread_blocked, id=3948, stack(0x0000000056480000,0x0000000056580000)]
  0x0000000054eb1000 JavaThread "Finalizer" daemon [_thread_blocked, id=3660, stack(0x0000000056240000,0x0000000056340000)]
  0x0000000054eaf800 JavaThread "Reference Handler" daemon [_thread_blocked, id=6288, stack(0x0000000055e30000,0x0000000055f30000)]
  0x0000000001ece000 JavaThread "main" [_thread_blocked, id=7420, stack(0x00000000021a0000,0x00000000022a0000)]

Other Threads:
  0x0000000054eaa000 VMThread [stack: 0x0000000055fc0000,0x00000000560c0000] [id=5864]
  0x0000000056992000 WatcherThread [stack: 0x0000000056fc0000,0x00000000570c0000] [id=7684]

VM state:not at safepoint (normal execution)

VM Mutex/Monitor currently owned by a thread: None

Heap:
 PSYoungGen      total 38400K, used 17357K [0x00000000eab00000, 0x00000000ef600000, 0x0000000100000000)
  eden space 33280K, 36% used [0x00000000eab00000,0x00000000eb6fb688,0x00000000ecb80000)
  from space 5120K, 99% used [0x00000000ecb80000,0x00000000ed078048,0x00000000ed080000)
  to   space 5120K, 0% used [0x00000000ef100000,0x00000000ef100000,0x00000000ef600000)
 ParOldGen       total 87552K, used 8231K [0x00000000c0000000, 0x00000000c5580000, 0x00000000eab00000)
  object space 87552K, 9% used [0x00000000c0000000,0x00000000c0809c88,0x00000000c5580000)
 Metaspace       used 6154K, capacity 7152K, committed 7296K, reserved 1056768K
  class space    used 591K, capacity 616K, committed 640K, reserved 1048576K

Card table byte_map: [0x0000000011930000,0x0000000011b40000] byte_map_base: 0x0000000011330000

Marking Bits: (ParMarkBitMap*) 0x0000000067e00600
 Begin Bits: [0x0000000012320000, 0x0000000013320000)
 End Bits:   [0x0000000013320000, 0x0000000014320000)

Polling page: 0x0000000000330000

CodeCache: size=245760Kb used=8673Kb max_used=8689Kb free=237086Kb
 bounds [0x0000000002570000, 0x0000000002e00000, 0x0000000011570000]
 total_blobs=2125 nmethods=1862 adapters=176
 compilation: enabled

Compilation events (10 events):
Event: 13.547 Thread 0x0000000054f16000 nmethod 1871 0x0000000002db4450 code [0x0000000002db45c0, 0x0000000002db47e8]
Event: 13.549 Thread 0x0000000054f11000 nmethod 1869 0x0000000002de4fd0 code [0x0000000002de5120, 0x0000000002de52f8]
Event: 13.549 Thread 0x0000000054f11000 1872       4       com.android.dx.cf.code.BasicBlocker::getBlockList (208 bytes)
Event: 13.550 Thread 0x0000000054f15000 nmethod 1867 0x0000000002de4a90 code [0x0000000002de4c00, 0x0000000002de4db8]
Event: 13.550 Thread 0x0000000054f15000 1873       4       com.android.dx.rop.code.RegisterSpec::getType (10 bytes)
Event: 13.551 Thread 0x0000000054f15000 nmethod 1873 0x0000000002c70390 code [0x0000000002c704c0, 0x0000000002c70538]
Event: 13.551 Thread 0x0000000054f15000 1868       4       com.android.dx.cf.code.OneLocalsArray::copy (5 bytes)
Event: 13.554 Thread 0x0000000054f15000 nmethod 1868 0x0000000002def190 code [0x0000000002def2e0, 0x0000000002def578]
Event: 13.557 Thread 0x0000000054f15000 1874       4       com.android.dx.ssa.SsaConverter::placePhiFunctions (394 bytes)
Event: 13.593 Thread 0x0000000054f11000 nmethod 1872 0x0000000002df2390 code [0x0000000002df25a0, 0x0000000002df3a78]

GC Heap History (6 events):
Event: 4.642 GC heap before
{Heap before GC invocations=1 (full 0):
 PSYoungGen      total 38400K, used 33280K [0x00000000eab00000, 0x00000000ed580000, 0x0000000100000000)
  eden space 33280K, 100% used [0x00000000eab00000,0x00000000ecb80000,0x00000000ecb80000)
  from space 5120K, 0% used [0x00000000ed080000,0x00000000ed080000,0x00000000ed580000)
  to   space 5120K, 0% used [0x00000000ecb80000,0x00000000ecb80000,0x00000000ed080000)
 ParOldGen       total 87552K, used 0K [0x00000000c0000000, 0x00000000c5580000, 0x00000000eab00000)
  object space 87552K, 0% used [0x00000000c0000000,0x00000000c0000000,0x00000000c5580000)
 Metaspace       used 5863K, capacity 6896K, committed 7040K, reserved 1056768K
  class space    used 586K, capacity 616K, committed 640K, reserved 1048576K
Event: 4.682 GC heap after
Heap after GC invocations=1 (full 0):
 PSYoungGen      total 38400K, used 5012K [0x00000000eab00000, 0x00000000ed580000, 0x0000000100000000)
  eden space 33280K, 0% used [0x00000000eab00000,0x00000000eab00000,0x00000000ecb80000)
  from space 5120K, 97% used [0x00000000ecb80000,0x00000000ed065198,0x00000000ed080000)
  to   space 5120K, 0% used [0x00000000ed080000,0x00000000ed080000,0x00000000ed580000)
 ParOldGen       total 87552K, used 0K [0x00000000c0000000, 0x00000000c5580000, 0x00000000eab00000)
  object space 87552K, 0% used [0x00000000c0000000,0x00000000c0000000,0x00000000c5580000)
 Metaspace       used 5863K, capacity 6896K, committed 7040K, reserved 1056768K
  class space    used 586K, capacity 616K, committed 640K, reserved 1048576K
}
Event: 6.292 GC heap before
{Heap before GC invocations=2 (full 0):
 PSYoungGen      total 38400K, used 38292K [0x00000000eab00000, 0x00000000ed580000, 0x0000000100000000)
  eden space 33280K, 100% used [0x00000000eab00000,0x00000000ecb80000,0x00000000ecb80000)
  from space 5120K, 97% used [0x00000000ecb80000,0x00000000ed065198,0x00000000ed080000)
  to   space 5120K, 0% used [0x00000000ed080000,0x00000000ed080000,0x00000000ed580000)
 ParOldGen       total 87552K, used 0K [0x00000000c0000000, 0x00000000c5580000, 0x00000000eab00000)
  object space 87552K, 0% used [0x00000000c0000000,0x00000000c0000000,0x00000000c5580000)
 Metaspace       used 6037K, capacity 7024K, committed 7296K, reserved 1056768K
  class space    used 590K, capacity 616K, committed 640K, reserved 1048576K
Event: 6.323 GC heap after
Heap after GC invocations=2 (full 0):
 PSYoungGen      total 38400K, used 5114K [0x00000000eab00000, 0x00000000ef600000, 0x0000000100000000)
  eden space 33280K, 0% used [0x00000000eab00000,0x00000000eab00000,0x00000000ecb80000)
  from space 5120K, 99% used [0x00000000ed080000,0x00000000ed57eac8,0x00000000ed580000)
  to   space 5120K, 0% used [0x00000000ecb80000,0x00000000ecb80000,0x00000000ed080000)
 ParOldGen       total 87552K, used 3197K [0x00000000c0000000, 0x00000000c5580000, 0x00000000eab00000)
  object space 87552K, 3% used [0x00000000c0000000,0x00000000c031f460,0x00000000c5580000)
 Metaspace       used 6037K, capacity 7024K, committed 7296K, reserved 1056768K
  class space    used 590K, capacity 616K, committed 640K, reserved 1048576K
}
Event: 9.170 GC heap before
{Heap before GC invocations=3 (full 0):
 PSYoungGen      total 38400K, used 38394K [0x00000000eab00000, 0x00000000ef600000, 0x0000000100000000)
  eden space 33280K, 100% used [0x00000000eab00000,0x00000000ecb80000,0x00000000ecb80000)
  from space 5120K, 99% used [0x00000000ed080000,0x00000000ed57eac8,0x00000000ed580000)
  to   space 5120K, 0% used [0x00000000ecb80000,0x00000000ecb80000,0x00000000ed080000)
 ParOldGen       total 87552K, used 3197K [0x00000000c0000000, 0x00000000c5580000, 0x00000000eab00000)
  object space 87552K, 3% used [0x00000000c0000000,0x00000000c031f460,0x00000000c5580000)
 Metaspace       used 6138K, capacity 7152K, committed 7296K, reserved 1056768K
  class space    used 591K, capacity 616K, committed 640K, reserved 1048576K
Event: 9.185 GC heap after
Heap after GC invocations=3 (full 0):
 PSYoungGen      total 38400K, used 5088K [0x00000000eab00000, 0x00000000ef600000, 0x0000000100000000)
  eden space 33280K, 0% used [0x00000000eab00000,0x00000000eab00000,0x00000000ecb80000)
  from space 5120K, 99% used [0x00000000ecb80000,0x00000000ed078048,0x00000000ed080000)
  to   space 5120K, 0% used [0x00000000ef100000,0x00000000ef100000,0x00000000ef600000)
 ParOldGen       total 87552K, used 8231K [0x00000000c0000000, 0x00000000c5580000, 0x00000000eab00000)
  object space 87552K, 9% used [0x00000000c0000000,0x00000000c0809c88,0x00000000c5580000)
 Metaspace       used 6138K, capacity 7152K, committed 7296K, reserved 1056768K
  class space    used 591K, capacity 616K, committed 640K, reserved 1048576K
}

Deoptimization events (10 events):
Event: 8.493 Thread 0x0000000056bd8000 Uncommon trap: reason=bimorphic action=maybe_recompile pc=0x0000000002c9b77c method=com.android.dx.cf.code.BytecodeArray.parseInstruction(ILcom/android/dx/cf/code/BytecodeArray$Visitor;)I @ 1130
Event: 8.494 Thread 0x0000000056bd8000 Uncommon trap: reason=bimorphic action=maybe_recompile pc=0x0000000002c9b77c method=com.android.dx.cf.code.BytecodeArray.parseInstruction(ILcom/android/dx/cf/code/BytecodeArray$Visitor;)I @ 1130
Event: 8.494 Thread 0x0000000056bd8000 Uncommon trap: reason=unstable_if action=reinterpret pc=0x0000000002b69c74 method=com.android.dx.rop.code.RegisterSpecSet.localItemToSpec(Lcom/android/dx/rop/code/LocalItem;)Lcom/android/dx/rop/code/RegisterSpec; @ 35
Event: 8.499 Thread 0x0000000056bd8000 Uncommon trap: reason=null_check action=make_not_entrant pc=0x0000000002c711a4 method=com.android.dx.rop.type.Type.equals(Ljava/lang/Object;)Z @ 8
Event: 8.499 Thread 0x0000000056bd8000 Uncommon trap: reason=null_check action=make_not_entrant pc=0x0000000002b61e8c method=com.android.dx.rop.type.Type.equals(Ljava/lang/Object;)Z @ 8
Event: 8.666 Thread 0x0000000056bd8000 Uncommon trap: reason=unstable_if action=reinterpret pc=0x0000000002c1ee0c method=com.android.dx.rop.code.RegisterSpecSet.localItemToSpec(Lcom/android/dx/rop/code/LocalItem;)Lcom/android/dx/rop/code/RegisterSpec; @ 35
Event: 8.670 Thread 0x0000000056bd8000 Uncommon trap: reason=unstable_if action=reinterpret pc=0x0000000002cb676c method=com.android.dx.cf.code.Ropper.isSynchronized()Z @ 12
Event: 9.154 Thread 0x0000000057103800 Uncommon trap: reason=unstable_if action=reinterpret pc=0x0000000002d41ac0 method=com.android.dx.cf.code.Ropper.processBlock(Lcom/android/dx/cf/code/ByteBlock;Lcom/android/dx/cf/code/Frame;[I)V @ 413
Event: 9.154 Thread 0x0000000057103800 Uncommon trap: reason=unstable_if action=reinterpret pc=0x0000000002c1a22c method=com.android.dx.util.IntList.binarysearch(I)I @ 105
Event: 9.154 Thread 0x0000000057103800 Uncommon trap: reason=unstable_if action=reinterpret pc=0x0000000002c3d508 method=com.android.dx.ssa.SsaBasicBlock.newFromRop(Lcom/android/dx/rop/code/RopMethod;ILcom/android/dx/ssa/SsaMethod;)Lcom/android/dx/ssa/SsaBasicBlock; @ 164

Internal exceptions (6 events):
Event: 0.287 Thread 0x0000000001ece000 Exception <a 'java/lang/NoSuchMethodError': Method sun.misc.Unsafe.defineClass(Ljava/lang/String;[BII)Ljava/lang/Class; name or signature does not match> (0x00000000eab13118) thrown at [D:\re\puppet\workspace\8-2-build-windows-amd64-cygwin\jdk8u73\6086\hoty«øžÝ\Ò?
Event: 0.287 Thread 0x0000000001ece000 Exception <a 'java/lang/NoSuchMethodError': Method sun.misc.Unsafe.prefetchRead(Ljava/lang/Object;J)V name or signature does not match> (0x00000000eab13400) thrown at [D:\re\puppet\workspace\8-2-build-windows-amd64-cygwin\jdk8u73\6086\hotspot\src\share\vm\ZÓÆ×ë9@
Event: 6.557 Thread 0x0000000057103800 Implicit null exception at 0x0000000002a1b134 to 0x0000000002a1bf11
Event: 8.253 Thread 0x0000000057103800 Implicit null exception at 0x0000000002c7eee8 to 0x0000000002c83911
Event: 8.499 Thread 0x0000000056bd8000 Implicit null exception at 0x0000000002c70ea7 to 0x0000000002c71191
Event: 8.499 Thread 0x0000000056bd8000 Implicit null exception at 0x0000000002b61d8a to 0x0000000002b61e7f

Events (10 events):
Event: 9.154 Thread 0x0000000057103800 Uncommon trap: trap_request=0xffffff65 fr.pc=0x0000000002c1a22c
Event: 9.154 Thread 0x0000000057103800 DEOPT PACKING pc=0x0000000002c1a22c sp=0x0000000057dcea10
Event: 9.154 Thread 0x0000000057103800 DEOPT UNPACKING pc=0x00000000025b582a sp=0x0000000057dce930 mode 2
Event: 9.154 Thread 0x0000000057103800 Uncommon trap: trap_request=0xffffff65 fr.pc=0x0000000002c3d508
Event: 9.154 Thread 0x0000000057103800 DEOPT PACKING pc=0x0000000002c3d508 sp=0x0000000057dce8e0
Event: 9.154 Thread 0x0000000057103800 DEOPT UNPACKING pc=0x00000000025b582a sp=0x0000000057dce8e8 mode 2
Event: 9.170 Executing VM operation: ParallelGCFailedAllocation
Event: 9.185 Executing VM operation: ParallelGCFailedAllocation done
Event: 13.555 Thread 0x0000000056bbd000 DEOPT PACKING pc=0x00000000029d3708 sp=0x0000000057abebe0
Event: 13.555 Thread 0x0000000056bbd000 DEOPT UNPACKING pc=0x00000000025b747f sp=0x0000000057abea10 mode 0


Dynamic libraries:
0x000000013fa00000 - 0x000000013fa37000 	C:\Program Files\Java\jdk1.8.0_73\bin\java.exe
0x0000000077600000 - 0x00000000777aa000 	C:\Windows\SYSTEM32\ntdll.dll
0x00000000774e0000 - 0x00000000775ff000 	C:\Windows\system32\kernel32.dll
0x000007fefd4d0000 - 0x000007fefd53a000 	C:\Windows\system32\KERNELBASE.dll
0x000007fefdc30000 - 0x000007fefdd0b000 	C:\Windows\system32\ADVAPI32.dll
0x000007fefdd10000 - 0x000007fefddaf000 	C:\Windows\system32\msvcrt.dll
0x000007fefdf60000 - 0x000007fefdf7f000 	C:\Windows\SYSTEM32\sechost.dll
0x000007feff3d0000 - 0x000007feff4fd000 	C:\Windows\system32\RPCRT4.dll
0x00000000773e0000 - 0x00000000774da000 	C:\Windows\system32\USER32.dll
0x000007fefe4e0000 - 0x000007fefe547000 	C:\Windows\system32\GDI32.dll
0x000007fefe230000 - 0x000007fefe23e000 	C:\Windows\system32\LPK.dll
0x000007feff2e0000 - 0x000007feff3aa000 	C:\Windows\system32\USP10.dll
0x000007fefbe00000 - 0x000007fefbff4000 	C:\Windows\WinSxS\amd64_microsoft.windows.common-controls_6595b64144ccf1df_6.0.7601.17514_none_fa396087175ac9ac\COMCTL32.dll
0x000007fefddb0000 - 0x000007fefde21000 	C:\Windows\system32\SHLWAPI.dll
0x000007fefdf80000 - 0x000007fefdfae000 	C:\Windows\system32\IMM32.DLL
0x000007fefe240000 - 0x000007fefe349000 	C:\Windows\system32\MSCTF.dll
0x000000006b480000 - 0x000000006b552000 	C:\Program Files\Java\jdk1.8.0_73\jre\bin\msvcr100.dll
0x00000000675f0000 - 0x0000000067e80000 	C:\Program Files\Java\jdk1.8.0_73\jre\bin\server\jvm.dll
0x000007fefb0e0000 - 0x000007fefb0e9000 	C:\Windows\system32\WSOCK32.dll
0x000007fefdf10000 - 0x000007fefdf5d000 	C:\Windows\system32\WS2_32.dll
0x000007fefe220000 - 0x000007fefe228000 	C:\Windows\system32\NSI.dll
0x000007fefac90000 - 0x000007fefaccb000 	C:\Windows\system32\WINMM.dll
0x000007fefc490000 - 0x000007fefc49c000 	C:\Windows\system32\VERSION.dll
0x00000000777d0000 - 0x00000000777d7000 	C:\Windows\system32\PSAPI.DLL
0x0000000072310000 - 0x000000007231f000 	C:\Program Files\Java\jdk1.8.0_73\jre\bin\verify.dll
0x00000000722e0000 - 0x0000000072309000 	C:\Program Files\Java\jdk1.8.0_73\jre\bin\java.dll
0x00000000722c0000 - 0x00000000722d6000 	C:\Program Files\Java\jdk1.8.0_73\jre\bin\zip.dll
0x000007fefe550000 - 0x000007feff2d8000 	C:\Windows\system32\SHELL32.dll
0x000007fefdfb0000 - 0x000007fefe1b3000 	C:\Windows\system32\ole32.dll
0x000007fefd3c0000 - 0x000007fefd3cf000 	C:\Windows\system32\profapi.dll

VM Arguments:
jvm_args: -Djava.awt.headless=true -Xmx1024M -Dfile.encoding=windows-1251 -Duser.country=RU -Duser.language=ru -Duser.variant 
java_command: com.android.dx.command.Main --dex --force-jumbo --num-threads=4 --output D:\Programming\AndroidAppsCode\SpaceCenter\app\build\intermediates\pre-dexed\debug\com.android.support-support-compat-25.1.0_d2dbef538861efdc575586442fa8b0101f56822a.jar D:\Programming\AndroidAppsCode\SpaceCenter\app\build\intermediates\exploded-aar\com.android.support\support-compat\25.1.0\jars\classes.jar
java_class_path (initial): D:\AndroidStudio\build-tools\25.0.1\lib\dx.jar
Launcher Type: SUN_STANDARD

Environment Variables:
JAVA_HOME=C:\Program Files\Java\jdk1.8.0_73
PATH=C:\ProgramData\Oracle\Java\javapath;C:\Program Files (x86)\Common Files\Microsoft Shared\Windows Live;C:\Program Files (x86)\PC Connectivity Solution\;C:\Windows\system32;C:\Windows;C:\Windows\System32\Wbem;C:\Windows\System32\WindowsPowerShell\v1.0\;C:\Program Files (x86)\Microsoft SQL Server\100\Tools\Binn\;C:\Program Files\Microsoft SQL Server\100\Tools\Binn\;C:\Program Files\Microsoft SQL Server\100\DTS\Binn\;C:\Program Files (x86)\NVIDIA Corporation\PhysX\Common;C:\Program Files (x86)\Skype\Phone\;C:\Program Files\Java\jdk1.8.0_73\bin;C:\Program Files\Git\cmd;C:\sqlite;C:\Program Files\Common Files\Microsoft Shared\Windows Live
USERNAME=Àäìèíèñòðàòîð
OS=Windows_NT
PROCESSOR_IDENTIFIER=Intel64 Family 6 Model 30 Stepping 5, GenuineIntel



---------------  S Y S T E M  ---------------

OS: Windows 7 , 64 bit Build 7601 (6.1.7601.23418)

CPU:total 4 (4 cores per cpu, 1 threads per core) family 6 model 30 stepping 5, cmov, cx8, fxsr, mmx, sse, sse2, sse3, ssse3, sse4.1, sse4.2, popcnt, tsc, tscinvbit

Memory: 4k page, physical 8379448k(829764k free), swap 10474740k(5460k free)

vm_info: Java HotSpot(TM) 64-Bit Server VM (25.73-b02) for windows-amd64 JRE (1.8.0_73-b02), built on Jan 29 2016 17:38:49 by "java_re" with MS VC++ 10.0 (VS2010)

time: Sun Dec 25 11:21:35 2016
elapsed time: 13 seconds (0d 0h 0m 13s)

