#
# There is insufficient memory for the Java Runtime Environment to continue.
# Native memory allocation (malloc) failed to allocate 275216 bytes for Chunk::new
# Possible reasons:
#   The system is out of physical RAM or swap space
#   In 32 bit mode, the process size limit was hit
# Possible solutions:
#   Reduce memory load on the system
#   Increase physical memory or swap space
#   Check if swap backing store is full
#   Use 64 bit Java on a 64 bit OS
#   Decrease Java heap size (-Xmx/-Xms)
#   Decrease number of Java threads
#   Decrease Java thread stack sizes (-Xss)
#   Set larger code cache with -XX:ReservedCodeCacheSize=
# This output file may be truncated or incomplete.
#
#  Out of Memory Error (allocation.cpp:390), pid=8676, tid=9120
#
# JRE version: Java(TM) SE Runtime Environment (8.0_73-b02) (build 1.8.0_73-b02)
# Java VM: Java HotSpot(TM) 64-Bit Server VM (25.73-b02 mixed mode windows-amd64 compressed oops)
# Failed to write core dump. Minidumps are not enabled by default on client versions of Windows
#

---------------  T H R E A D  ---------------

Current thread (0x0000000054f06000):  JavaThread "C2 CompilerThread0" daemon [_thread_in_native, id=9120, stack(0x0000000056600000,0x0000000056700000)]

Stack: [0x0000000056600000,0x0000000056700000]
[error occurred during error reporting (printing stack bounds), id 0xc0000005]

Native frames: (J=compiled Java code, j=interpreted, Vv=VM code, C=native code)


Current CompileTask:
C2:   2340 1316   !   4       com.android.dx.cf.code.BytecodeArray::parseInstruction (2764 bytes)


---------------  P R O C E S S  ---------------

Java Threads: ( => current thread )
  0x0000000056acc000 JavaThread "pool-1-thread-4" [_thread_blocked, id=8444, stack(0x0000000057d60000,0x0000000057e60000)]
  0x0000000056a1f800 JavaThread "pool-1-thread-3" [_thread_blocked, id=4940, stack(0x0000000057bb0000,0x0000000057cb0000)]
  0x0000000056a1b800 JavaThread "pool-1-thread-2" [_thread_in_Java, id=8084, stack(0x0000000057aa0000,0x0000000057ba0000)]
  0x0000000056a19000 JavaThread "pool-2-thread-1" [_thread_blocked, id=8436, stack(0x0000000057940000,0x0000000057a40000)]
  0x0000000056a17000 JavaThread "pool-1-thread-1" [_thread_blocked, id=4896, stack(0x0000000056cd0000,0x0000000056dd0000)]
  0x0000000056759000 JavaThread "Service Thread" daemon [_thread_blocked, id=8824, stack(0x0000000056dd0000,0x0000000056ed0000)]
  0x0000000056758000 JavaThread "C1 CompilerThread2" daemon [_thread_blocked, id=9172, stack(0x0000000056b50000,0x0000000056c50000)]
  0x0000000056757800 JavaThread "C2 CompilerThread1" daemon [_thread_blocked, id=8844, stack(0x00000000564c0000,0x00000000565c0000)]
=>0x0000000054f06000 JavaThread "C2 CompilerThread0" daemon [_thread_in_native, id=9120, stack(0x0000000056600000,0x0000000056700000)]
  0x0000000054efe800 JavaThread "Attach Listener" daemon [_thread_blocked, id=9112, stack(0x0000000056070000,0x0000000056170000)]
  0x0000000054efd800 JavaThread "Signal Dispatcher" daemon [_thread_blocked, id=8708, stack(0x0000000056320000,0x0000000056420000)]
  0x0000000054ea6800 JavaThread "Finalizer" daemon [_thread_blocked, id=9132, stack(0x00000000561d0000,0x00000000562d0000)]
  0x0000000054e9f800 JavaThread "Reference Handler" daemon [_thread_blocked, id=9124, stack(0x0000000055e10000,0x0000000055f10000)]
  0x0000000001fbe000 JavaThread "main" [_thread_blocked, id=8764, stack(0x0000000002290000,0x0000000002390000)]

Other Threads:
  0x0000000054e9a000 VMThread [stack: 0x0000000055f60000,0x0000000056060000] [id=8660]
  0x000000005676c800 WatcherThread [stack: 0x0000000056ee0000,0x0000000056fe0000] [id=8000]

VM state:not at safepoint (normal execution)

VM Mutex/Monitor currently owned by a thread: None

Heap:
 PSYoungGen      total 38400K, used 16709K [0x00000000eab00000, 0x00000000ef600000, 0x0000000100000000)
  eden space 33280K, 35% used [0x00000000eab00000,0x00000000eb698f88,0x00000000ecb80000)
  from space 5120K, 94% used [0x00000000ecb80000,0x00000000ed0387c8,0x00000000ed080000)
  to   space 5120K, 0% used [0x00000000ef100000,0x00000000ef100000,0x00000000ef600000)
 ParOldGen       total 87552K, used 16K [0x00000000c0000000, 0x00000000c5580000, 0x00000000eab00000)
  object space 87552K, 0% used [0x00000000c0000000,0x00000000c0004000,0x00000000c5580000)
 Metaspace       used 5938K, capacity 6960K, committed 7040K, reserved 1056768K
  class space    used 589K, capacity 616K, committed 640K, reserved 1048576K

Card table byte_map: [0x0000000011a20000,0x0000000011c30000] byte_map_base: 0x0000000011420000

Marking Bits: (ParMarkBitMap*) 0x0000000067f60600
 Begin Bits: [0x0000000012310000, 0x0000000013310000)
 End Bits:   [0x0000000013310000, 0x0000000014310000)

Polling page: 0x0000000000230000

CodeCache: size=245760Kb used=5161Kb max_used=5175Kb free=240598Kb
 bounds [0x0000000002660000, 0x0000000002b80000, 0x0000000011660000]
 total_blobs=1575 nmethods=1313 adapters=176
 compilation: enabled

Compilation events (10 events):
Event: 2.193 Thread 0x0000000056758000 nmethod 1311 0x0000000002b6a250 code [0x0000000002b6a3c0, 0x0000000002b6a6c8]
Event: 2.193 Thread 0x0000000056758000 1312       3       com.android.dx.rop.code.AccessFlags::isPrivate (12 bytes)
Event: 2.193 Thread 0x0000000056758000 nmethod 1312 0x0000000002b625d0 code [0x0000000002b62720, 0x0000000002b628b0]
Event: 2.193 Thread 0x0000000056758000 1315       3       com.android.dx.ssa.SsaRenamer$BlockRenamer::visitPhiInsn (6 bytes)
Event: 2.193 Thread 0x0000000056758000 nmethod 1315 0x0000000002b6a790 code [0x0000000002b6a900, 0x0000000002b6aa88]
Event: 2.218 Thread 0x0000000054f06000 nmethod 1314 0x0000000002b6ea50 code [0x0000000002b6ec40, 0x0000000002b6ff18]
Event: 2.218 Thread 0x0000000054f06000 1307       4       com.android.dx.ssa.SsaInsn::<init> (29 bytes)
Event: 2.219 Thread 0x0000000054f06000 nmethod 1307 0x0000000002b39c50 code [0x0000000002b39d80, 0x0000000002b39e18]
Event: 2.223 Thread 0x0000000056757800 nmethod 1305 0x0000000002b70f90 code [0x0000000002b71140, 0x0000000002b71b38]
Event: 2.255 Thread 0x0000000054f06000 1316   !   4       com.android.dx.cf.code.BytecodeArray::parseInstruction (2764 bytes)

GC Heap History (2 events):
Event: 1.568 GC heap before
{Heap before GC invocations=1 (full 0):
 PSYoungGen      total 38400K, used 33280K [0x00000000eab00000, 0x00000000ed580000, 0x0000000100000000)
  eden space 33280K, 100% used [0x00000000eab00000,0x00000000ecb80000,0x00000000ecb80000)
  from space 5120K, 0% used [0x00000000ed080000,0x00000000ed080000,0x00000000ed580000)
  to   space 5120K, 0% used [0x00000000ecb80000,0x00000000ecb80000,0x00000000ed080000)
 ParOldGen       total 87552K, used 0K [0x00000000c0000000, 0x00000000c5580000, 0x00000000eab00000)
  object space 87552K, 0% used [0x00000000c0000000,0x00000000c0000000,0x00000000c5580000)
 Metaspace       used 5834K, capacity 6896K, committed 7040K, reserved 1056768K
  class space    used 585K, capacity 616K, committed 640K, reserved 1048576K
Event: 1.725 GC heap after
Heap after GC invocations=1 (full 0):
 PSYoungGen      total 38400K, used 4833K [0x00000000eab00000, 0x00000000ef600000, 0x0000000100000000)
  eden space 33280K, 0% used [0x00000000eab00000,0x00000000eab00000,0x00000000ecb80000)
  from space 5120K, 94% used [0x00000000ecb80000,0x00000000ed0387c8,0x00000000ed080000)
  to   space 5120K, 0% used [0x00000000ef100000,0x00000000ef100000,0x00000000ef600000)
 ParOldGen       total 87552K, used 16K [0x00000000c0000000, 0x00000000c5580000, 0x00000000eab00000)
  object space 87552K, 0% used [0x00000000c0000000,0x00000000c0004000,0x00000000c5580000)
 Metaspace       used 5834K, capacity 6896K, committed 7040K, reserved 1056768K
  class space    used 585K, capacity 616K, committed 640K, reserved 1048576K
}

Deoptimization events (10 events):
Event: 1.439 Thread 0x0000000056a1f800 Uncommon trap: reason=unstable_if action=reinterpret pc=0x00000000028bdca0 method=java.util.HashMap.getNode(ILjava/lang/Object;)Ljava/util/HashMap$Node; @ 129
Event: 1.509 Thread 0x0000000056a17000 Uncommon trap: reason=unstable_if action=reinterpret pc=0x00000000028692a0 method=java.util.BitSet.nextSetBit(I)I @ 87
Event: 1.986 Thread 0x0000000001fbe000 Uncommon trap: reason=unstable_if action=reinterpret pc=0x0000000002aa978c method=com.android.dx.ssa.SsaMethod.updateOneDefinition(Lcom/android/dx/ssa/SsaInsn;Lcom/android/dx/rop/code/RegisterSpec;)V @ 4
Event: 1.987 Thread 0x0000000056a1b800 Uncommon trap: reason=class_check action=maybe_recompile pc=0x0000000002a57a54 method=com.android.dx.rop.type.Type.equals(Ljava/lang/Object;)Z @ 8
Event: 1.987 Thread 0x0000000056a1b800 Uncommon trap: reason=class_check action=maybe_recompile pc=0x0000000002a57a54 method=com.android.dx.rop.type.Type.equals(Ljava/lang/Object;)Z @ 8
Event: 1.988 Thread 0x0000000056a1b800 Uncommon trap: reason=class_check action=maybe_recompile pc=0x0000000002a57a54 method=com.android.dx.rop.type.Type.equals(Ljava/lang/Object;)Z @ 8
Event: 1.988 Thread 0x0000000056a1b800 Uncommon trap: reason=class_check action=maybe_recompile pc=0x0000000002a57a54 method=com.android.dx.rop.type.Type.equals(Ljava/lang/Object;)Z @ 8
Event: 1.988 Thread 0x0000000056a1b800 Uncommon trap: reason=class_check action=maybe_recompile pc=0x0000000002915ddc method=com.android.dx.rop.type.Type.equals(Ljava/lang/Object;)Z @ 8
Event: 1.988 Thread 0x0000000056acc000 Uncommon trap: reason=class_check action=maybe_recompile pc=0x000000000293d02c method=com.android.dx.rop.type.Type.equals(Ljava/lang/Object;)Z @ 8
Event: 2.103 Thread 0x0000000056acc000 Uncommon trap: reason=unstable_if action=reinterpret pc=0x000000000290af44 method=com.android.dx.rop.cst.Constant.compareTo(Lcom/android/dx/rop/cst/Constant;)I @ 12

Internal exceptions (2 events):
Event: 0.085 Thread 0x0000000001fbe000 Exception <a 'java/lang/NoSuchMethodError': Method sun.misc.Unsafe.defineClass(Ljava/lang/String;[BII)Ljava/lang/Class; name or signature does not match> (0x00000000eab13118) thrown at [D:\re\puppet\workspace\8-2-build-windows-amd64-cygwin\jdk8u73\6086\hotґиµКµ?
Event: 0.085 Thread 0x0000000001fbe000 Exception <a 'java/lang/NoSuchMethodError': Method sun.misc.Unsafe.prefetchRead(Ljava/lang/Object;J)V name or signature does not match> (0x00000000eab13400) thrown at [D:\re\puppet\workspace\8-2-build-windows-amd64-cygwin\jdk8u73\6086\hotspot\src\share\vm\

Events (10 events):
Event: 1.993 loading class java/util/HashMap$ValueIterator done
Event: 2.002 loading class java/util/TreeMap$EntrySet
Event: 2.002 loading class java/util/TreeMap$EntrySet done
Event: 2.002 loading class java/util/TreeMap$EntryIterator
Event: 2.002 loading class java/util/TreeMap$EntryIterator done
Event: 2.002 Executing VM operation: Deoptimize
Event: 2.004 Executing VM operation: Deoptimize done
Event: 2.103 Thread 0x0000000056acc000 Uncommon trap: trap_request=0xffffff65 fr.pc=0x000000000290af44
Event: 2.103 Thread 0x0000000056acc000 DEOPT PACKING pc=0x000000000290af44 sp=0x0000000057e5e450
Event: 2.103 Thread 0x0000000056acc000 DEOPT UNPACKING pc=0x00000000026a582a sp=0x0000000057e5e3f0 mode 2


Dynamic libraries:
0x000000013f3e0000 - 0x000000013f417000 	C:\Program Files\Java\jdk1.8.0_73\bin\java.exe
0x0000000077600000 - 0x00000000777aa000 	C:\Windows\SYSTEM32\ntdll.dll
0x00000000774e0000 - 0x00000000775ff000 	C:\Windows\system32\kernel32.dll
0x000007fefd4d0000 - 0x000007fefd53a000 	C:\Windows\system32\KERNELBASE.dll
0x000007fefdc30000 - 0x000007fefdd0b000 	C:\Windows\system32\ADVAPI32.dll
0x000007fefdd10000 - 0x000007fefddaf000 	C:\Windows\system32\msvcrt.dll
0x000007fefdf60000 - 0x000007fefdf7f000 	C:\Windows\SYSTEM32\sechost.dll
0x000007feff3d0000 - 0x000007feff4fd000 	C:\Windows\system32\RPCRT4.dll
0x00000000773e0000 - 0x00000000774da000 	C:\Windows\system32\USER32.dll
0x000007fefe4e0000 - 0x000007fefe547000 	C:\Windows\system32\GDI32.dll
0x000007fefe230000 - 0x000007fefe23e000 	C:\Windows\system32\LPK.dll
0x000007feff2e0000 - 0x000007feff3aa000 	C:\Windows\system32\USP10.dll
0x000007fefbe00000 - 0x000007fefbff4000 	C:\Windows\WinSxS\amd64_microsoft.windows.common-controls_6595b64144ccf1df_6.0.7601.17514_none_fa396087175ac9ac\COMCTL32.dll
0x000007fefddb0000 - 0x000007fefde21000 	C:\Windows\system32\SHLWAPI.dll
0x000007fefdf80000 - 0x000007fefdfae000 	C:\Windows\system32\IMM32.DLL
0x000007fefe240000 - 0x000007fefe349000 	C:\Windows\system32\MSCTF.dll
0x0000000067fe0000 - 0x00000000680b2000 	C:\Program Files\Java\jdk1.8.0_73\jre\bin\msvcr100.dll
0x0000000067750000 - 0x0000000067fe0000 	C:\Program Files\Java\jdk1.8.0_73\jre\bin\server\jvm.dll
0x000007fefb0e0000 - 0x000007fefb0e9000 	C:\Windows\system32\WSOCK32.dll
0x000007fefdf10000 - 0x000007fefdf5d000 	C:\Windows\system32\WS2_32.dll
0x000007fefe220000 - 0x000007fefe228000 	C:\Windows\system32\NSI.dll
0x000007fefac90000 - 0x000007fefaccb000 	C:\Windows\system32\WINMM.dll
0x000007fefc490000 - 0x000007fefc49c000 	C:\Windows\system32\VERSION.dll
0x00000000777d0000 - 0x00000000777d7000 	C:\Windows\system32\PSAPI.DLL
0x000000006bc10000 - 0x000000006bc1f000 	C:\Program Files\Java\jdk1.8.0_73\jre\bin\verify.dll
0x000000006b220000 - 0x000000006b249000 	C:\Program Files\Java\jdk1.8.0_73\jre\bin\java.dll
0x000000006bbb0000 - 0x000000006bbc6000 	C:\Program Files\Java\jdk1.8.0_73\jre\bin\zip.dll
0x000007fefe550000 - 0x000007feff2d8000 	C:\Windows\system32\SHELL32.dll
0x000007fefdfb0000 - 0x000007fefe1b3000 	C:\Windows\system32\ole32.dll
0x000007fefd3c0000 - 0x000007fefd3cf000 	C:\Windows\system32\profapi.dll

VM Arguments:
jvm_args: -Djava.awt.headless=true -Xmx1024M -Dfile.encoding=windows-1251 -Duser.country=RU -Duser.language=ru -Duser.variant 
java_command: com.android.dx.command.Main --dex --force-jumbo --num-threads=4 --output D:\Programming\AndroidAppsCode\SpaceCenter\app\build\intermediates\pre-dexed\debug\com.android.support-support-compat-25.1.0_d2dbef538861efdc575586442fa8b0101f56822a.jar D:\Programming\AndroidAppsCode\SpaceCenter\app\build\intermediates\exploded-aar\com.android.support\support-compat\25.1.0\jars\classes.jar
java_class_path (initial): D:\AndroidStudio\build-tools\25.0.1\lib\dx.jar
Launcher Type: SUN_STANDARD

Environment Variables:
JAVA_HOME=C:\Program Files\Java\jdk1.8.0_73
PATH=C:\ProgramData\Oracle\Java\javapath;C:\Program Files (x86)\Common Files\Microsoft Shared\Windows Live;C:\Program Files (x86)\PC Connectivity Solution\;C:\Windows\system32;C:\Windows;C:\Windows\System32\Wbem;C:\Windows\System32\WindowsPowerShell\v1.0\;C:\Program Files (x86)\Microsoft SQL Server\100\Tools\Binn\;C:\Program Files\Microsoft SQL Server\100\Tools\Binn\;C:\Program Files\Microsoft SQL Server\100\DTS\Binn\;C:\Program Files (x86)\NVIDIA Corporation\PhysX\Common;C:\Program Files (x86)\Skype\Phone\;C:\Program Files\Java\jdk1.8.0_73\bin;C:\Program Files\Git\cmd;C:\sqlite;C:\Program Files\Common Files\Microsoft Shared\Windows Live
USERNAME=Администратор
OS=Windows_NT
PROCESSOR_IDENTIFIER=Intel64 Family 6 Model 30 Stepping 5, GenuineIntel



---------------  S Y S T E M  ---------------

OS: Windows 7 , 64 bit Build 7601 (6.1.7601.23418)

CPU:total 4 (4 cores per cpu, 1 threads per core) family 6 model 30 stepping 5, cmov, cx8, fxsr, mmx, sse, sse2, sse3, ssse3, sse4.1, sse4.2, popcnt, tsc, tscinvbit

Memory: 4k page, physical 8379448k(773424k free), swap 10474740k(5344k free)

vm_info: Java HotSpot(TM) 64-Bit Server VM (25.73-b02) for windows-amd64 JRE (1.8.0_73-b02), built on Jan 29 2016 17:38:49 by "java_re" with MS VC++ 10.0 (VS2010)

time: Sun Dec 25 09:01:00 2016
elapsed time: 2 seconds (0d 0h 0m 2s)

