#
# There is insufficient memory for the Java Runtime Environment to continue.
# Native memory allocation (malloc) failed to allocate 533776 bytes for Chunk::new
# Possible reasons:
#   The system is out of physical RAM or swap space
#   In 32 bit mode, the process size limit was hit
# Possible solutions:
#   Reduce memory load on the system
#   Increase physical memory or swap space
#   Check if swap backing store is full
#   Use 64 bit Java on a 64 bit OS
#   Decrease Java heap size (-Xmx/-Xms)
#   Decrease number of Java threads
#   Decrease Java thread stack sizes (-Xss)
#   Set larger code cache with -XX:ReservedCodeCacheSize=
# This output file may be truncated or incomplete.
#
#  Out of Memory Error (allocation.cpp:390), pid=4792, tid=4888
#
# JRE version: Java(TM) SE Runtime Environment (8.0_73-b02) (build 1.8.0_73-b02)
# Java VM: Java HotSpot(TM) 64-Bit Server VM (25.73-b02 mixed mode windows-amd64 compressed oops)
# Failed to write core dump. Minidumps are not enabled by default on client versions of Windows
#

---------------  T H R E A D  ---------------

Current thread (0x000000005688a800):  JavaThread "C2 CompilerThread1" daemon [_thread_in_native, id=4888, stack(0x0000000056230000,0x0000000056330000)]

Stack: [0x0000000056230000,0x0000000056330000]
[error occurred during error reporting (printing stack bounds), id 0xc0000005]

Native frames: (J=compiled Java code, j=interpreted, Vv=VM code, C=native code)


Current CompileTask:
C2:   2801 1388       4       com.android.dx.ssa.LiteralOpUpgrader$1::visitNonMoveInsn (203 bytes)


---------------  P R O C E S S  ---------------

Java Threads: ( => current thread )
  0x0000000056ad1800 JavaThread "pool-1-thread-4" [_thread_blocked, id=8032, stack(0x0000000057880000,0x0000000057980000)]
  0x0000000056a9e800 JavaThread "pool-1-thread-3" [_thread_blocked, id=6316, stack(0x0000000057640000,0x0000000057740000)]
  0x0000000056a9a800 JavaThread "pool-1-thread-2" [_thread_blocked, id=8360, stack(0x0000000057490000,0x0000000057590000)]
  0x00000000569d5800 JavaThread "pool-2-thread-1" [_thread_blocked, id=5048, stack(0x0000000057030000,0x0000000057130000)]
  0x00000000569cc000 JavaThread "pool-1-thread-1" [_thread_blocked, id=2168, stack(0x0000000057290000,0x0000000057390000)]
  0x0000000056895000 JavaThread "Service Thread" daemon [_thread_blocked, id=6404, stack(0x0000000056e90000,0x0000000056f90000)]
  0x0000000056893800 JavaThread "C1 CompilerThread2" daemon [_thread_blocked, id=8716, stack(0x0000000056ce0000,0x0000000056de0000)]
=>0x000000005688a800 JavaThread "C2 CompilerThread1" daemon [_thread_in_native, id=4888, stack(0x0000000056230000,0x0000000056330000)]
  0x0000000054d36000 JavaThread "C2 CompilerThread0" daemon [_thread_in_native, id=4108, stack(0x0000000056740000,0x0000000056840000)]
  0x0000000054d2f800 JavaThread "Attach Listener" daemon [_thread_blocked, id=7536, stack(0x0000000056560000,0x0000000056660000)]
  0x0000000054d2e000 JavaThread "Signal Dispatcher" daemon [_thread_blocked, id=6228, stack(0x0000000056390000,0x0000000056490000)]
  0x0000000054cd6800 JavaThread "Finalizer" daemon [_thread_blocked, id=8760, stack(0x0000000055dd0000,0x0000000055ed0000)]
  0x0000000054ccf800 JavaThread "Reference Handler" daemon [_thread_blocked, id=8748, stack(0x0000000056050000,0x0000000056150000)]
  0x00000000001ae000 JavaThread "main" [_thread_blocked, id=6344, stack(0x00000000020a0000,0x00000000021a0000)]

Other Threads:
  0x0000000054cca000 VMThread [stack: 0x0000000055f10000,0x0000000056010000] [id=2792]
  0x00000000568ae000 WatcherThread [stack: 0x0000000057170000,0x0000000057270000] [id=6324]

VM state:not at safepoint (normal execution)

VM Mutex/Monitor currently owned by a thread: None

Heap:
 PSYoungGen      total 38400K, used 17905K [0x00000000eab00000, 0x00000000ef600000, 0x0000000100000000)
  eden space 33280K, 38% used [0x00000000eab00000,0x00000000eb781650,0x00000000ecb80000)
  from space 5120K, 99% used [0x00000000ecb80000,0x00000000ed07ae18,0x00000000ed080000)
  to   space 5120K, 0% used [0x00000000ef100000,0x00000000ef100000,0x00000000ef600000)
 ParOldGen       total 87552K, used 1154K [0x00000000c0000000, 0x00000000c5580000, 0x00000000eab00000)
  object space 87552K, 1% used [0x00000000c0000000,0x00000000c0120be8,0x00000000c5580000)
 Metaspace       used 5996K, capacity 7024K, committed 7296K, reserved 1056768K
  class space    used 590K, capacity 616K, committed 640K, reserved 1048576K

Card table byte_map: [0x0000000011830000,0x0000000011a40000] byte_map_base: 0x0000000011230000

Marking Bits: (ParMarkBitMap*) 0x0000000067e00600
 Begin Bits: [0x0000000012140000, 0x0000000013140000)
 End Bits:   [0x0000000013140000, 0x0000000014140000)

Polling page: 0x0000000000130000

CodeCache: size=245760Kb used=5744Kb max_used=5744Kb free=240015Kb
 bounds [0x0000000002470000, 0x0000000002a10000, 0x0000000011470000]
 total_blobs=1655 nmethods=1392 adapters=176
 compilation: disabled (not enough contiguous free space left)

Compilation events (10 events):
Event: 2.791 Thread 0x0000000056893800 1394       1       com.android.dx.rop.code.ThrowingInsn::getCatches (5 bytes)
Event: 2.791 Thread 0x0000000056893800 nmethod 1394 0x00000000029fce50 code [0x00000000029fcfa0, 0x00000000029fd0b0]
Event: 2.791 Thread 0x0000000056893800 1396       3       com.android.dx.rop.code.RegisterSpecList::make (17 bytes)
Event: 2.792 Thread 0x0000000056893800 nmethod 1396 0x0000000002a0e890 code [0x0000000002a0ea60, 0x0000000002a0f2e8]
Event: 2.792 Thread 0x0000000056893800 1397       3       java.util.TreeMap$EntryIterator::next (5 bytes)
Event: 2.792 Thread 0x0000000056893800 nmethod 1397 0x0000000002a04010 code [0x0000000002a04180, 0x0000000002a04468]
Event: 2.792 Thread 0x0000000056893800 1398       3       java.util.TreeMap$EntryIterator::next (5 bytes)
Event: 2.792 Thread 0x0000000056893800 nmethod 1398 0x0000000002a0f910 code [0x0000000002a0fa80, 0x0000000002a0fc88]
Event: 2.792 Thread 0x0000000056893800 1400       3       java.util.TreeMap$PrivateEntryIterator::<init> (28 bytes)
Event: 2.794 Thread 0x0000000056893800 


GC Heap History (2 events):
Event: 1.623 GC heap before
{Heap before GC invocations=1 (full 0):
 PSYoungGen      total 38400K, used 33280K [0x00000000eab00000, 0x00000000ed580000, 0x0000000100000000)
  eden space 33280K, 100% used [0x00000000eab00000,0x00000000ecb80000,0x00000000ecb80000)
  from space 5120K, 0% used [0x00000000ed080000,0x00000000ed080000,0x00000000ed580000)
  to   space 5120K, 0% used [0x00000000ecb80000,0x00000000ecb80000,0x00000000ed080000)
 ParOldGen       total 87552K, used 0K [0x00000000c0000000, 0x00000000c5580000, 0x00000000eab00000)
  object space 87552K, 0% used [0x00000000c0000000,0x00000000c0000000,0x00000000c5580000)
 Metaspace       used 5875K, capacity 6960K, committed 7040K, reserved 1056768K
  class space    used 590K, capacity 616K, committed 640K, reserved 1048576K
Event: 1.678 GC heap after
Heap after GC invocations=1 (full 0):
 PSYoungGen      total 38400K, used 5099K [0x00000000eab00000, 0x00000000ef600000, 0x0000000100000000)
  eden space 33280K, 0% used [0x00000000eab00000,0x00000000eab00000,0x00000000ecb80000)
  from space 5120K, 99% used [0x00000000ecb80000,0x00000000ed07ae18,0x00000000ed080000)
  to   space 5120K, 0% used [0x00000000ef100000,0x00000000ef100000,0x00000000ef600000)
 ParOldGen       total 87552K, used 1154K [0x00000000c0000000, 0x00000000c5580000, 0x00000000eab00000)
  object space 87552K, 1% used [0x00000000c0000000,0x00000000c0120be8,0x00000000c5580000)
 Metaspace       used 5875K, capacity 6960K, committed 7040K, reserved 1056768K
  class space    used 590K, capacity 616K, committed 640K, reserved 1048576K
}

Deoptimization events (10 events):
Event: 0.956 Thread 0x0000000056a9a800 Uncommon trap: reason=class_check action=maybe_recompile pc=0x0000000002715ebc method=com.android.dx.ssa.NormalSsaInsn.accept(Lcom/android/dx/ssa/SsaInsn$Visitor;)V @ 9
Event: 1.159 Thread 0x00000000569cc000 Uncommon trap: reason=unstable_if action=reinterpret pc=0x00000000027b32dc method=com.android.dx.rop.code.RegisterSpec.equals(ILcom/android/dx/rop/type/TypeBearer;Lcom/android/dx/rop/code/LocalItem;)Z @ 16
Event: 1.159 Thread 0x00000000569cc000 Uncommon trap: reason=class_check action=maybe_recompile pc=0x000000000270dce4 method=com.android.dx.rop.type.Type.equals(Ljava/lang/Object;)Z @ 8
Event: 1.159 Thread 0x00000000569cc000 Uncommon trap: reason=unstable_if action=reinterpret pc=0x000000000270dcc8 method=com.android.dx.rop.code.RegisterSpec.equals(ILcom/android/dx/rop/type/TypeBearer;Lcom/android/dx/rop/code/LocalItem;)Z @ 16
Event: 1.159 Thread 0x00000000569cc000 Uncommon trap: reason=unstable_if action=reinterpret pc=0x00000000027571bc method=com.android.dx.rop.code.RegisterSpec.equals(ILcom/android/dx/rop/type/TypeBearer;Lcom/android/dx/rop/code/LocalItem;)Z @ 16
Event: 1.160 Thread 0x00000000569cc000 Uncommon trap: reason=unstable_if action=reinterpret pc=0x00000000026b3ce4 method=java.util.BitSet.ensureCapacity(I)V @ 6
Event: 2.642 Thread 0x0000000056a9a800 Uncommon trap: reason=bimorphic action=maybe_recompile pc=0x000000000293d934 method=com.android.dx.cf.code.BytecodeArray.parseInstruction(ILcom/android/dx/cf/code/BytecodeArray$Visitor;)I @ 2484
Event: 2.642 Thread 0x0000000056a9a800 Uncommon trap: reason=bimorphic action=maybe_recompile pc=0x000000000293d934 method=com.android.dx.cf.code.BytecodeArray.parseInstruction(ILcom/android/dx/cf/code/BytecodeArray$Visitor;)I @ 2484
Event: 2.650 Thread 0x0000000056a9a800 Uncommon trap: reason=unstable_if action=reinterpret pc=0x0000000002674e58 method=java.util.HashMap.getNode(ILjava/lang/Object;)Ljava/util/HashMap$Node; @ 62
Event: 2.793 Thread 0x0000000056a9a800 Uncommon trap: reason=unstable_if action=reinterpret pc=0x00000000029c3fd4 method=com.android.dx.ssa.SCCP.simulateStmt(Lcom/android/dx/ssa/SsaInsn;)V @ 59

Internal exceptions (2 events):
Event: 0.240 Thread 0x00000000001ae000 Exception <a 'java/lang/NoSuchMethodError': Method sun.misc.Unsafe.defineClass(Ljava/lang/String;[BII)Ljava/lang/Class; name or signature does not match> (0x00000000eab12de8) thrown at [D:\re\puppet\workspace\8-2-build-windows-amd64-cygwin\jdk8u73\6086\hotÅâ›
´ØŒ?
Event: 0.240 Thread 0x00000000001ae000 Exception <a 'java/lang/NoSuchMethodError': Method sun.misc.Unsafe.prefetchRead(Ljava/lang/Object;J)V name or signature does not match> (0x00000000eab130d0) thrown at [D:\re\puppet\workspace\8-2-build-windows-amd64-cygwin\jdk8u73\6086\hotspot\src\share\vm\

Events (10 events):
Event: 2.642 Thread 0x0000000056a9a800 DEOPT UNPACKING pc=0x00000000024b582a sp=0x000000005758ee58 mode 2
Event: 2.642 Thread 0x0000000056a9a800 Uncommon trap: trap_request=0xffffffc6 fr.pc=0x000000000293d934
Event: 2.642 Thread 0x0000000056a9a800 DEOPT PACKING pc=0x000000000293d934 sp=0x000000005758ec90
Event: 2.642 Thread 0x0000000056a9a800 DEOPT UNPACKING pc=0x00000000024b582a sp=0x000000005758ec18 mode 2
Event: 2.650 Thread 0x0000000056a9a800 Uncommon trap: trap_request=0xffffff65 fr.pc=0x0000000002674e58
Event: 2.650 Thread 0x0000000056a9a800 DEOPT PACKING pc=0x0000000002674e58 sp=0x000000005758eea0
Event: 2.650 Thread 0x0000000056a9a800 DEOPT UNPACKING pc=0x00000000024b582a sp=0x000000005758edb0 mode 2
Event: 2.793 Thread 0x0000000056a9a800 Uncommon trap: trap_request=0xffffff65 fr.pc=0x00000000029c3fd4
Event: 2.793 Thread 0x0000000056a9a800 DEOPT PACKING pc=0x00000000029c3fd4 sp=0x000000005758eec0
Event: 2.793 Thread 0x0000000056a9a800 DEOPT UNPACKING pc=0x00000000024b582a sp=0x000000005758eeb8 mode 2


Dynamic libraries:
0x000000013fa00000 - 0x000000013fa37000 	C:\Program Files\Java\jdk1.8.0_73\bin\java.exe
0x0000000077600000 - 0x00000000777aa000 	C:\Windows\SYSTEM32\ntdll.dll
0x00000000774e0000 - 0x00000000775ff000 	C:\Windows\system32\kernel32.dll
0x000007fefd4d0000 - 0x000007fefd53a000 	C:\Windows\system32\KERNELBASE.dll
0x000007fefdc30000 - 0x000007fefdd0b000 	C:\Windows\system32\ADVAPI32.dll
0x000007fefdd10000 - 0x000007fefddaf000 	C:\Windows\system32\msvcrt.dll
0x000007fefdf60000 - 0x000007fefdf7f000 	C:\Windows\SYSTEM32\sechost.dll
0x000007feff3d0000 - 0x000007feff4fd000 	C:\Windows\system32\RPCRT4.dll
0x00000000773e0000 - 0x00000000774da000 	C:\Windows\system32\USER32.dll
0x000007fefe4e0000 - 0x000007fefe547000 	C:\Windows\system32\GDI32.dll
0x000007fefe230000 - 0x000007fefe23e000 	C:\Windows\system32\LPK.dll
0x000007feff2e0000 - 0x000007feff3aa000 	C:\Windows\system32\USP10.dll
0x000007fefbe00000 - 0x000007fefbff4000 	C:\Windows\WinSxS\amd64_microsoft.windows.common-controls_6595b64144ccf1df_6.0.7601.17514_none_fa396087175ac9ac\COMCTL32.dll
0x000007fefddb0000 - 0x000007fefde21000 	C:\Windows\system32\SHLWAPI.dll
0x000007fefdf80000 - 0x000007fefdfae000 	C:\Windows\system32\IMM32.DLL
0x000007fefe240000 - 0x000007fefe349000 	C:\Windows\system32\MSCTF.dll
0x000000006b480000 - 0x000000006b552000 	C:\Program Files\Java\jdk1.8.0_73\jre\bin\msvcr100.dll
0x00000000675f0000 - 0x0000000067e80000 	C:\Program Files\Java\jdk1.8.0_73\jre\bin\server\jvm.dll
0x000007fefb0e0000 - 0x000007fefb0e9000 	C:\Windows\system32\WSOCK32.dll
0x000007fefdf10000 - 0x000007fefdf5d000 	C:\Windows\system32\WS2_32.dll
0x000007fefe220000 - 0x000007fefe228000 	C:\Windows\system32\NSI.dll
0x000007fefac90000 - 0x000007fefaccb000 	C:\Windows\system32\WINMM.dll
0x000007fefc490000 - 0x000007fefc49c000 	C:\Windows\system32\VERSION.dll
0x00000000777d0000 - 0x00000000777d7000 	C:\Windows\system32\PSAPI.DLL
0x0000000072310000 - 0x000000007231f000 	C:\Program Files\Java\jdk1.8.0_73\jre\bin\verify.dll
0x00000000722e0000 - 0x0000000072309000 	C:\Program Files\Java\jdk1.8.0_73\jre\bin\java.dll
0x00000000722c0000 - 0x00000000722d6000 	C:\Program Files\Java\jdk1.8.0_73\jre\bin\zip.dll
0x000007fefe550000 - 0x000007feff2d8000 	C:\Windows\system32\SHELL32.dll
0x000007fefdfb0000 - 0x000007fefe1b3000 	C:\Windows\system32\ole32.dll
0x000007fefd3c0000 - 0x000007fefd3cf000 	C:\Windows\system32\profapi.dll

VM Arguments:
jvm_args: -Djava.awt.headless=true -Xmx1024M -Dfile.encoding=windows-1251 -Duser.country=RU -Duser.language=ru -Duser.variant 
java_command: com.android.dx.command.Main --dex --force-jumbo --num-threads=4 --output D:\Programming\AndroidAppsCode\SpaceCenter\app\build\intermediates\pre-dexed\debug\com.android.support-support-fragment-25.1.0_58dcc57b2cebb032977e83fb88a1ca10876149d2.jar D:\Programming\AndroidAppsCode\SpaceCenter\app\build\intermediates\exploded-aar\com.android.support\support-fragment\25.1.0\jars\classes.jar
java_class_path (initial): D:\AndroidStudio\build-tools\25.0.1\lib\dx.jar
Launcher Type: SUN_STANDARD

Environment Variables:
JAVA_HOME=C:\Program Files\Java\jdk1.8.0_73
PATH=C:\ProgramData\Oracle\Java\javapath;C:\Program Files (x86)\Common Files\Microsoft Shared\Windows Live;C:\Program Files (x86)\PC Connectivity Solution\;C:\Windows\system32;C:\Windows;C:\Windows\System32\Wbem;C:\Windows\System32\WindowsPowerShell\v1.0\;C:\Program Files (x86)\Microsoft SQL Server\100\Tools\Binn\;C:\Program Files\Microsoft SQL Server\100\Tools\Binn\;C:\Program Files\Microsoft SQL Server\100\DTS\Binn\;C:\Program Files (x86)\NVIDIA Corporation\PhysX\Common;C:\Program Files (x86)\Skype\Phone\;C:\Program Files\Java\jdk1.8.0_73\bin;C:\Program Files\Git\cmd;C:\sqlite;C:\Program Files\Common Files\Microsoft Shared\Windows Live
USERNAME=¿‰ÏËÌËÒÚ‡ÚÓ
OS=Windows_NT
PROCESSOR_IDENTIFIER=Intel64 Family 6 Model 30 Stepping 5, GenuineIntel



---------------  S Y S T E M  ---------------

OS: Windows 7 , 64 bit Build 7601 (6.1.7601.23418)

CPU:total 4 (4 cores per cpu, 1 threads per core) family 6 model 30 stepping 5, cmov, cx8, fxsr, mmx, sse, sse2, sse3, ssse3, sse4.1, sse4.2, popcnt, tsc, tscinvbit

Memory: 4k page, physical 8379448k(888144k free), swap 10474740k(4908k free)

vm_info: Java HotSpot(TM) 64-Bit Server VM (25.73-b02) for windows-amd64 JRE (1.8.0_73-b02), built on Jan 29 2016 17:38:49 by "java_re" with MS VC++ 10.0 (VS2010)

time: Sun Dec 25 11:21:40 2016
elapsed time: 2 seconds (0d 0h 0m 2s)

