#
# There is insufficient memory for the Java Runtime Environment to continue.
# Native memory allocation (malloc) failed to allocate 703376 bytes for Chunk::new
# Possible reasons:
#   The system is out of physical RAM or swap space
#   In 32 bit mode, the process size limit was hit
# Possible solutions:
#   Reduce memory load on the system
#   Increase physical memory or swap space
#   Check if swap backing store is full
#   Use 64 bit Java on a 64 bit OS
#   Decrease Java heap size (-Xmx/-Xms)
#   Decrease number of Java threads
#   Decrease Java thread stack sizes (-Xss)
#   Set larger code cache with -XX:ReservedCodeCacheSize=
# This output file may be truncated or incomplete.
#
#  Out of Memory Error (allocation.cpp:390), pid=3220, tid=8664
#
# JRE version: Java(TM) SE Runtime Environment (8.0_73-b02) (build 1.8.0_73-b02)
# Java VM: Java HotSpot(TM) 64-Bit Server VM (25.73-b02 mixed mode windows-amd64 compressed oops)
# Failed to write core dump. Minidumps are not enabled by default on client versions of Windows
#

---------------  T H R E A D  ---------------

Current thread (0x0000000054dbb000):  JavaThread "C2 CompilerThread1" daemon [_thread_in_native, id=8664, stack(0x0000000056600000,0x0000000056700000)]

Stack: [0x0000000056600000,0x0000000056700000]
[error occurred during error reporting (printing stack bounds), id 0xc0000005]

Native frames: (J=compiled Java code, j=interpreted, Vv=VM code, C=native code)


Current CompileTask:
C2:   2168 1036       4       com.android.dx.ssa.SCCP::simulatePhi (169 bytes)


---------------  P R O C E S S  ---------------

Java Threads: ( => current thread )
  0x00000000568d9800 JavaThread "pool-1-thread-4" [_thread_in_Java, id=7792, stack(0x0000000057660000,0x0000000057760000)]
  0x00000000568d4800 JavaThread "pool-1-thread-3" [_thread_blocked, id=8780, stack(0x0000000056d70000,0x0000000056e70000)]
  0x00000000568d4000 JavaThread "pool-1-thread-2" [_thread_in_Java, id=8784, stack(0x0000000057410000,0x0000000057510000)]
  0x00000000568d1000 JavaThread "pool-2-thread-1" [_thread_blocked, id=8760, stack(0x0000000057220000,0x0000000057320000)]
  0x00000000568b8000 JavaThread "pool-1-thread-1" [_thread_blocked, id=8740, stack(0x00000000570a0000,0x00000000571a0000)]
  0x0000000056792800 JavaThread "Service Thread" daemon [_thread_blocked, id=7320, stack(0x00000000561b0000,0x00000000562b0000)]
  0x0000000056753000 JavaThread "C1 CompilerThread2" daemon [_thread_blocked, id=8692, stack(0x0000000056c10000,0x0000000056d10000)]
=>0x0000000054dbb000 JavaThread "C2 CompilerThread1" daemon [_thread_in_native, id=8664, stack(0x0000000056600000,0x0000000056700000)]
  0x0000000054db6800 JavaThread "C2 CompilerThread0" daemon [_thread_in_native, id=2068, stack(0x0000000056410000,0x0000000056510000)]
  0x0000000054daf000 JavaThread "Attach Listener" daemon [_thread_blocked, id=8628, stack(0x0000000056310000,0x0000000056410000)]
  0x0000000054dad800 JavaThread "Signal Dispatcher" daemon [_thread_blocked, id=7560, stack(0x0000000056060000,0x0000000056160000)]
  0x0000000054d57000 JavaThread "Finalizer" daemon [_thread_blocked, id=8560, stack(0x0000000055c60000,0x0000000055d60000)]
  0x0000000054d50000 JavaThread "Reference Handler" daemon [_thread_blocked, id=8612, stack(0x0000000055e90000,0x0000000055f90000)]
  0x00000000001de000 JavaThread "main" [_thread_blocked, id=8544, stack(0x0000000001fb0000,0x00000000020b0000)]

Other Threads:
  0x0000000054d4a800 VMThread [stack: 0x0000000055d60000,0x0000000055e60000] [id=8624]
  0x000000005679d800 WatcherThread [stack: 0x0000000056e80000,0x0000000056f80000] [id=6744]

VM state:not at safepoint (normal execution)

VM Mutex/Monitor currently owned by a thread: None

Heap:
 PSYoungGen      total 38400K, used 29553K [0x00000000eab00000, 0x00000000ed580000, 0x0000000100000000)
  eden space 33280K, 88% used [0x00000000eab00000,0x00000000ec7dc580,0x00000000ecb80000)
  from space 5120K, 0% used [0x00000000ed080000,0x00000000ed080000,0x00000000ed580000)
  to   space 5120K, 0% used [0x00000000ecb80000,0x00000000ecb80000,0x00000000ed080000)
 ParOldGen       total 87552K, used 0K [0x00000000c0000000, 0x00000000c5580000, 0x00000000eab00000)
  object space 87552K, 0% used [0x00000000c0000000,0x00000000c0000000,0x00000000c5580000)
 Metaspace       used 5825K, capacity 6832K, committed 7040K, reserved 1056768K
  class space    used 593K, capacity 616K, committed 640K, reserved 1048576K

Card table byte_map: [0x0000000011740000,0x0000000011950000] byte_map_base: 0x0000000011140000

Marking Bits: (ParMarkBitMap*) 0x0000000067f60600
 Begin Bits: [0x00000000121c0000, 0x00000000131c0000)
 End Bits:   [0x00000000131c0000, 0x00000000141c0000)

Polling page: 0x0000000000140000

CodeCache: size=245760Kb used=4019Kb max_used=4019Kb free=241740Kb
 bounds [0x0000000002380000, 0x0000000002770000, 0x0000000011380000]
 total_blobs=1323 nmethods=1056 adapters=180
 compilation: disabled (not enough contiguous free space left)

Compilation events (10 events):
Event: 2.113 Thread 0x0000000056753000 nmethod 1053 0x0000000002752bd0 code [0x0000000002752d40, 0x0000000002752f48]
Event: 2.113 Thread 0x0000000056753000 1042       3       com.android.dx.ssa.back.FirstFitLocalCombiningAllocator::tryMapReg (41 bytes)
Event: 2.114 Thread 0x0000000056753000 nmethod 1042 0x0000000002751550 code [0x0000000002751780, 0x0000000002752508]
Event: 2.114 Thread 0x0000000056753000 1041       3       java.util.TreeMap::leftOf (13 bytes)
Event: 2.114 Thread 0x0000000056753000 nmethod 1041 0x00000000027511d0 code [0x0000000002751320, 0x00000000027514b0]
Event: 2.114 Thread 0x0000000056753000 1039       3       com.android.dx.ssa.SsaInsn::makeFromRop (10 bytes)
Event: 2.114 Thread 0x0000000056753000 nmethod 1039 0x0000000002750950 code [0x0000000002750ae0, 0x0000000002750f68]
Event: 2.116 Thread 0x0000000054db6800 nmethod 1047 0x000000000275c0d0 code [0x000000000275c240, 0x000000000275c468]
Event: 2.116 Thread 0x0000000054db6800 1038       4       java.util.ArrayList::fastRemove (57 bytes)
Event: 2.118 Thread 0x0000000054db6800 nmethod 1038 0x000000000274f090 code [0x000000000274f1e0, 0x000000000274f318]

GC Heap History (0 events):
No events

Deoptimization events (6 events):
Event: 1.485 Thread 0x00000000001de000 Uncommon trap: reason=unstable_if action=reinterpret pc=0x00000000025ae24c method=com.android.dx.rop.code.RegisterSpec.equals(ILcom/android/dx/rop/type/TypeBearer;Lcom/android/dx/rop/code/LocalItem;)Z @ 42
Event: 1.873 Thread 0x00000000568b8000 Uncommon trap: reason=null_check action=make_not_entrant pc=0x000000000259e6ac method=com.android.dx.ssa.SsaRenamer.getLocalForNewReg(I)Lcom/android/dx/rop/code/LocalItem; @ 19
Event: 1.875 Thread 0x00000000568b8000 Uncommon trap: reason=unstable_if action=reinterpret pc=0x0000000002614f44 method=com.android.dx.rop.cst.Constant.compareTo(Lcom/android/dx/rop/cst/Constant;)I @ 12
Event: 2.007 Thread 0x00000000568d9800 Uncommon trap: reason=unstable_if action=reinterpret pc=0x00000000026da514 method=com.android.dx.ssa.SsaRenamer$BlockRenamer.addMapping(ILcom/android/dx/rop/code/RegisterSpec;)V @ 120
Event: 2.009 Thread 0x00000000568d9800 Uncommon trap: reason=bimorphic action=maybe_recompile pc=0x0000000002599434 method=java.util.HashMap.getNode(ILjava/lang/Object;)Ljava/util/HashMap$Node; @ 126
Event: 2.009 Thread 0x00000000568d9800 Uncommon trap: reason=class_check action=maybe_recompile pc=0x00000000026159d4 method=java.util.HashMap.putVal(ILjava/lang/Object;Ljava/lang/Object;ZZ)Ljava/lang/Object; @ 203

Internal exceptions (3 events):
Event: 0.211 Thread 0x00000000001de000 Exception <a 'java/lang/NoSuchMethodError': Method sun.misc.Unsafe.defineClass(Ljava/lang/String;[BII)Ljava/lang/Class; name or signature does not match> (0x00000000eab13118) thrown at [D:\re\puppet\workspace\8-2-build-windows-amd64-cygwin\jdk8u73\6086\hotÅt–ú"ˇ ?
Event: 0.211 Thread 0x00000000001de000 Exception <a 'java/lang/NoSuchMethodError': Method sun.misc.Unsafe.prefetchRead(Ljava/lang/Object;J)V name or signature does not match> (0x00000000eab13400) thrown at [D:\re\puppet\workspace\8-2-build-windows-amd64-cygwin\jdk8u73\6086\hotspot\src\share\vm\≤é¢Ä˘˝?
Event: 1.873 Thread 0x00000000568b8000 Implicit null exception at 0x000000000259c517 to 0x000000000259e685

Events (10 events):
Event: 2.007 Thread 0x00000000568d9800 DEOPT PACKING pc=0x00000000026da514 sp=0x000000005775e470
Event: 2.007 Thread 0x00000000568d9800 DEOPT UNPACKING pc=0x00000000023c582a sp=0x000000005775e400 mode 2
Event: 2.009 Thread 0x00000000568d9800 Uncommon trap: trap_request=0xffffffc6 fr.pc=0x0000000002599434
Event: 2.009 Thread 0x00000000568d9800 DEOPT PACKING pc=0x0000000002599434 sp=0x000000005775e5a0
Event: 2.009 Thread 0x00000000568d9800 DEOPT UNPACKING pc=0x00000000023c582a sp=0x000000005775e4c8 mode 2
Event: 2.009 Thread 0x00000000568d9800 Uncommon trap: trap_request=0xffffffde fr.pc=0x00000000026159d4
Event: 2.009 Thread 0x00000000568d9800 DEOPT PACKING pc=0x00000000026159d4 sp=0x000000005775e580
Event: 2.009 Thread 0x00000000568d9800 DEOPT UNPACKING pc=0x00000000023c582a sp=0x000000005775e4a8 mode 2
Event: 2.010 Thread 0x00000000568d9800 DEOPT PACKING pc=0x000000000265d06f sp=0x000000005775e590
Event: 2.010 Thread 0x00000000568d9800 DEOPT UNPACKING pc=0x00000000023c747f sp=0x000000005775e380 mode 0


Dynamic libraries:
0x000000013f3e0000 - 0x000000013f417000 	C:\Program Files\Java\jdk1.8.0_73\bin\java.exe
0x0000000077600000 - 0x00000000777aa000 	C:\Windows\SYSTEM32\ntdll.dll
0x00000000774e0000 - 0x00000000775ff000 	C:\Windows\system32\kernel32.dll
0x000007fefd4d0000 - 0x000007fefd53a000 	C:\Windows\system32\KERNELBASE.dll
0x000007fefdc30000 - 0x000007fefdd0b000 	C:\Windows\system32\ADVAPI32.dll
0x000007fefdd10000 - 0x000007fefddaf000 	C:\Windows\system32\msvcrt.dll
0x000007fefdf60000 - 0x000007fefdf7f000 	C:\Windows\SYSTEM32\sechost.dll
0x000007feff3d0000 - 0x000007feff4fd000 	C:\Windows\system32\RPCRT4.dll
0x00000000773e0000 - 0x00000000774da000 	C:\Windows\system32\USER32.dll
0x000007fefe4e0000 - 0x000007fefe547000 	C:\Windows\system32\GDI32.dll
0x000007fefe230000 - 0x000007fefe23e000 	C:\Windows\system32\LPK.dll
0x000007feff2e0000 - 0x000007feff3aa000 	C:\Windows\system32\USP10.dll
0x000007fefbe00000 - 0x000007fefbff4000 	C:\Windows\WinSxS\amd64_microsoft.windows.common-controls_6595b64144ccf1df_6.0.7601.17514_none_fa396087175ac9ac\COMCTL32.dll
0x000007fefddb0000 - 0x000007fefde21000 	C:\Windows\system32\SHLWAPI.dll
0x000007fefdf80000 - 0x000007fefdfae000 	C:\Windows\system32\IMM32.DLL
0x000007fefe240000 - 0x000007fefe349000 	C:\Windows\system32\MSCTF.dll
0x0000000067fe0000 - 0x00000000680b2000 	C:\Program Files\Java\jdk1.8.0_73\jre\bin\msvcr100.dll
0x0000000067750000 - 0x0000000067fe0000 	C:\Program Files\Java\jdk1.8.0_73\jre\bin\server\jvm.dll
0x000007fefb0e0000 - 0x000007fefb0e9000 	C:\Windows\system32\WSOCK32.dll
0x000007fefdf10000 - 0x000007fefdf5d000 	C:\Windows\system32\WS2_32.dll
0x000007fefe220000 - 0x000007fefe228000 	C:\Windows\system32\NSI.dll
0x000007fefac90000 - 0x000007fefaccb000 	C:\Windows\system32\WINMM.dll
0x000007fefc490000 - 0x000007fefc49c000 	C:\Windows\system32\VERSION.dll
0x00000000777d0000 - 0x00000000777d7000 	C:\Windows\system32\PSAPI.DLL
0x000000006bc10000 - 0x000000006bc1f000 	C:\Program Files\Java\jdk1.8.0_73\jre\bin\verify.dll
0x000000006b220000 - 0x000000006b249000 	C:\Program Files\Java\jdk1.8.0_73\jre\bin\java.dll
0x000000006bbb0000 - 0x000000006bbc6000 	C:\Program Files\Java\jdk1.8.0_73\jre\bin\zip.dll
0x000007fefe550000 - 0x000007feff2d8000 	C:\Windows\system32\SHELL32.dll
0x000007fefdfb0000 - 0x000007fefe1b3000 	C:\Windows\system32\ole32.dll
0x000007fefd3c0000 - 0x000007fefd3cf000 	C:\Windows\system32\profapi.dll

VM Arguments:
jvm_args: -Djava.awt.headless=true -Xmx1024M -Dfile.encoding=windows-1251 -Duser.country=RU -Duser.language=ru -Duser.variant 
java_command: com.android.dx.command.Main --dex --force-jumbo --num-threads=4 --output D:\Programming\AndroidAppsCode\SpaceCenter\app\build\intermediates\pre-dexed\debug\instant-run_debc01c8c1c1ff94640de0740db3023c1471fd06.jar D:\Programming\AndroidAppsCode\SpaceCenter\app\build\intermediates\incremental-runtime-classes\debug\instant-run.jar
java_class_path (initial): D:\AndroidStudio\build-tools\25.0.1\lib\dx.jar
Launcher Type: SUN_STANDARD

Environment Variables:
JAVA_HOME=C:\Program Files\Java\jdk1.8.0_73
PATH=C:\ProgramData\Oracle\Java\javapath;C:\Program Files (x86)\Common Files\Microsoft Shared\Windows Live;C:\Program Files (x86)\PC Connectivity Solution\;C:\Windows\system32;C:\Windows;C:\Windows\System32\Wbem;C:\Windows\System32\WindowsPowerShell\v1.0\;C:\Program Files (x86)\Microsoft SQL Server\100\Tools\Binn\;C:\Program Files\Microsoft SQL Server\100\Tools\Binn\;C:\Program Files\Microsoft SQL Server\100\DTS\Binn\;C:\Program Files (x86)\NVIDIA Corporation\PhysX\Common;C:\Program Files (x86)\Skype\Phone\;C:\Program Files\Java\jdk1.8.0_73\bin;C:\Program Files\Git\cmd;C:\sqlite;C:\Program Files\Common Files\Microsoft Shared\Windows Live
USERNAME=¿‰ÏËÌËÒÚ‡ÚÓ
OS=Windows_NT
PROCESSOR_IDENTIFIER=Intel64 Family 6 Model 30 Stepping 5, GenuineIntel



---------------  S Y S T E M  ---------------

OS: Windows 7 , 64 bit Build 7601 (6.1.7601.23418)

CPU:total 4 (4 cores per cpu, 1 threads per core) family 6 model 30 stepping 5, cmov, cx8, fxsr, mmx, sse, sse2, sse3, ssse3, sse4.1, sse4.2, popcnt, tsc, tscinvbit

Memory: 4k page, physical 8379448k(696280k free), swap 10474740k(5048k free)

vm_info: Java HotSpot(TM) 64-Bit Server VM (25.73-b02) for windows-amd64 JRE (1.8.0_73-b02), built on Jan 29 2016 17:38:49 by "java_re" with MS VC++ 10.0 (VS2010)

time: Sun Dec 25 09:00:58 2016
elapsed time: 2 seconds (0d 0h 0m 2s)

