#
# There is insufficient memory for the Java Runtime Environment to continue.
# Native memory allocation (malloc) failed to allocate 65552 bytes for Chunk::new
# Possible reasons:
#   The system is out of physical RAM or swap space
#   In 32 bit mode, the process size limit was hit
# Possible solutions:
#   Reduce memory load on the system
#   Increase physical memory or swap space
#   Check if swap backing store is full
#   Use 64 bit Java on a 64 bit OS
#   Decrease Java heap size (-Xmx/-Xms)
#   Decrease number of Java threads
#   Decrease Java thread stack sizes (-Xss)
#   Set larger code cache with -XX:ReservedCodeCacheSize=
# This output file may be truncated or incomplete.
#
#  Out of Memory Error (allocation.cpp:390), pid=7180, tid=7720
#
# JRE version: Java(TM) SE Runtime Environment (8.0_73-b02) (build 1.8.0_73-b02)
# Java VM: Java HotSpot(TM) 64-Bit Server VM (25.73-b02 mixed mode windows-amd64 compressed oops)
# Failed to write core dump. Minidumps are not enabled by default on client versions of Windows
#

---------------  T H R E A D  ---------------

Current thread (0x0000000054de6000):  JavaThread "C2 CompilerThread0" daemon [_thread_in_native, id=7720, stack(0x0000000056620000,0x0000000056720000)]

Stack: [0x0000000056620000,0x0000000056720000]
[error occurred during error reporting (printing stack bounds), id 0xc0000005]

Native frames: (J=compiled Java code, j=interpreted, Vv=VM code, C=native code)


Current CompileTask:
C2:   2204  991       4       com.android.dx.ssa.back.LivenessAnalyzer::handleTailRecursion (94 bytes)


---------------  P R O C E S S  ---------------

Java Threads: ( => current thread )
  0x0000000056b55800 JavaThread "pool-1-thread-4" [_thread_blocked, id=8800, stack(0x0000000057760000,0x0000000057860000)]
  0x0000000056bd4800 JavaThread "pool-1-thread-3" [_thread_in_Java, id=5424, stack(0x0000000057500000,0x0000000057600000)]
  0x0000000056bcb000 JavaThread "pool-1-thread-2" [_thread_in_Java, id=8548, stack(0x0000000057630000,0x0000000057730000)]
  0x0000000056c29800 JavaThread "pool-2-thread-1" [_thread_blocked, id=8748, stack(0x00000000573f0000,0x00000000574f0000)]
  0x0000000056c22000 JavaThread "pool-1-thread-1" [_thread_blocked, id=8616, stack(0x0000000057200000,0x0000000057300000)]
  0x0000000056977800 JavaThread "Service Thread" daemon [_thread_blocked, id=8720, stack(0x0000000056eb0000,0x0000000056fb0000)]
  0x00000000568f8800 JavaThread "C1 CompilerThread2" daemon [_thread_blocked, id=5496, stack(0x0000000056d80000,0x0000000056e80000)]
  0x0000000054deb000 JavaThread "C2 CompilerThread1" daemon [_thread_blocked, id=7172, stack(0x00000000567f0000,0x00000000568f0000)]
=>0x0000000054de6000 JavaThread "C2 CompilerThread0" daemon [_thread_in_native, id=7720, stack(0x0000000056620000,0x0000000056720000)]
  0x0000000054ddf000 JavaThread "Attach Listener" daemon [_thread_blocked, id=8700, stack(0x00000000563e0000,0x00000000564e0000)]
  0x0000000054ddd800 JavaThread "Signal Dispatcher" daemon [_thread_blocked, id=6936, stack(0x00000000561c0000,0x00000000562c0000)]
  0x0000000054d81000 JavaThread "Finalizer" daemon [_thread_blocked, id=7952, stack(0x0000000055fb0000,0x00000000560b0000)]
  0x0000000054d80000 JavaThread "Reference Handler" daemon [_thread_blocked, id=8644, stack(0x0000000055eb0000,0x0000000055fb0000)]
  0x0000000001bae000 JavaThread "main" [_thread_in_Java, id=7688, stack(0x00000000020c0000,0x00000000021c0000)]

Other Threads:
  0x0000000054d7a800 VMThread [stack: 0x0000000055c20000,0x0000000055d20000] [id=6576]
  0x0000000056986800 WatcherThread [stack: 0x0000000057090000,0x0000000057190000] [id=3184]

VM state:not at safepoint (normal execution)

VM Mutex/Monitor currently owned by a thread: None

Heap:
 PSYoungGen      total 38400K, used 6807K [0x00000000eab00000, 0x00000000ed580000, 0x0000000100000000)
  eden space 33280K, 5% used [0x00000000eab00000,0x00000000eaca8160,0x00000000ecb80000)
  from space 5120K, 99% used [0x00000000ecb80000,0x00000000ed07dc60,0x00000000ed080000)
  to   space 5120K, 0% used [0x00000000ed080000,0x00000000ed080000,0x00000000ed580000)
 ParOldGen       total 87552K, used 3168K [0x00000000c0000000, 0x00000000c5580000, 0x00000000eab00000)
  object space 87552K, 3% used [0x00000000c0000000,0x00000000c03180b8,0x00000000c5580000)
 Metaspace       used 5835K, capacity 6768K, committed 7040K, reserved 1056768K
  class space    used 594K, capacity 616K, committed 640K, reserved 1048576K

Card table byte_map: [0x0000000011850000,0x0000000011a60000] byte_map_base: 0x0000000011250000

Marking Bits: (ParMarkBitMap*) 0x0000000067f60600
 Begin Bits: [0x00000000121f0000, 0x00000000131f0000)
 End Bits:   [0x00000000131f0000, 0x00000000141f0000)

Polling page: 0x0000000000240000

CodeCache: size=245760Kb used=3763Kb max_used=3763Kb free=241996Kb
 bounds [0x0000000002490000, 0x0000000002840000, 0x0000000011490000]
 total_blobs=1227 nmethods=959 adapters=180
 compilation: disabled (not enough contiguous free space left)

Compilation events (10 events):
Event: 2.197 Thread 0x0000000054deb000 nmethod 969 0x000000000283ef50 code [0x000000000283f080, 0x000000000283f178]
Event: 2.197 Thread 0x0000000054deb000  967       4       com.android.dx.rop.code.BasicBlockList$RegCountVisitor::visit (52 bytes)
Event: 2.197 Thread 0x00000000568f8800 nmethod 977 0x000000000283d350 code [0x000000000283d5e0, 0x000000000283e048]
Event: 2.197 Thread 0x00000000568f8800 1005       2       com.android.dx.ssa.back.FirstFitLocalCombiningAllocator::findNextUnreservedRopReg (68 bytes)
Event: 2.198 Thread 0x00000000568f8800 nmethod 1005 0x000000000283cd10 code [0x000000000283cea0, 0x000000000283d188]
Event: 2.198 Thread 0x00000000568f8800  961       3       java.util.TreeMap::getEntry (84 bytes)
Event: 2.198 Thread 0x00000000568f8800 nmethod 961 0x000000000283c250 code [0x000000000283c400, 0x000000000283ca68]
Event: 2.198 Thread 0x00000000568f8800  996       2       com.android.dx.ssa.InterferenceRegisterMapper::addInterfence (62 bytes)
Event: 2.200 Thread 0x00000000568f8800 

Event: 2.200 Thread 0x0000000054deb000 


GC Heap History (2 events):
Event: 2.098 GC heap before
{Heap before GC invocations=1 (full 0):
 PSYoungGen      total 38400K, used 33280K [0x00000000eab00000, 0x00000000ed580000, 0x0000000100000000)
  eden space 33280K, 100% used [0x00000000eab00000,0x00000000ecb80000,0x00000000ecb80000)
  from space 5120K, 0% used [0x00000000ed080000,0x00000000ed080000,0x00000000ed580000)
  to   space 5120K, 0% used [0x00000000ecb80000,0x00000000ecb80000,0x00000000ed080000)
 ParOldGen       total 87552K, used 0K [0x00000000c0000000, 0x00000000c5580000, 0x00000000eab00000)
  object space 87552K, 0% used [0x00000000c0000000,0x00000000c0000000,0x00000000c5580000)
 Metaspace       used 5831K, capacity 6768K, committed 7040K, reserved 1056768K
  class space    used 594K, capacity 616K, committed 640K, reserved 1048576K
Event: 2.190 GC heap after
Heap after GC invocations=1 (full 0):
 PSYoungGen      total 38400K, used 5111K [0x00000000eab00000, 0x00000000ed580000, 0x0000000100000000)
  eden space 33280K, 0% used [0x00000000eab00000,0x00000000eab00000,0x00000000ecb80000)
  from space 5120K, 99% used [0x00000000ecb80000,0x00000000ed07dc60,0x00000000ed080000)
  to   space 5120K, 0% used [0x00000000ed080000,0x00000000ed080000,0x00000000ed580000)
 ParOldGen       total 87552K, used 3168K [0x00000000c0000000, 0x00000000c5580000, 0x00000000eab00000)
  object space 87552K, 3% used [0x00000000c0000000,0x00000000c03180b8,0x00000000c5580000)
 Metaspace       used 5831K, capacity 6768K, committed 7040K, reserved 1056768K
  class space    used 594K, capacity 616K, committed 640K, reserved 1048576K
}

Deoptimization events (10 events):
Event: 1.742 Thread 0x0000000056bcb000 Uncommon trap: reason=class_check action=maybe_recompile pc=0x000000000274a590 method=com.android.dx.ssa.NormalSsaInsn.accept(Lcom/android/dx/ssa/SsaInsn$Visitor;)V @ 9
Event: 1.742 Thread 0x0000000056bcb000 Uncommon trap: reason=class_check action=maybe_recompile pc=0x000000000274a590 method=com.android.dx.ssa.NormalSsaInsn.accept(Lcom/android/dx/ssa/SsaInsn$Visitor;)V @ 9
Event: 1.742 Thread 0x0000000056bcb000 Uncommon trap: reason=class_check action=maybe_recompile pc=0x000000000274a590 method=com.android.dx.ssa.NormalSsaInsn.accept(Lcom/android/dx/ssa/SsaInsn$Visitor;)V @ 9
Event: 1.859 Thread 0x0000000001bae000 Uncommon trap: reason=null_check action=make_not_entrant pc=0x00000000027f86d0 method=com.android.dx.ssa.SsaRenamer.getLocalForNewReg(I)Lcom/android/dx/rop/code/LocalItem; @ 19
Event: 1.871 Thread 0x0000000056b55800 Uncommon trap: reason=unstable_if action=reinterpret pc=0x000000000275ec04 method=com.android.dx.rop.code.RegisterSpec.equals(ILcom/android/dx/rop/type/TypeBearer;Lcom/android/dx/rop/code/LocalItem;)Z @ 42
Event: 2.049 Thread 0x0000000001bae000 Uncommon trap: reason=bimorphic action=maybe_recompile pc=0x0000000002723540 method=java.util.HashMap.getNode(ILjava/lang/Object;)Ljava/util/HashMap$Node; @ 126
Event: 2.049 Thread 0x0000000001bae000 Uncommon trap: reason=bimorphic action=maybe_recompile pc=0x0000000002723540 method=java.util.HashMap.getNode(ILjava/lang/Object;)Ljava/util/HashMap$Node; @ 126
Event: 2.049 Thread 0x0000000001bae000 Uncommon trap: reason=bimorphic action=maybe_recompile pc=0x0000000002723540 method=java.util.HashMap.getNode(ILjava/lang/Object;)Ljava/util/HashMap$Node; @ 126
Event: 2.049 Thread 0x0000000001bae000 Uncommon trap: reason=bimorphic action=maybe_recompile pc=0x0000000002723540 method=java.util.HashMap.getNode(ILjava/lang/Object;)Ljava/util/HashMap$Node; @ 126
Event: 2.049 Thread 0x0000000001bae000 Uncommon trap: reason=bimorphic action=maybe_recompile pc=0x0000000002762b90 method=java.util.HashMap.getNode(ILjava/lang/Object;)Ljava/util/HashMap$Node; @ 126

Internal exceptions (3 events):
Event: 0.213 Thread 0x0000000001bae000 Exception <a 'java/lang/NoSuchMethodError': Method sun.misc.Unsafe.defineClass(Ljava/lang/String;[BII)Ljava/lang/Class; name or signature does not match> (0x00000000eab13118) thrown at [D:\re\puppet\workspace\8-2-build-windows-amd64-cygwin\jdk8u73\6086\hotq·ЈЧAЛ?
Event: 0.213 Thread 0x0000000001bae000 Exception <a 'java/lang/NoSuchMethodError': Method sun.misc.Unsafe.prefetchRead(Ljava/lang/Object;J)V name or signature does not match> (0x00000000eab13400) thrown at [D:\re\puppet\workspace\8-2-build-windows-amd64-cygwin\jdk8u73\6086\hotspot\src\share\vm\мk>]	ѕэ?
Event: 1.859 Thread 0x0000000001bae000 Implicit null exception at 0x00000000027f78b4 to 0x00000000027f869d

Events (10 events):
Event: 2.049 Thread 0x0000000001bae000 DEOPT PACKING pc=0x0000000002723540 sp=0x00000000021be1b0
Event: 2.049 Thread 0x0000000001bae000 DEOPT UNPACKING pc=0x00000000024d582a sp=0x00000000021be0d8 mode 2
Event: 2.049 Thread 0x0000000001bae000 Uncommon trap: trap_request=0xffffffc6 fr.pc=0x0000000002723540
Event: 2.049 Thread 0x0000000001bae000 DEOPT PACKING pc=0x0000000002723540 sp=0x00000000021be1b0
Event: 2.049 Thread 0x0000000001bae000 DEOPT UNPACKING pc=0x00000000024d582a sp=0x00000000021be0d8 mode 2
Event: 2.049 Thread 0x0000000001bae000 Uncommon trap: trap_request=0xffffffc6 fr.pc=0x0000000002762b90
Event: 2.049 Thread 0x0000000001bae000 DEOPT PACKING pc=0x0000000002762b90 sp=0x00000000021be140
Event: 2.049 Thread 0x0000000001bae000 DEOPT UNPACKING pc=0x00000000024d582a sp=0x00000000021be0d8 mode 2
Event: 2.098 Executing VM operation: ParallelGCFailedAllocation
Event: 2.190 Executing VM operation: ParallelGCFailedAllocation done


Dynamic libraries:
0x000000013f3e0000 - 0x000000013f417000 	C:\Program Files\Java\jdk1.8.0_73\bin\java.exe
0x0000000077600000 - 0x00000000777aa000 	C:\Windows\SYSTEM32\ntdll.dll
0x00000000774e0000 - 0x00000000775ff000 	C:\Windows\system32\kernel32.dll
0x000007fefd4d0000 - 0x000007fefd53a000 	C:\Windows\system32\KERNELBASE.dll
0x000007fefdc30000 - 0x000007fefdd0b000 	C:\Windows\system32\ADVAPI32.dll
0x000007fefdd10000 - 0x000007fefddaf000 	C:\Windows\system32\msvcrt.dll
0x000007fefdf60000 - 0x000007fefdf7f000 	C:\Windows\SYSTEM32\sechost.dll
0x000007feff3d0000 - 0x000007feff4fd000 	C:\Windows\system32\RPCRT4.dll
0x00000000773e0000 - 0x00000000774da000 	C:\Windows\system32\USER32.dll
0x000007fefe4e0000 - 0x000007fefe547000 	C:\Windows\system32\GDI32.dll
0x000007fefe230000 - 0x000007fefe23e000 	C:\Windows\system32\LPK.dll
0x000007feff2e0000 - 0x000007feff3aa000 	C:\Windows\system32\USP10.dll
0x000007fefbe00000 - 0x000007fefbff4000 	C:\Windows\WinSxS\amd64_microsoft.windows.common-controls_6595b64144ccf1df_6.0.7601.17514_none_fa396087175ac9ac\COMCTL32.dll
0x000007fefddb0000 - 0x000007fefde21000 	C:\Windows\system32\SHLWAPI.dll
0x000007fefdf80000 - 0x000007fefdfae000 	C:\Windows\system32\IMM32.DLL
0x000007fefe240000 - 0x000007fefe349000 	C:\Windows\system32\MSCTF.dll
0x0000000067fe0000 - 0x00000000680b2000 	C:\Program Files\Java\jdk1.8.0_73\jre\bin\msvcr100.dll
0x0000000067750000 - 0x0000000067fe0000 	C:\Program Files\Java\jdk1.8.0_73\jre\bin\server\jvm.dll
0x000007fefb0e0000 - 0x000007fefb0e9000 	C:\Windows\system32\WSOCK32.dll
0x000007fefdf10000 - 0x000007fefdf5d000 	C:\Windows\system32\WS2_32.dll
0x000007fefe220000 - 0x000007fefe228000 	C:\Windows\system32\NSI.dll
0x000007fefac90000 - 0x000007fefaccb000 	C:\Windows\system32\WINMM.dll
0x000007fefc490000 - 0x000007fefc49c000 	C:\Windows\system32\VERSION.dll
0x00000000777d0000 - 0x00000000777d7000 	C:\Windows\system32\PSAPI.DLL
0x000000006bc10000 - 0x000000006bc1f000 	C:\Program Files\Java\jdk1.8.0_73\jre\bin\verify.dll
0x000000006b220000 - 0x000000006b249000 	C:\Program Files\Java\jdk1.8.0_73\jre\bin\java.dll
0x000000006bbb0000 - 0x000000006bbc6000 	C:\Program Files\Java\jdk1.8.0_73\jre\bin\zip.dll
0x000007fefe550000 - 0x000007feff2d8000 	C:\Windows\system32\SHELL32.dll
0x000007fefdfb0000 - 0x000007fefe1b3000 	C:\Windows\system32\ole32.dll
0x000007fefd3c0000 - 0x000007fefd3cf000 	C:\Windows\system32\profapi.dll

VM Arguments:
jvm_args: -Djava.awt.headless=true -Xmx1024M -Dfile.encoding=windows-1251 -Duser.country=RU -Duser.language=ru -Duser.variant 
java_command: com.android.dx.command.Main --dex --force-jumbo --num-threads=4 --output D:\Programming\AndroidAppsCode\SpaceCenter\app\build\intermediates\pre-dexed\debug\okhttp-3.2.0_927a45ee9b258a78b33b6025f61ab9cb5add786e.jar C:\Users\Администратор\.gradle\caches\modules-2\files-2.1\com.squareup.okhttp3\okhttp\3.2.0\f7873a2ebde246a45c2a8d6f3247108b4c88a879\okhttp-3.2.0.jar
java_class_path (initial): D:\AndroidStudio\build-tools\25.0.1\lib\dx.jar
Launcher Type: SUN_STANDARD

Environment Variables:
JAVA_HOME=C:\Program Files\Java\jdk1.8.0_73
PATH=C:\ProgramData\Oracle\Java\javapath;C:\Program Files (x86)\Common Files\Microsoft Shared\Windows Live;C:\Program Files (x86)\PC Connectivity Solution\;C:\Windows\system32;C:\Windows;C:\Windows\System32\Wbem;C:\Windows\System32\WindowsPowerShell\v1.0\;C:\Program Files (x86)\Microsoft SQL Server\100\Tools\Binn\;C:\Program Files\Microsoft SQL Server\100\Tools\Binn\;C:\Program Files\Microsoft SQL Server\100\DTS\Binn\;C:\Program Files (x86)\NVIDIA Corporation\PhysX\Common;C:\Program Files (x86)\Skype\Phone\;C:\Program Files\Java\jdk1.8.0_73\bin;C:\Program Files\Git\cmd;C:\sqlite;C:\Program Files\Common Files\Microsoft Shared\Windows Live
USERNAME=Администратор
OS=Windows_NT
PROCESSOR_IDENTIFIER=Intel64 Family 6 Model 30 Stepping 5, GenuineIntel



---------------  S Y S T E M  ---------------

OS: Windows 7 , 64 bit Build 7601 (6.1.7601.23418)

CPU:total 4 (4 cores per cpu, 1 threads per core) family 6 model 30 stepping 5, cmov, cx8, fxsr, mmx, sse, sse2, sse3, ssse3, sse4.1, sse4.2, popcnt, tsc, tscinvbit

Memory: 4k page, physical 8379448k(696280k free), swap 10474740k(5048k free)

vm_info: Java HotSpot(TM) 64-Bit Server VM (25.73-b02) for windows-amd64 JRE (1.8.0_73-b02), built on Jan 29 2016 17:38:49 by "java_re" with MS VC++ 10.0 (VS2010)

time: Sun Dec 25 09:00:58 2016
elapsed time: 2 seconds (0d 0h 0m 2s)

