#
# There is insufficient memory for the Java Runtime Environment to continue.
# Native memory allocation (malloc) failed to allocate 756240 bytes for Chunk::new
# Possible reasons:
#   The system is out of physical RAM or swap space
#   In 32 bit mode, the process size limit was hit
# Possible solutions:
#   Reduce memory load on the system
#   Increase physical memory or swap space
#   Check if swap backing store is full
#   Use 64 bit Java on a 64 bit OS
#   Decrease Java heap size (-Xmx/-Xms)
#   Decrease number of Java threads
#   Decrease Java thread stack sizes (-Xss)
#   Set larger code cache with -XX:ReservedCodeCacheSize=
# This output file may be truncated or incomplete.
#
#  Out of Memory Error (allocation.cpp:390), pid=3844, tid=6276
#
# JRE version: Java(TM) SE Runtime Environment (8.0_73-b02) (build 1.8.0_73-b02)
# Java VM: Java HotSpot(TM) 64-Bit Server VM (25.73-b02 mixed mode windows-amd64 compressed oops)
# Failed to write core dump. Minidumps are not enabled by default on client versions of Windows
#

---------------  T H R E A D  ---------------

Current thread (0x0000000054f36800):  JavaThread "C2 CompilerThread0" daemon [_thread_in_native, id=6276, stack(0x0000000056510000,0x0000000056610000)]

Stack: [0x0000000056510000,0x0000000056610000]
[error occurred during error reporting (printing stack bounds), id 0xc0000005]

Native frames: (J=compiled Java code, j=interpreted, Vv=VM code, C=native code)


Current CompileTask:
C2:   2694  930   !   4       com.android.dx.cf.code.BytecodeArray::parseInstruction (2764 bytes)


---------------  P R O C E S S  ---------------

Java Threads: ( => current thread )
  0x0000000056bc8800 JavaThread "pool-1-thread-4" [_thread_blocked, id=5220, stack(0x0000000057620000,0x0000000057720000)]
  0x0000000056bc8000 JavaThread "pool-1-thread-3" [_thread_blocked, id=3368, stack(0x00000000572a0000,0x00000000573a0000)]
  0x0000000056adb800 JavaThread "pool-1-thread-2" [_thread_blocked, id=7868, stack(0x0000000057410000,0x0000000057510000)]
  0x0000000056ad9800 JavaThread "pool-2-thread-1" [_thread_blocked, id=7740, stack(0x0000000057020000,0x0000000057120000)]
  0x0000000056ad9000 JavaThread "pool-1-thread-1" [_thread_blocked, id=5436, stack(0x0000000057150000,0x0000000057250000)]
  0x00000000569ad800 JavaThread "Service Thread" daemon [_thread_blocked, id=8656, stack(0x0000000056d90000,0x0000000056e90000)]
  0x0000000054f3c000 JavaThread "C1 CompilerThread2" daemon [_thread_blocked, id=8684, stack(0x0000000056850000,0x0000000056950000)]
  0x0000000054f3b000 JavaThread "C2 CompilerThread1" daemon [_thread_blocked, id=4492, stack(0x0000000056660000,0x0000000056760000)]
=>0x0000000054f36800 JavaThread "C2 CompilerThread0" daemon [_thread_in_native, id=6276, stack(0x0000000056510000,0x0000000056610000)]
  0x0000000054f2f800 JavaThread "Attach Listener" daemon [_thread_blocked, id=3372, stack(0x0000000056380000,0x0000000056480000)]
  0x0000000054f2e800 JavaThread "Signal Dispatcher" daemon [_thread_blocked, id=6936, stack(0x0000000055d70000,0x0000000055e70000)]
  0x0000000054ed7000 JavaThread "Finalizer" daemon [_thread_blocked, id=5136, stack(0x0000000056250000,0x0000000056350000)]
  0x0000000054ed0000 JavaThread "Reference Handler" daemon [_thread_blocked, id=8236, stack(0x0000000056040000,0x0000000056140000)]
  0x000000000015e000 JavaThread "main" [_thread_blocked, id=8796, stack(0x00000000020f0000,0x00000000021f0000)]

Other Threads:
  0x0000000054eca800 VMThread [stack: 0x0000000055e70000,0x0000000055f70000] [id=6728]
  0x00000000569c0800 WatcherThread [stack: 0x0000000056ea0000,0x0000000056fa0000] [id=4948]

VM state:at safepoint (normal execution)

VM Mutex/Monitor currently owned by a thread:  ([mutex/lock_event])
[0x000000000015c4f0] Threads_lock - owner thread: 0x0000000054eca800
[0x000000000015c9f0] Heap_lock - owner thread: 0x0000000056bc8800

Heap:
 PSYoungGen      total 38400K, used 33280K [0x00000000eab00000, 0x00000000ed580000, 0x0000000100000000)
  eden space 33280K, 100% used [0x00000000eab00000,0x00000000ecb80000,0x00000000ecb80000)
  from space 5120K, 0% used [0x00000000ed080000,0x00000000ed080000,0x00000000ed580000)
  to   space 5120K, 99% used [0x00000000ecb80000,0x00000000ed07c698,0x00000000ed080000)
 ParOldGen       total 87552K, used 5901K [0x00000000c0000000, 0x00000000c5580000, 0x00000000eab00000)
  object space 87552K, 6% used [0x00000000c0000000,0x00000000c05c34d0,0x00000000c5580000)
 Metaspace       used 5812K, capacity 6768K, committed 7040K, reserved 1056768K
  class space    used 595K, capacity 616K, committed 640K, reserved 1048576K

Card table byte_map: [0x0000000011880000,0x0000000011a90000] byte_map_base: 0x0000000011280000

Marking Bits: (ParMarkBitMap*) 0x0000000067e00600
 Begin Bits: [0x0000000012340000, 0x0000000013340000)
 End Bits:   [0x0000000013340000, 0x0000000014340000)

Polling page: 0x0000000000130000

CodeCache: size=245760Kb used=4143Kb max_used=4143Kb free=241616Kb
 bounds [0x00000000024c0000, 0x00000000028d0000, 0x00000000114c0000]
 total_blobs=1303 nmethods=1037 adapters=180
 compilation: enabled

Compilation events (10 events):
Event: 2.515 Thread 0x0000000054f3c000 nmethod 1048 0x00000000028c2c10 code [0x00000000028c2d60, 0x00000000028c2f10]
Event: 2.515 Thread 0x0000000054f3c000 1052       3       com.android.dx.ssa.LocalVariableInfo::getStarts (19 bytes)
Event: 2.515 Thread 0x0000000054f3c000 nmethod 1052 0x00000000028c2550 code [0x00000000028c26e0, 0x00000000028c2a08]
Event: 2.515 Thread 0x0000000054f3c000 1053       3       com.android.dx.ssa.SsaRenamer$BlockRenamer::visitPhiInsn (6 bytes)
Event: 2.515 Thread 0x0000000054f3c000 nmethod 1053 0x00000000028c21d0 code [0x00000000028c2340, 0x00000000028c24c8]
Event: 2.515 Thread 0x0000000054f3c000 1054       3       com.android.dx.ssa.MoveParamCombiner$1::visitPhiInsn (1 bytes)
Event: 2.516 Thread 0x0000000054f3c000 nmethod 1054 0x00000000028c1e90 code [0x00000000028c1fe0, 0x00000000028c2130]
Event: 2.516 Thread 0x0000000054f3c000 1047       3       com.android.dx.ssa.SsaMethod::getGoto (26 bytes)
Event: 2.516 Thread 0x0000000054f3c000 nmethod 1047 0x00000000028cf410 code [0x00000000028cf5c0, 0x00000000028cfb18]
Event: 2.516 Thread 0x0000000054f3c000 1055       3       com.android.dx.rop.type.StdTypeList::withFirst (53 bytes)

GC Heap History (1 events):
Event: 2.517 GC heap before
{Heap before GC invocations=1 (full 0):
 PSYoungGen      total 38400K, used 33280K [0x00000000eab00000, 0x00000000ed580000, 0x0000000100000000)
  eden space 33280K, 100% used [0x00000000eab00000,0x00000000ecb80000,0x00000000ecb80000)
  from space 5120K, 0% used [0x00000000ed080000,0x00000000ed080000,0x00000000ed580000)
  to   space 5120K, 0% used [0x00000000ecb80000,0x00000000ecb80000,0x00000000ed080000)
 ParOldGen       total 87552K, used 0K [0x00000000c0000000, 0x00000000c5580000, 0x00000000eab00000)
  object space 87552K, 0% used [0x00000000c0000000,0x00000000c0000000,0x00000000c5580000)
 Metaspace       used 5812K, capacity 6768K, committed 7040K, reserved 1056768K
  class space    used 595K, capacity 616K, committed 640K, reserved 1048576K

Deoptimization events (9 events):
Event: 1.243 Thread 0x0000000056ad9000 Uncommon trap: reason=unstable_if action=reinterpret pc=0x00000000026b6e20 method=java.util.BitSet.nextSetBit(I)I @ 87
Event: 1.258 Thread 0x0000000056ad9000 Uncommon trap: reason=unstable_if action=reinterpret pc=0x00000000026a6820 method=java.util.HashMap.getNode(ILjava/lang/Object;)Ljava/util/HashMap$Node; @ 62
Event: 2.059 Thread 0x000000000015e000 Uncommon trap: reason=unstable_if action=reinterpret pc=0x00000000026f0318 method=java.util.HashMap.getNode(ILjava/lang/Object;)Ljava/util/HashMap$Node; @ 62
Event: 2.081 Thread 0x0000000056adb800 Uncommon trap: reason=class_check action=maybe_recompile pc=0x000000000274a4fc method=com.android.dx.rop.type.Type.equals(Ljava/lang/Object;)Z @ 8
Event: 2.084 Thread 0x0000000056bc8000 Uncommon trap: reason=unstable_if action=reinterpret pc=0x00000000026ec160 method=java.util.BitSet.ensureCapacity(I)V @ 6
Event: 2.084 Thread 0x0000000056bc8000 Uncommon trap: reason=class_check action=maybe_recompile pc=0x000000000274a4fc method=com.android.dx.rop.type.Type.equals(Ljava/lang/Object;)Z @ 8
Event: 2.084 Thread 0x0000000056bc8000 Uncommon trap: reason=class_check action=maybe_recompile pc=0x000000000274a4fc method=com.android.dx.rop.type.Type.equals(Ljava/lang/Object;)Z @ 8
Event: 2.084 Thread 0x0000000056bc8000 Uncommon trap: reason=class_check action=maybe_recompile pc=0x000000000274a4fc method=com.android.dx.rop.type.Type.equals(Ljava/lang/Object;)Z @ 8
Event: 2.085 Thread 0x0000000056adb800 Uncommon trap: reason=unstable_if action=reinterpret pc=0x00000000026f1164 method=java.util.BitSet.ensureCapacity(I)V @ 6

Internal exceptions (2 events):
Event: 0.220 Thread 0x000000000015e000 Exception <a 'java/lang/NoSuchMethodError': Method sun.misc.Unsafe.defineClass(Ljava/lang/String;[BII)Ljava/lang/Class; name or signature does not match> (0x00000000eab13118) thrown at [D:\re\puppet\workspace\8-2-build-windows-amd64-cygwin\jdk8u73\6086\hotµјБщр"М?
Event: 0.220 Thread 0x000000000015e000 Exception <a 'java/lang/NoSuchMethodError': Method sun.misc.Unsafe.prefetchRead(Ljava/lang/Object;J)V name or signature does not match> (0x00000000eab13400) thrown at [D:\re\puppet\workspace\8-2-build-windows-amd64-cygwin\jdk8u73\6086\hotspot\src\share\vm\

Events (10 events):
Event: 2.178 Thread 0x0000000056adb800 DEOPT UNPACKING pc=0x000000000250747f sp=0x000000005750e308 mode 0
Event: 2.179 Thread 0x0000000056adb800 DEOPT PACKING pc=0x00000000027cef5e sp=0x000000005750e680
Event: 2.179 Thread 0x0000000056adb800 DEOPT UNPACKING pc=0x000000000250747f sp=0x000000005750e3e8 mode 0
Event: 2.179 Thread 0x0000000056adb800 DEOPT PACKING pc=0x000000000270917a sp=0x000000005750e5a0
Event: 2.179 Thread 0x0000000056adb800 DEOPT UNPACKING pc=0x000000000250747f sp=0x000000005750e308 mode 0
Event: 2.342 loading class com/android/dx/util/ListIntSet
Event: 2.342 loading class com/android/dx/util/ListIntSet done
Event: 2.342 Executing VM operation: Deoptimize
Event: 2.514 Executing VM operation: Deoptimize done
Event: 2.516 Executing VM operation: ParallelGCFailedAllocation


Dynamic libraries:
0x000000013fa00000 - 0x000000013fa37000 	C:\Program Files\Java\jdk1.8.0_73\bin\java.exe
0x0000000077600000 - 0x00000000777aa000 	C:\Windows\SYSTEM32\ntdll.dll
0x00000000774e0000 - 0x00000000775ff000 	C:\Windows\system32\kernel32.dll
0x000007fefd4d0000 - 0x000007fefd53a000 	C:\Windows\system32\KERNELBASE.dll
0x000007fefdc30000 - 0x000007fefdd0b000 	C:\Windows\system32\ADVAPI32.dll
0x000007fefdd10000 - 0x000007fefddaf000 	C:\Windows\system32\msvcrt.dll
0x000007fefdf60000 - 0x000007fefdf7f000 	C:\Windows\SYSTEM32\sechost.dll
0x000007feff3d0000 - 0x000007feff4fd000 	C:\Windows\system32\RPCRT4.dll
0x00000000773e0000 - 0x00000000774da000 	C:\Windows\system32\USER32.dll
0x000007fefe4e0000 - 0x000007fefe547000 	C:\Windows\system32\GDI32.dll
0x000007fefe230000 - 0x000007fefe23e000 	C:\Windows\system32\LPK.dll
0x000007feff2e0000 - 0x000007feff3aa000 	C:\Windows\system32\USP10.dll
0x000007fefbe00000 - 0x000007fefbff4000 	C:\Windows\WinSxS\amd64_microsoft.windows.common-controls_6595b64144ccf1df_6.0.7601.17514_none_fa396087175ac9ac\COMCTL32.dll
0x000007fefddb0000 - 0x000007fefde21000 	C:\Windows\system32\SHLWAPI.dll
0x000007fefdf80000 - 0x000007fefdfae000 	C:\Windows\system32\IMM32.DLL
0x000007fefe240000 - 0x000007fefe349000 	C:\Windows\system32\MSCTF.dll
0x000000006b480000 - 0x000000006b552000 	C:\Program Files\Java\jdk1.8.0_73\jre\bin\msvcr100.dll
0x00000000675f0000 - 0x0000000067e80000 	C:\Program Files\Java\jdk1.8.0_73\jre\bin\server\jvm.dll
0x000007fefb0e0000 - 0x000007fefb0e9000 	C:\Windows\system32\WSOCK32.dll
0x000007fefdf10000 - 0x000007fefdf5d000 	C:\Windows\system32\WS2_32.dll
0x000007fefe220000 - 0x000007fefe228000 	C:\Windows\system32\NSI.dll
0x000007fefac90000 - 0x000007fefaccb000 	C:\Windows\system32\WINMM.dll
0x000007fefc490000 - 0x000007fefc49c000 	C:\Windows\system32\VERSION.dll
0x00000000777d0000 - 0x00000000777d7000 	C:\Windows\system32\PSAPI.DLL
0x0000000072310000 - 0x000000007231f000 	C:\Program Files\Java\jdk1.8.0_73\jre\bin\verify.dll
0x00000000722e0000 - 0x0000000072309000 	C:\Program Files\Java\jdk1.8.0_73\jre\bin\java.dll
0x00000000722c0000 - 0x00000000722d6000 	C:\Program Files\Java\jdk1.8.0_73\jre\bin\zip.dll
0x000007fefe550000 - 0x000007feff2d8000 	C:\Windows\system32\SHELL32.dll
0x000007fefdfb0000 - 0x000007fefe1b3000 	C:\Windows\system32\ole32.dll
0x000007fefd3c0000 - 0x000007fefd3cf000 	C:\Windows\system32\profapi.dll

VM Arguments:
jvm_args: -Djava.awt.headless=true -Xmx1024M -Dfile.encoding=windows-1251 -Duser.country=RU -Duser.language=ru -Duser.variant 
java_command: com.android.dx.command.Main --dex --force-jumbo --num-threads=4 --output D:\Programming\AndroidAppsCode\SpaceCenter\app\build\intermediates\pre-dexed\debug\twitter-text-1.13.0_7cc384c8cc1b3492c4e1e816e03ebbb70759f704.jar C:\Users\Администратор\.gradle\caches\modules-2\files-2.1\com.twitter\twitter-text\1.13.0\78415b95ae3184c5926d593feab64bfc0b73b2dd\twitter-text-1.13.0.jar
java_class_path (initial): D:\AndroidStudio\build-tools\25.0.1\lib\dx.jar
Launcher Type: SUN_STANDARD

Environment Variables:
JAVA_HOME=C:\Program Files\Java\jdk1.8.0_73
PATH=C:\ProgramData\Oracle\Java\javapath;C:\Program Files (x86)\Common Files\Microsoft Shared\Windows Live;C:\Program Files (x86)\PC Connectivity Solution\;C:\Windows\system32;C:\Windows;C:\Windows\System32\Wbem;C:\Windows\System32\WindowsPowerShell\v1.0\;C:\Program Files (x86)\Microsoft SQL Server\100\Tools\Binn\;C:\Program Files\Microsoft SQL Server\100\Tools\Binn\;C:\Program Files\Microsoft SQL Server\100\DTS\Binn\;C:\Program Files (x86)\NVIDIA Corporation\PhysX\Common;C:\Program Files (x86)\Skype\Phone\;C:\Program Files\Java\jdk1.8.0_73\bin;C:\Program Files\Git\cmd;C:\sqlite;C:\Program Files\Common Files\Microsoft Shared\Windows Live
USERNAME=Администратор
OS=Windows_NT
PROCESSOR_IDENTIFIER=Intel64 Family 6 Model 30 Stepping 5, GenuineIntel



---------------  S Y S T E M  ---------------

OS: Windows 7 , 64 bit Build 7601 (6.1.7601.23418)

CPU:total 4 (4 cores per cpu, 1 threads per core) family 6 model 30 stepping 5, cmov, cx8, fxsr, mmx, sse, sse2, sse3, ssse3, sse4.1, sse4.2, popcnt, tsc, tscinvbit

Memory: 4k page, physical 8379448k(889156k free), swap 10474740k(5488k free)

vm_info: Java HotSpot(TM) 64-Bit Server VM (25.73-b02) for windows-amd64 JRE (1.8.0_73-b02), built on Jan 29 2016 17:38:49 by "java_re" with MS VC++ 10.0 (VS2010)

time: Sun Dec 25 11:21:39 2016
elapsed time: 2 seconds (0d 0h 0m 2s)

