#
# There is insufficient memory for the Java Runtime Environment to continue.
# Native memory allocation (malloc) failed to allocate 262160 bytes for Chunk::new
# Possible reasons:
#   The system is out of physical RAM or swap space
#   In 32 bit mode, the process size limit was hit
# Possible solutions:
#   Reduce memory load on the system
#   Increase physical memory or swap space
#   Check if swap backing store is full
#   Use 64 bit Java on a 64 bit OS
#   Decrease Java heap size (-Xmx/-Xms)
#   Decrease number of Java threads
#   Decrease Java thread stack sizes (-Xss)
#   Set larger code cache with -XX:ReservedCodeCacheSize=
# This output file may be truncated or incomplete.
#
#  Out of Memory Error (allocation.cpp:390), pid=6296, tid=8144
#
# JRE version: Java(TM) SE Runtime Environment (8.0_73-b02) (build 1.8.0_73-b02)
# Java VM: Java HotSpot(TM) 64-Bit Server VM (25.73-b02 mixed mode windows-amd64 compressed oops)
# Failed to write core dump. Minidumps are not enabled by default on client versions of Windows
#

---------------  T H R E A D  ---------------

Current thread (0x00000000561f7800):  JavaThread "C2 CompilerThread1" daemon [_thread_in_native, id=8144, stack(0x0000000056c40000,0x0000000056d40000)]

Stack: [0x0000000056c40000,0x0000000056d40000]
[error occurred during error reporting (printing stack bounds), id 0xc0000005]

Native frames: (J=compiled Java code, j=interpreted, Vv=VM code, C=native code)


Current CompileTask:
C2:   6476 1317   !   4       com.android.dx.cf.code.BytecodeArray::parseInstruction (2764 bytes)


---------------  P R O C E S S  ---------------

Java Threads: ( => current thread )
  0x0000000056472800 JavaThread "pool-1-thread-4" [_thread_blocked, id=7428, stack(0x0000000056b20000,0x0000000056c20000)]
  0x000000005644b800 JavaThread "pool-1-thread-3" [_thread_blocked, id=7780, stack(0x0000000057640000,0x0000000057740000)]
  0x000000005644a000 JavaThread "pool-1-thread-2" [_thread_blocked, id=7860, stack(0x0000000057410000,0x0000000057510000)]
  0x0000000056449000 JavaThread "pool-2-thread-1" [_thread_blocked, id=7176, stack(0x00000000571f0000,0x00000000572f0000)]
  0x0000000056448000 JavaThread "pool-1-thread-1" [_thread_blocked, id=8356, stack(0x0000000056620000,0x0000000056720000)]
  0x0000000056278800 JavaThread "Service Thread" daemon [_thread_blocked, id=1948, stack(0x0000000056fa0000,0x00000000570a0000)]
  0x00000000561f9000 JavaThread "C1 CompilerThread2" daemon [_thread_blocked, id=7996, stack(0x0000000056d70000,0x0000000056e70000)]
=>0x00000000561f7800 JavaThread "C2 CompilerThread1" daemon [_thread_in_native, id=8144, stack(0x0000000056c40000,0x0000000056d40000)]
  0x00000000561f3800 JavaThread "C2 CompilerThread0" daemon [_thread_in_native, id=9004, stack(0x0000000056a00000,0x0000000056b00000)]
  0x0000000054d31800 JavaThread "Attach Listener" daemon [_thread_blocked, id=8912, stack(0x00000000568d0000,0x00000000569d0000)]
  0x0000000054d30000 JavaThread "Signal Dispatcher" daemon [_thread_blocked, id=6248, stack(0x0000000056750000,0x0000000056850000)]
  0x0000000054cd7000 JavaThread "Finalizer" daemon [_thread_blocked, id=6564, stack(0x00000000560f0000,0x00000000561f0000)]
  0x0000000054cd0000 JavaThread "Reference Handler" daemon [_thread_blocked, id=4860, stack(0x0000000055ff0000,0x00000000560f0000)]
  0x0000000001dce000 JavaThread "main" [_thread_in_vm, id=7372, stack(0x0000000001fc0000,0x00000000020c0000)]

Other Threads:
  0x0000000054cca800 VMThread [stack: 0x0000000055e00000,0x0000000055f00000] [id=5168]
  0x0000000056286800 WatcherThread [stack: 0x00000000570e0000,0x00000000571e0000] [id=5204]

VM state:not at safepoint (normal execution)

VM Mutex/Monitor currently owned by a thread: None

Heap:
 PSYoungGen      total 38400K, used 18349K [0x00000000eab00000, 0x00000000ef600000, 0x0000000100000000)
  eden space 33280K, 39% used [0x00000000eab00000,0x00000000eb7f1ad8,0x00000000ecb80000)
  from space 5120K, 99% used [0x00000000ecb80000,0x00000000ed079c80,0x00000000ed080000)
  to   space 5120K, 0% used [0x00000000ef100000,0x00000000ef100000,0x00000000ef600000)
 ParOldGen       total 87552K, used 2094K [0x00000000c0000000, 0x00000000c5580000, 0x00000000eab00000)
  object space 87552K, 2% used [0x00000000c0000000,0x00000000c020ba08,0x00000000c5580000)
 Metaspace       used 6004K, capacity 6960K, committed 7040K, reserved 1056768K
  class space    used 593K, capacity 616K, committed 640K, reserved 1048576K

Card table byte_map: [0x0000000011750000,0x0000000011960000] byte_map_base: 0x0000000011150000

Marking Bits: (ParMarkBitMap*) 0x0000000067e00600
 Begin Bits: [0x0000000012140000, 0x0000000013140000)
 End Bits:   [0x0000000013140000, 0x0000000014140000)

Polling page: 0x0000000000750000

CodeCache: size=245760Kb used=5325Kb max_used=5325Kb free=240434Kb
 bounds [0x0000000002390000, 0x00000000028d0000, 0x0000000011390000]
 total_blobs=1585 nmethods=1319 adapters=180
 compilation: enabled

Compilation events (10 events):
Event: 6.456 Thread 0x00000000561f9000 1327       3       com.android.dx.rop.cst.CstBaseMethodRef::getType (8 bytes)
Event: 6.456 Thread 0x00000000561f9000 nmethod 1327 0x00000000028b60d0 code [0x00000000028b6220, 0x00000000028b6410]
Event: 6.456 Thread 0x00000000561f9000 1319       3       com.android.dx.ssa.SsaRenamer$BlockRenamer::visitPhiInsn (6 bytes)
Event: 6.456 Thread 0x00000000561f9000 nmethod 1319 0x00000000028b5d50 code [0x00000000028b5ec0, 0x00000000028b6048]
Event: 6.456 Thread 0x00000000561f9000 1320       3       com.android.dx.ssa.MoveParamCombiner$1::visitPhiInsn (1 bytes)
Event: 6.457 Thread 0x00000000561f9000 nmethod 1320 0x00000000028c0cd0 code [0x00000000028c0e20, 0x00000000028c0f70]
Event: 6.457 Thread 0x00000000561f9000 1318       3       java.util.TreeMap::<init> (20 bytes)
Event: 6.457 Thread 0x00000000561f9000 nmethod 1318 0x00000000028c0850 code [0x00000000028c09c0, 0x00000000028c0bf0]
Event: 6.457 Thread 0x00000000561f7800 1317   !   4       com.android.dx.cf.code.BytecodeArray::parseInstruction (2764 bytes)
Event: 6.457 Thread 0x00000000561f3800 1324       4       com.android.dx.ssa.LocalVariableExtractor::processBlock (383 bytes)

GC Heap History (2 events):
Event: 5.187 GC heap before
{Heap before GC invocations=1 (full 0):
 PSYoungGen      total 38400K, used 33280K [0x00000000eab00000, 0x00000000ed580000, 0x0000000100000000)
  eden space 33280K, 100% used [0x00000000eab00000,0x00000000ecb80000,0x00000000ecb80000)
  from space 5120K, 0% used [0x00000000ed080000,0x00000000ed080000,0x00000000ed580000)
  to   space 5120K, 0% used [0x00000000ecb80000,0x00000000ecb80000,0x00000000ed080000)
 ParOldGen       total 87552K, used 0K [0x00000000c0000000, 0x00000000c5580000, 0x00000000eab00000)
  object space 87552K, 0% used [0x00000000c0000000,0x00000000c0000000,0x00000000c5580000)
 Metaspace       used 5927K, capacity 6896K, committed 7040K, reserved 1056768K
  class space    used 593K, capacity 616K, committed 640K, reserved 1048576K
Event: 5.715 GC heap after
Heap after GC invocations=1 (full 0):
 PSYoungGen      total 38400K, used 5095K [0x00000000eab00000, 0x00000000ef600000, 0x0000000100000000)
  eden space 33280K, 0% used [0x00000000eab00000,0x00000000eab00000,0x00000000ecb80000)
  from space 5120K, 99% used [0x00000000ecb80000,0x00000000ed079c80,0x00000000ed080000)
  to   space 5120K, 0% used [0x00000000ef100000,0x00000000ef100000,0x00000000ef600000)
 ParOldGen       total 87552K, used 2094K [0x00000000c0000000, 0x00000000c5580000, 0x00000000eab00000)
  object space 87552K, 2% used [0x00000000c0000000,0x00000000c020ba08,0x00000000c5580000)
 Metaspace       used 5927K, capacity 6896K, committed 7040K, reserved 1056768K
  class space    used 593K, capacity 616K, committed 640K, reserved 1048576K
}

Deoptimization events (9 events):
Event: 4.267 Thread 0x0000000056472800 Uncommon trap: reason=unstable_if action=reinterpret pc=0x00000000025b4aa8 method=java.util.HashMap.getNode(ILjava/lang/Object;)Ljava/util/HashMap$Node; @ 129
Event: 4.368 Thread 0x0000000056448000 Uncommon trap: reason=null_check action=make_not_entrant pc=0x00000000025c9f10 method=com.android.dx.rop.type.Type.equals(Ljava/lang/Object;)Z @ 8
Event: 4.503 Thread 0x0000000056472800 Uncommon trap: reason=unstable_if action=reinterpret pc=0x00000000025be184 method=com.android.dx.rop.code.RegisterSpec.equals(ILcom/android/dx/rop/type/TypeBearer;Lcom/android/dx/rop/code/LocalItem;)Z @ 42
Event: 4.530 Thread 0x0000000056472800 Uncommon trap: reason=null_check action=make_not_entrant pc=0x00000000025d4e88 method=com.android.dx.ssa.SsaRenamer.getLocalForNewReg(I)Lcom/android/dx/rop/code/LocalItem; @ 19
Event: 5.731 Thread 0x000000005644a000 Uncommon trap: reason=bimorphic action=maybe_recompile pc=0x00000000025c5ef0 method=java.util.HashMap.getNode(ILjava/lang/Object;)Ljava/util/HashMap$Node; @ 126
Event: 5.954 Thread 0x000000005644a000 Uncommon trap: reason=class_check action=maybe_recompile pc=0x000000000288c6fc method=com.android.dx.cf.code.BytecodeArray.parseInstruction(ILcom/android/dx/cf/code/BytecodeArray$Visitor;)I @ 2062
Event: 5.956 Thread 0x000000005644a000 Uncommon trap: reason=class_check action=maybe_recompile pc=0x000000000288c6fc method=com.android.dx.cf.code.BytecodeArray.parseInstruction(ILcom/android/dx/cf/code/BytecodeArray$Visitor;)I @ 2062
Event: 5.971 Thread 0x000000005644a000 Uncommon trap: reason=class_check action=maybe_recompile pc=0x000000000288c6fc method=com.android.dx.cf.code.BytecodeArray.parseInstruction(ILcom/android/dx/cf/code/BytecodeArray$Visitor;)I @ 2062
Event: 5.972 Thread 0x000000005644a000 Uncommon trap: reason=class_check action=maybe_recompile pc=0x000000000288c6fc method=com.android.dx.cf.code.BytecodeArray.parseInstruction(ILcom/android/dx/cf/code/BytecodeArray$Visitor;)I @ 2062

Internal exceptions (4 events):
Event: 0.073 Thread 0x0000000001dce000 Exception <a 'java/lang/NoSuchMethodError': Method sun.misc.Unsafe.defineClass(Ljava/lang/String;[BII)Ljava/lang/Class; name or signature does not match> (0x00000000eab13118) thrown at [D:\re\puppet\workspace\8-2-build-windows-amd64-cygwin\jdk8u73\6086\hotТCГІ?
Event: 0.073 Thread 0x0000000001dce000 Exception <a 'java/lang/NoSuchMethodError': Method sun.misc.Unsafe.prefetchRead(Ljava/lang/Object;J)V name or signature does not match> (0x00000000eab13400) thrown at [D:\re\puppet\workspace\8-2-build-windows-amd64-cygwin\jdk8u73\6086\hotspot\src\share\vm\QП„x@
Event: 4.368 Thread 0x0000000056448000 Implicit null exception at 0x00000000025c9e12 to 0x00000000025c9f02
Event: 4.530 Thread 0x0000000056472800 Implicit null exception at 0x00000000025d2e1f to 0x00000000025d4e45

Events (10 events):
Event: 5.955 Thread 0x000000005644a000 DEOPT UNPACKING pc=0x00000000023d582a sp=0x000000005750e858 mode 2
Event: 5.956 Thread 0x000000005644a000 Uncommon trap: trap_request=0xffffffde fr.pc=0x000000000288c6fc
Event: 5.956 Thread 0x000000005644a000 DEOPT PACKING pc=0x000000000288c6fc sp=0x000000005750e8c0
Event: 5.956 Thread 0x000000005644a000 DEOPT UNPACKING pc=0x00000000023d582a sp=0x000000005750e858 mode 2
Event: 5.971 Thread 0x000000005644a000 Uncommon trap: trap_request=0xffffffde fr.pc=0x000000000288c6fc
Event: 5.971 Thread 0x000000005644a000 DEOPT PACKING pc=0x000000000288c6fc sp=0x000000005750e8c0
Event: 5.971 Thread 0x000000005644a000 DEOPT UNPACKING pc=0x00000000023d582a sp=0x000000005750e858 mode 2
Event: 5.972 Thread 0x000000005644a000 Uncommon trap: trap_request=0xffffffde fr.pc=0x000000000288c6fc
Event: 5.972 Thread 0x000000005644a000 DEOPT PACKING pc=0x000000000288c6fc sp=0x000000005750e8c0
Event: 5.972 Thread 0x000000005644a000 DEOPT UNPACKING pc=0x00000000023d582a sp=0x000000005750e858 mode 2


Dynamic libraries:
0x000000013fa00000 - 0x000000013fa37000 	C:\Program Files\Java\jdk1.8.0_73\bin\java.exe
0x0000000077600000 - 0x00000000777aa000 	C:\Windows\SYSTEM32\ntdll.dll
0x00000000774e0000 - 0x00000000775ff000 	C:\Windows\system32\kernel32.dll
0x000007fefd4d0000 - 0x000007fefd53a000 	C:\Windows\system32\KERNELBASE.dll
0x000007fefdc30000 - 0x000007fefdd0b000 	C:\Windows\system32\ADVAPI32.dll
0x000007fefdd10000 - 0x000007fefddaf000 	C:\Windows\system32\msvcrt.dll
0x000007fefdf60000 - 0x000007fefdf7f000 	C:\Windows\SYSTEM32\sechost.dll
0x000007feff3d0000 - 0x000007feff4fd000 	C:\Windows\system32\RPCRT4.dll
0x00000000773e0000 - 0x00000000774da000 	C:\Windows\system32\USER32.dll
0x000007fefe4e0000 - 0x000007fefe547000 	C:\Windows\system32\GDI32.dll
0x000007fefe230000 - 0x000007fefe23e000 	C:\Windows\system32\LPK.dll
0x000007feff2e0000 - 0x000007feff3aa000 	C:\Windows\system32\USP10.dll
0x000007fefbe00000 - 0x000007fefbff4000 	C:\Windows\WinSxS\amd64_microsoft.windows.common-controls_6595b64144ccf1df_6.0.7601.17514_none_fa396087175ac9ac\COMCTL32.dll
0x000007fefddb0000 - 0x000007fefde21000 	C:\Windows\system32\SHLWAPI.dll
0x000007fefdf80000 - 0x000007fefdfae000 	C:\Windows\system32\IMM32.DLL
0x000007fefe240000 - 0x000007fefe349000 	C:\Windows\system32\MSCTF.dll
0x000000006b480000 - 0x000000006b552000 	C:\Program Files\Java\jdk1.8.0_73\jre\bin\msvcr100.dll
0x00000000675f0000 - 0x0000000067e80000 	C:\Program Files\Java\jdk1.8.0_73\jre\bin\server\jvm.dll
0x000007fefb0e0000 - 0x000007fefb0e9000 	C:\Windows\system32\WSOCK32.dll
0x000007fefdf10000 - 0x000007fefdf5d000 	C:\Windows\system32\WS2_32.dll
0x000007fefe220000 - 0x000007fefe228000 	C:\Windows\system32\NSI.dll
0x000007fefac90000 - 0x000007fefaccb000 	C:\Windows\system32\WINMM.dll
0x000007fefc490000 - 0x000007fefc49c000 	C:\Windows\system32\VERSION.dll
0x00000000777d0000 - 0x00000000777d7000 	C:\Windows\system32\PSAPI.DLL
0x0000000072310000 - 0x000000007231f000 	C:\Program Files\Java\jdk1.8.0_73\jre\bin\verify.dll
0x00000000722e0000 - 0x0000000072309000 	C:\Program Files\Java\jdk1.8.0_73\jre\bin\java.dll
0x00000000722c0000 - 0x00000000722d6000 	C:\Program Files\Java\jdk1.8.0_73\jre\bin\zip.dll
0x000007fefe550000 - 0x000007feff2d8000 	C:\Windows\system32\SHELL32.dll
0x000007fefdfb0000 - 0x000007fefe1b3000 	C:\Windows\system32\ole32.dll
0x000007fefd3c0000 - 0x000007fefd3cf000 	C:\Windows\system32\profapi.dll

VM Arguments:
jvm_args: -Djava.awt.headless=true -Xmx1024M -Dfile.encoding=windows-1251 -Duser.country=RU -Duser.language=ru -Duser.variant 
java_command: com.android.dx.command.Main --dex --force-jumbo --num-threads=4 --output D:\Programming\AndroidAppsCode\SpaceCenter\app\build\intermediates\pre-dexed\debug\okhttp-3.2.0_927a45ee9b258a78b33b6025f61ab9cb5add786e.jar C:\Users\Администратор\.gradle\caches\modules-2\files-2.1\com.squareup.okhttp3\okhttp\3.2.0\f7873a2ebde246a45c2a8d6f3247108b4c88a879\okhttp-3.2.0.jar
java_class_path (initial): D:\AndroidStudio\build-tools\25.0.1\lib\dx.jar
Launcher Type: SUN_STANDARD

Environment Variables:
JAVA_HOME=C:\Program Files\Java\jdk1.8.0_73
PATH=C:\ProgramData\Oracle\Java\javapath;C:\Program Files (x86)\Common Files\Microsoft Shared\Windows Live;C:\Program Files (x86)\PC Connectivity Solution\;C:\Windows\system32;C:\Windows;C:\Windows\System32\Wbem;C:\Windows\System32\WindowsPowerShell\v1.0\;C:\Program Files (x86)\Microsoft SQL Server\100\Tools\Binn\;C:\Program Files\Microsoft SQL Server\100\Tools\Binn\;C:\Program Files\Microsoft SQL Server\100\DTS\Binn\;C:\Program Files (x86)\NVIDIA Corporation\PhysX\Common;C:\Program Files (x86)\Skype\Phone\;C:\Program Files\Java\jdk1.8.0_73\bin;C:\Program Files\Git\cmd;C:\sqlite;C:\Program Files\Common Files\Microsoft Shared\Windows Live
USERNAME=Администратор
OS=Windows_NT
PROCESSOR_IDENTIFIER=Intel64 Family 6 Model 30 Stepping 5, GenuineIntel



---------------  S Y S T E M  ---------------

OS: Windows 7 , 64 bit Build 7601 (6.1.7601.23418)

CPU:total 4 (4 cores per cpu, 1 threads per core) family 6 model 30 stepping 5, cmov, cx8, fxsr, mmx, sse, sse2, sse3, ssse3, sse4.1, sse4.2, popcnt, tsc, tscinvbit

Memory: 4k page, physical 8379448k(776232k free), swap 10474740k(5096k free)

vm_info: Java HotSpot(TM) 64-Bit Server VM (25.73-b02) for windows-amd64 JRE (1.8.0_73-b02), built on Jan 29 2016 17:38:49 by "java_re" with MS VC++ 10.0 (VS2010)

time: Sun Dec 25 11:21:11 2016
elapsed time: 6 seconds (0d 0h 0m 6s)

