#
# There is insufficient memory for the Java Runtime Environment to continue.
# Native memory allocation (malloc) failed to allocate 434800 bytes for Chunk::new
# Possible reasons:
#   The system is out of physical RAM or swap space
#   In 32 bit mode, the process size limit was hit
# Possible solutions:
#   Reduce memory load on the system
#   Increase physical memory or swap space
#   Check if swap backing store is full
#   Use 64 bit Java on a 64 bit OS
#   Decrease Java heap size (-Xmx/-Xms)
#   Decrease number of Java threads
#   Decrease Java thread stack sizes (-Xss)
#   Set larger code cache with -XX:ReservedCodeCacheSize=
# This output file may be truncated or incomplete.
#
#  Out of Memory Error (allocation.cpp:390), pid=4796, tid=9160
#
# JRE version: Java(TM) SE Runtime Environment (8.0_73-b02) (build 1.8.0_73-b02)
# Java VM: Java HotSpot(TM) 64-Bit Server VM (25.73-b02 mixed mode windows-amd64 compressed oops)
# Failed to write core dump. Minidumps are not enabled by default on client versions of Windows
#

---------------  T H R E A D  ---------------

Current thread (0x0000000054ddd000):  JavaThread "C2 CompilerThread1" daemon [_thread_in_native, id=9160, stack(0x00000000566e0000,0x00000000567e0000)]

Stack: [0x00000000566e0000,0x00000000567e0000]
[error occurred during error reporting (printing stack bounds), id 0xc0000005]

Native frames: (J=compiled Java code, j=interpreted, Vv=VM code, C=native code)


Current CompileTask:
C2:   2320 1494       4       com.android.dx.rop.code.LocalVariableExtractor::processBlock (327 bytes)


---------------  P R O C E S S  ---------------

Java Threads: ( => current thread )
  0x0000000056a7b000 JavaThread "pool-1-thread-4" [_thread_blocked, id=3428, stack(0x00000000575b0000,0x00000000576b0000)]
  0x0000000056aab000 JavaThread "pool-1-thread-3" [_thread_blocked, id=5060, stack(0x0000000057410000,0x0000000057510000)]
  0x0000000056ab8800 JavaThread "pool-1-thread-2" [_thread_blocked, id=6652, stack(0x00000000572a0000,0x00000000573a0000)]
  0x0000000056ab7000 JavaThread "pool-2-thread-1" [_thread_blocked, id=8380, stack(0x0000000057000000,0x0000000057100000)]
  0x0000000056ab5800 JavaThread "pool-1-thread-1" [_thread_blocked, id=8668, stack(0x0000000056eb0000,0x0000000056fb0000)]
  0x000000005683d000 JavaThread "Service Thread" daemon [_thread_blocked, id=2616, stack(0x0000000056240000,0x0000000056340000)]
  0x000000005683a000 JavaThread "C1 CompilerThread2" daemon [_thread_blocked, id=6740, stack(0x0000000056c50000,0x0000000056d50000)]
=>0x0000000054ddd000 JavaThread "C2 CompilerThread1" daemon [_thread_in_native, id=9160, stack(0x00000000566e0000,0x00000000567e0000)]
  0x0000000054dd8000 JavaThread "C2 CompilerThread0" daemon [_thread_in_native, id=8924, stack(0x0000000056510000,0x0000000056610000)]
  0x0000000054dd4000 JavaThread "Attach Listener" daemon [_thread_blocked, id=8888, stack(0x0000000055f90000,0x0000000056090000)]
  0x0000000054dd2800 JavaThread "Signal Dispatcher" daemon [_thread_blocked, id=9168, stack(0x0000000056340000,0x0000000056440000)]
  0x0000000054d73000 JavaThread "Finalizer" daemon [_thread_blocked, id=8680, stack(0x00000000560c0000,0x00000000561c0000)]
  0x0000000054d72000 JavaThread "Reference Handler" daemon [_thread_blocked, id=9104, stack(0x0000000055e70000,0x0000000055f70000)]
  0x00000000002ae000 JavaThread "main" [_thread_blocked, id=9060, stack(0x0000000001f90000,0x0000000002090000)]

Other Threads:
  0x0000000054d6c800 VMThread [stack: 0x0000000055c80000,0x0000000055d80000] [id=9096]
  0x000000005684c800 WatcherThread [stack: 0x0000000056d90000,0x0000000056e90000] [id=8712]

VM state:not at safepoint (normal execution)

VM Mutex/Monitor currently owned by a thread: None

Heap:
 PSYoungGen      total 38400K, used 30608K [0x00000000eab00000, 0x00000000ed580000, 0x0000000100000000)
  eden space 33280K, 76% used [0x00000000eab00000,0x00000000ec3ea3f8,0x00000000ecb80000)
  from space 5120K, 99% used [0x00000000ecb80000,0x00000000ed079c78,0x00000000ed080000)
  to   space 5120K, 0% used [0x00000000ed080000,0x00000000ed080000,0x00000000ed580000)
 ParOldGen       total 87552K, used 1365K [0x00000000c0000000, 0x00000000c5580000, 0x00000000eab00000)
  object space 87552K, 1% used [0x00000000c0000000,0x00000000c0155628,0x00000000c5580000)
 Metaspace       used 6109K, capacity 7024K, committed 7296K, reserved 1056768K
  class space    used 595K, capacity 616K, committed 640K, reserved 1048576K

Card table byte_map: [0x0000000011720000,0x0000000011930000] byte_map_base: 0x0000000011120000

Marking Bits: (ParMarkBitMap*) 0x0000000067f60600
 Begin Bits: [0x00000000121e0000, 0x00000000131e0000)
 End Bits:   [0x00000000131e0000, 0x00000000141e0000)

Polling page: 0x0000000000130000

CodeCache: size=245760Kb used=6276Kb max_used=6276Kb free=239483Kb
 bounds [0x0000000002360000, 0x0000000002990000, 0x0000000011360000]
 total_blobs=1774 nmethods=1508 adapters=180
 compilation: enabled

Compilation events (10 events):
Event: 2.234 Thread 0x000000005683a000 1513       3       com.android.dx.rop.cst.CstNat::equals (48 bytes)
Event: 2.234 Thread 0x000000005683a000 nmethod 1513 0x0000000002980f90 code [0x0000000002981160, 0x0000000002981b38]
Event: 2.234 Thread 0x000000005683a000 1512       3       com.android.dx.ssa.SCCP::simulateMath (424 bytes)
Event: 2.235 Thread 0x000000005683a000 nmethod 1512 0x0000000002981dd0 code [0x0000000002982080, 0x0000000002983968]
Event: 2.235 Thread 0x000000005683a000 1514       3       com.android.dx.ssa.SsaBasicBlock::insertNewSuccessor (228 bytes)
Event: 2.236 Thread 0x000000005683a000 nmethod 1514 0x0000000002984450 code [0x0000000002984780, 0x0000000002985c68]
Event: 2.241 Thread 0x000000005683a000 1516       3       com.android.dx.ssa.LiteralOpUpgrader::isConstIntZeroOrKnownNull (34 bytes)
Event: 2.241 Thread 0x000000005683a000 nmethod 1516 0x0000000002975950 code [0x0000000002975ae0, 0x0000000002975fe8]
Event: 2.242 Thread 0x000000005683a000 1517       3       com.android.dx.ssa.back.SsaToRop::verifyValidExitPredecessor (53 bytes)
Event: 2.242 Thread 0x000000005683a000 nmethod 1517 0x0000000002986710 code [0x0000000002986900, 0x0000000002987118]

GC Heap History (2 events):
Event: 1.437 GC heap before
{Heap before GC invocations=1 (full 0):
 PSYoungGen      total 38400K, used 33280K [0x00000000eab00000, 0x00000000ed580000, 0x0000000100000000)
  eden space 33280K, 100% used [0x00000000eab00000,0x00000000ecb80000,0x00000000ecb80000)
  from space 5120K, 0% used [0x00000000ed080000,0x00000000ed080000,0x00000000ed580000)
  to   space 5120K, 0% used [0x00000000ecb80000,0x00000000ecb80000,0x00000000ed080000)
 ParOldGen       total 87552K, used 0K [0x00000000c0000000, 0x00000000c5580000, 0x00000000eab00000)
  object space 87552K, 0% used [0x00000000c0000000,0x00000000c0000000,0x00000000c5580000)
 Metaspace       used 6030K, capacity 6960K, committed 7040K, reserved 1056768K
  class space    used 595K, capacity 616K, committed 640K, reserved 1048576K
Event: 1.446 GC heap after
Heap after GC invocations=1 (full 0):
 PSYoungGen      total 38400K, used 5095K [0x00000000eab00000, 0x00000000ed580000, 0x0000000100000000)
  eden space 33280K, 0% used [0x00000000eab00000,0x00000000eab00000,0x00000000ecb80000)
  from space 5120K, 99% used [0x00000000ecb80000,0x00000000ed079c78,0x00000000ed080000)
  to   space 5120K, 0% used [0x00000000ed080000,0x00000000ed080000,0x00000000ed580000)
 ParOldGen       total 87552K, used 1365K [0x00000000c0000000, 0x00000000c5580000, 0x00000000eab00000)
  object space 87552K, 1% used [0x00000000c0000000,0x00000000c0155628,0x00000000c5580000)
 Metaspace       used 6030K, capacity 6960K, committed 7040K, reserved 1056768K
  class space    used 595K, capacity 616K, committed 640K, reserved 1048576K
}

Deoptimization events (10 events):
Event: 0.620 Thread 0x0000000056ab5800 Uncommon trap: reason=unstable_if action=reinterpret pc=0x0000000002573ea0 method=java.util.BitSet.nextSetBit(I)I @ 87
Event: 0.680 Thread 0x0000000056ab8800 Uncommon trap: reason=unstable_if action=reinterpret pc=0x00000000026817dc method=com.android.dx.rop.code.RegisterSpecSet.put(Lcom/android/dx/rop/code/RegisterSpec;)V @ 77
Event: 0.681 Thread 0x0000000056ab8800 Uncommon trap: reason=unstable_if action=reinterpret pc=0x000000000268ab58 method=com.android.dx.rop.code.RegisterSpecSet.put(Lcom/android/dx/rop/code/RegisterSpec;)V @ 77
Event: 0.815 Thread 0x0000000056aab000 Uncommon trap: reason=unstable_if action=reinterpret pc=0x0000000002592540 method=com.android.dx.rop.code.RegisterSpec.equals(ILcom/android/dx/rop/type/TypeBearer;Lcom/android/dx/rop/code/LocalItem;)Z @ 16
Event: 0.824 Thread 0x0000000056ab5800 Uncommon trap: reason=unstable_if action=reinterpret pc=0x00000000026d6b84 method=com.android.dx.ssa.SsaRenamer$BlockRenamer.addMapping(ILcom/android/dx/rop/code/RegisterSpec;)V @ 120
Event: 0.857 Thread 0x0000000056ab8800 Uncommon trap: reason=null_check action=make_not_entrant pc=0x000000000268506c method=com.android.dx.ssa.SsaRenamer.getLocalForNewReg(I)Lcom/android/dx/rop/code/LocalItem; @ 19
Event: 1.833 Thread 0x00000000002ae000 Uncommon trap: reason=unloaded action=reinterpret pc=0x00000000028edf2c method=com.android.dx.cf.cst.ConstantPoolParser.parse0(ILjava/util/BitSet;)Lcom/android/dx/rop/cst/Constant; @ 220
Event: 1.852 Thread 0x0000000056a7b000 Uncommon trap: reason=unstable_if action=reinterpret pc=0x00000000027fa890 method=com.android.dx.ssa.SCCP.simulateStmt(Lcom/android/dx/ssa/SsaInsn;)V @ 53
Event: 1.857 Thread 0x0000000056a7b000 Uncommon trap: reason=unstable_if action=reinterpret pc=0x000000000290687c method=com.android.dx.rop.code.RegisterSpec.equals(ILcom/android/dx/rop/type/TypeBearer;Lcom/android/dx/rop/code/LocalItem;)Z @ 42
Event: 1.857 Thread 0x0000000056a7b000 Uncommon trap: reason=unstable_if action=reinterpret pc=0x000000000269f2bc method=com.android.dx.rop.code.RegisterSpec.equals(ILcom/android/dx/rop/type/TypeBearer;Lcom/android/dx/rop/code/LocalItem;)Z @ 42

Internal exceptions (3 events):
Event: 0.089 Thread 0x00000000002ae000 Exception <a 'java/lang/NoSuchMethodError': Method sun.misc.Unsafe.defineClass(Ljava/lang/String;[BII)Ljava/lang/Class; name or signature does not match> (0x00000000eab13118) thrown at [D:\re\puppet\workspace\8-2-build-windows-amd64-cygwin\jdk8u73\6086\hotF~f@;Я¶?
Event: 0.089 Thread 0x00000000002ae000 Exception <a 'java/lang/NoSuchMethodError': Method sun.misc.Unsafe.prefetchRead(Ljava/lang/Object;J)V name or signature does not match> (0x00000000eab13400) thrown at [D:\re\puppet\workspace\8-2-build-windows-amd64-cygwin\jdk8u73\6086\hotspot\src\share\vm\эF.Тmл?
Event: 0.857 Thread 0x0000000056ab8800 Implicit null exception at 0x000000000268399f to 0x0000000002685021

Events (10 events):
Event: 1.833 Thread 0x00000000002ae000 DEOPT UNPACKING pc=0x00000000023a582a sp=0x000000000208ebc8 mode 2
Event: 1.852 Thread 0x0000000056a7b000 Uncommon trap: trap_request=0xffffff65 fr.pc=0x00000000027fa890
Event: 1.852 Thread 0x0000000056a7b000 DEOPT PACKING pc=0x00000000027fa890 sp=0x00000000576aeba0
Event: 1.852 Thread 0x0000000056a7b000 DEOPT UNPACKING pc=0x00000000023a582a sp=0x00000000576aeb68 mode 2
Event: 1.857 Thread 0x0000000056a7b000 Uncommon trap: trap_request=0xffffff65 fr.pc=0x000000000290687c
Event: 1.857 Thread 0x0000000056a7b000 DEOPT PACKING pc=0x000000000290687c sp=0x00000000576aec40
Event: 1.857 Thread 0x0000000056a7b000 DEOPT UNPACKING pc=0x00000000023a582a sp=0x00000000576aeb48 mode 2
Event: 1.857 Thread 0x0000000056a7b000 Uncommon trap: trap_request=0xffffff65 fr.pc=0x000000000269f2bc
Event: 1.857 Thread 0x0000000056a7b000 DEOPT PACKING pc=0x000000000269f2bc sp=0x00000000576aebb0
Event: 1.857 Thread 0x0000000056a7b000 DEOPT UNPACKING pc=0x00000000023a582a sp=0x00000000576aeb38 mode 2


Dynamic libraries:
0x000000013f3e0000 - 0x000000013f417000 	C:\Program Files\Java\jdk1.8.0_73\bin\java.exe
0x0000000077600000 - 0x00000000777aa000 	C:\Windows\SYSTEM32\ntdll.dll
0x00000000774e0000 - 0x00000000775ff000 	C:\Windows\system32\kernel32.dll
0x000007fefd4d0000 - 0x000007fefd53a000 	C:\Windows\system32\KERNELBASE.dll
0x000007fefdc30000 - 0x000007fefdd0b000 	C:\Windows\system32\ADVAPI32.dll
0x000007fefdd10000 - 0x000007fefddaf000 	C:\Windows\system32\msvcrt.dll
0x000007fefdf60000 - 0x000007fefdf7f000 	C:\Windows\SYSTEM32\sechost.dll
0x000007feff3d0000 - 0x000007feff4fd000 	C:\Windows\system32\RPCRT4.dll
0x00000000773e0000 - 0x00000000774da000 	C:\Windows\system32\USER32.dll
0x000007fefe4e0000 - 0x000007fefe547000 	C:\Windows\system32\GDI32.dll
0x000007fefe230000 - 0x000007fefe23e000 	C:\Windows\system32\LPK.dll
0x000007feff2e0000 - 0x000007feff3aa000 	C:\Windows\system32\USP10.dll
0x000007fefbe00000 - 0x000007fefbff4000 	C:\Windows\WinSxS\amd64_microsoft.windows.common-controls_6595b64144ccf1df_6.0.7601.17514_none_fa396087175ac9ac\COMCTL32.dll
0x000007fefddb0000 - 0x000007fefde21000 	C:\Windows\system32\SHLWAPI.dll
0x000007fefdf80000 - 0x000007fefdfae000 	C:\Windows\system32\IMM32.DLL
0x000007fefe240000 - 0x000007fefe349000 	C:\Windows\system32\MSCTF.dll
0x0000000067fe0000 - 0x00000000680b2000 	C:\Program Files\Java\jdk1.8.0_73\jre\bin\msvcr100.dll
0x0000000067750000 - 0x0000000067fe0000 	C:\Program Files\Java\jdk1.8.0_73\jre\bin\server\jvm.dll
0x000007fefb0e0000 - 0x000007fefb0e9000 	C:\Windows\system32\WSOCK32.dll
0x000007fefdf10000 - 0x000007fefdf5d000 	C:\Windows\system32\WS2_32.dll
0x000007fefe220000 - 0x000007fefe228000 	C:\Windows\system32\NSI.dll
0x000007fefac90000 - 0x000007fefaccb000 	C:\Windows\system32\WINMM.dll
0x000007fefc490000 - 0x000007fefc49c000 	C:\Windows\system32\VERSION.dll
0x00000000777d0000 - 0x00000000777d7000 	C:\Windows\system32\PSAPI.DLL
0x000000006bc10000 - 0x000000006bc1f000 	C:\Program Files\Java\jdk1.8.0_73\jre\bin\verify.dll
0x000000006b220000 - 0x000000006b249000 	C:\Program Files\Java\jdk1.8.0_73\jre\bin\java.dll
0x000000006bbb0000 - 0x000000006bbc6000 	C:\Program Files\Java\jdk1.8.0_73\jre\bin\zip.dll
0x000007fefe550000 - 0x000007feff2d8000 	C:\Windows\system32\SHELL32.dll
0x000007fefdfb0000 - 0x000007fefe1b3000 	C:\Windows\system32\ole32.dll
0x000007fefd3c0000 - 0x000007fefd3cf000 	C:\Windows\system32\profapi.dll

VM Arguments:
jvm_args: -Djava.awt.headless=true -Xmx1024M -Dfile.encoding=windows-1251 -Duser.country=RU -Duser.language=ru -Duser.variant 
java_command: com.android.dx.command.Main --dex --force-jumbo --num-threads=4 --output D:\Programming\AndroidAppsCode\SpaceCenter\app\build\intermediates\pre-dexed\debug\gson-2.6.1_4ded6bcd58e587bf4fb5a7a03758ad0b8812b9c6.jar C:\Users\Администратор\.gradle\caches\modules-2\files-2.1\com.google.code.gson\gson\2.6.1\b9d63507329a7178e026fc334f87587ee5070ac5\gson-2.6.1.jar
java_class_path (initial): D:\AndroidStudio\build-tools\25.0.1\lib\dx.jar
Launcher Type: SUN_STANDARD

Environment Variables:
JAVA_HOME=C:\Program Files\Java\jdk1.8.0_73
PATH=C:\ProgramData\Oracle\Java\javapath;C:\Program Files (x86)\Common Files\Microsoft Shared\Windows Live;C:\Program Files (x86)\PC Connectivity Solution\;C:\Windows\system32;C:\Windows;C:\Windows\System32\Wbem;C:\Windows\System32\WindowsPowerShell\v1.0\;C:\Program Files (x86)\Microsoft SQL Server\100\Tools\Binn\;C:\Program Files\Microsoft SQL Server\100\Tools\Binn\;C:\Program Files\Microsoft SQL Server\100\DTS\Binn\;C:\Program Files (x86)\NVIDIA Corporation\PhysX\Common;C:\Program Files (x86)\Skype\Phone\;C:\Program Files\Java\jdk1.8.0_73\bin;C:\Program Files\Git\cmd;C:\sqlite;C:\Program Files\Common Files\Microsoft Shared\Windows Live
USERNAME=Администратор
OS=Windows_NT
PROCESSOR_IDENTIFIER=Intel64 Family 6 Model 30 Stepping 5, GenuineIntel



---------------  S Y S T E M  ---------------

OS: Windows 7 , 64 bit Build 7601 (6.1.7601.23418)

CPU:total 4 (4 cores per cpu, 1 threads per core) family 6 model 30 stepping 5, cmov, cx8, fxsr, mmx, sse, sse2, sse3, ssse3, sse4.1, sse4.2, popcnt, tsc, tscinvbit

Memory: 4k page, physical 8379448k(773428k free), swap 10474740k(5380k free)

vm_info: Java HotSpot(TM) 64-Bit Server VM (25.73-b02) for windows-amd64 JRE (1.8.0_73-b02), built on Jan 29 2016 17:38:49 by "java_re" with MS VC++ 10.0 (VS2010)

time: Sun Dec 25 09:01:00 2016
elapsed time: 2 seconds (0d 0h 0m 2s)

