#
# There is insufficient memory for the Java Runtime Environment to continue.
# Native memory allocation (malloc) failed to allocate 955056 bytes for Chunk::new
# Possible reasons:
#   The system is out of physical RAM or swap space
#   In 32 bit mode, the process size limit was hit
# Possible solutions:
#   Reduce memory load on the system
#   Increase physical memory or swap space
#   Check if swap backing store is full
#   Use 64 bit Java on a 64 bit OS
#   Decrease Java heap size (-Xmx/-Xms)
#   Decrease number of Java threads
#   Decrease Java thread stack sizes (-Xss)
#   Set larger code cache with -XX:ReservedCodeCacheSize=
# This output file may be truncated or incomplete.
#
#  Out of Memory Error (allocation.cpp:390), pid=4496, tid=5128
#
# JRE version: Java(TM) SE Runtime Environment (8.0_73-b02) (build 1.8.0_73-b02)
# Java VM: Java HotSpot(TM) 64-Bit Server VM (25.73-b02 mixed mode windows-amd64 compressed oops)
# Failed to write core dump. Minidumps are not enabled by default on client versions of Windows
#

---------------  T H R E A D  ---------------

Current thread (0x00000000567e7000):  JavaThread "C2 CompilerThread1" daemon [_thread_in_native, id=5128, stack(0x0000000056580000,0x0000000056680000)]

Stack: [0x0000000056580000,0x0000000056680000]
[error occurred during error reporting (printing stack bounds), id 0xc0000005]

Native frames: (J=compiled Java code, j=interpreted, Vv=VM code, C=native code)


Current CompileTask:
C2:   6632 1247       4       com.android.dx.ssa.SCCP::simulateStmt (481 bytes)


---------------  P R O C E S S  ---------------

Java Threads: ( => current thread )
  0x00000000569f9800 JavaThread "pool-1-thread-4" [_thread_blocked, id=4820, stack(0x0000000057540000,0x0000000057640000)]
  0x00000000569f1000 JavaThread "pool-1-thread-3" [_thread_in_Java, id=3224, stack(0x0000000056ba0000,0x0000000056ca0000)]
  0x00000000569f0000 JavaThread "pool-1-thread-2" [_thread_blocked, id=7032, stack(0x0000000056e20000,0x0000000056f20000)]
  0x000000005690c000 JavaThread "pool-2-thread-1" [_thread_blocked, id=4140, stack(0x0000000057370000,0x0000000057470000)]
  0x0000000056906000 JavaThread "pool-1-thread-1" [_thread_blocked, id=6388, stack(0x0000000057200000,0x0000000057300000)]
  0x00000000567eb000 JavaThread "Service Thread" daemon [_thread_blocked, id=9104, stack(0x0000000056f30000,0x0000000057030000)]
  0x00000000567e8000 JavaThread "C1 CompilerThread2" daemon [_thread_blocked, id=7844, stack(0x0000000056ce0000,0x0000000056de0000)]
=>0x00000000567e7000 JavaThread "C2 CompilerThread1" daemon [_thread_in_native, id=5128, stack(0x0000000056580000,0x0000000056680000)]
  0x0000000054d16000 JavaThread "C2 CompilerThread0" daemon [_thread_in_native, id=5404, stack(0x0000000056690000,0x0000000056790000)]
  0x0000000054d0f000 JavaThread "Attach Listener" daemon [_thread_blocked, id=8864, stack(0x0000000056270000,0x0000000056370000)]
  0x0000000054d0d800 JavaThread "Signal Dispatcher" daemon [_thread_blocked, id=9188, stack(0x0000000056450000,0x0000000056550000)]
  0x0000000054cb7000 JavaThread "Finalizer" daemon [_thread_blocked, id=2064, stack(0x0000000056170000,0x0000000056270000)]
  0x0000000054cb0000 JavaThread "Reference Handler" daemon [_thread_blocked, id=6408, stack(0x0000000055f80000,0x0000000056080000)]
  0x00000000001ce000 JavaThread "main" [_thread_in_Java, id=7908, stack(0x0000000002030000,0x0000000002130000)]

Other Threads:
  0x0000000054caa800 VMThread [stack: 0x0000000055d80000,0x0000000055e80000] [id=2724]
  0x00000000567f2800 WatcherThread [stack: 0x00000000570d0000,0x00000000571d0000] [id=8672]

VM state:not at safepoint (normal execution)

VM Mutex/Monitor currently owned by a thread: None

Heap:
 PSYoungGen      total 38400K, used 25694K [0x00000000eab00000, 0x00000000ef600000, 0x0000000100000000)
  eden space 33280K, 61% used [0x00000000eab00000,0x00000000ebf1c1a8,0x00000000ecb80000)
  from space 5120K, 99% used [0x00000000ecb80000,0x00000000ed07ba40,0x00000000ed080000)
  to   space 5120K, 0% used [0x00000000ef100000,0x00000000ef100000,0x00000000ef600000)
 ParOldGen       total 87552K, used 2084K [0x00000000c0000000, 0x00000000c5580000, 0x00000000eab00000)
  object space 87552K, 2% used [0x00000000c0000000,0x00000000c02092f0,0x00000000c5580000)
 Metaspace       used 5811K, capacity 6896K, committed 7040K, reserved 1056768K
  class space    used 580K, capacity 616K, committed 640K, reserved 1048576K

Card table byte_map: [0x00000000117c0000,0x00000000119d0000] byte_map_base: 0x00000000111c0000

Marking Bits: (ParMarkBitMap*) 0x0000000067e00600
 Begin Bits: [0x0000000012120000, 0x0000000013120000)
 End Bits:   [0x0000000013120000, 0x0000000014120000)

Polling page: 0x0000000000140000

CodeCache: size=245760Kb used=5009Kb max_used=5025Kb free=240750Kb
 bounds [0x0000000002400000, 0x00000000028f0000, 0x0000000011400000]
 total_blobs=1522 nmethods=1261 adapters=175
 compilation: enabled

Compilation events (10 events):
Event: 6.558 Thread 0x0000000054d16000 nmethod 1223 0x00000000028db3d0 code [0x00000000028db540, 0x00000000028db7f8]
Event: 6.558 Thread 0x0000000054d16000 1243       4       com.android.dx.dex.code.CodeAddress::<init> (7 bytes)
Event: 6.559 Thread 0x0000000054d16000 nmethod 1243 0x00000000028e25d0 code [0x00000000028e2720, 0x00000000028e27b8]
Event: 6.559 Thread 0x0000000054d16000 1248       4       com.android.dx.util.LabeledList::set (45 bytes)
Event: 6.560 Thread 0x00000000567e7000 nmethod 1231 0x00000000028daa90 code [0x00000000028dac00, 0x00000000028db018]
Event: 6.560 Thread 0x00000000567e7000 1247       4       com.android.dx.ssa.SCCP::simulateStmt (481 bytes)
Event: 6.568 Thread 0x0000000054d16000 nmethod 1248 0x00000000028e6990 code [0x00000000028e6b00, 0x00000000028e71d8]
Event: 6.568 Thread 0x0000000054d16000 1269 %     4       com.android.dx.rop.code.RopMethod::calcPredecessors @ 91 (227 bytes)
Event: 6.599 Thread 0x0000000054d16000 nmethod 1269% 0x00000000028ec1d0 code [0x00000000028ec3c0, 0x00000000028ed7b8]
Event: 6.599 Thread 0x0000000054d16000 1274 %     4       com.android.dx.ssa.SsaMethod::deleteInsns @ 42 (239 bytes)

GC Heap History (2 events):
Event: 5.750 GC heap before
{Heap before GC invocations=1 (full 0):
 PSYoungGen      total 38400K, used 33280K [0x00000000eab00000, 0x00000000ed580000, 0x0000000100000000)
  eden space 33280K, 100% used [0x00000000eab00000,0x00000000ecb80000,0x00000000ecb80000)
  from space 5120K, 0% used [0x00000000ed080000,0x00000000ed080000,0x00000000ed580000)
  to   space 5120K, 0% used [0x00000000ecb80000,0x00000000ecb80000,0x00000000ed080000)
 ParOldGen       total 87552K, used 0K [0x00000000c0000000, 0x00000000c5580000, 0x00000000eab00000)
  object space 87552K, 0% used [0x00000000c0000000,0x00000000c0000000,0x00000000c5580000)
 Metaspace       used 5725K, capacity 6832K, committed 7040K, reserved 1056768K
  class space    used 577K, capacity 616K, committed 640K, reserved 1048576K
Event: 6.065 GC heap after
Heap after GC invocations=1 (full 0):
 PSYoungGen      total 38400K, used 5102K [0x00000000eab00000, 0x00000000ef600000, 0x0000000100000000)
  eden space 33280K, 0% used [0x00000000eab00000,0x00000000eab00000,0x00000000ecb80000)
  from space 5120K, 99% used [0x00000000ecb80000,0x00000000ed07ba40,0x00000000ed080000)
  to   space 5120K, 0% used [0x00000000ef100000,0x00000000ef100000,0x00000000ef600000)
 ParOldGen       total 87552K, used 2084K [0x00000000c0000000, 0x00000000c5580000, 0x00000000eab00000)
  object space 87552K, 2% used [0x00000000c0000000,0x00000000c02092f0,0x00000000c5580000)
 Metaspace       used 5725K, capacity 6832K, committed 7040K, reserved 1056768K
  class space    used 577K, capacity 616K, committed 640K, reserved 1048576K
}

Deoptimization events (10 events):
Event: 6.079 Thread 0x00000000569f0000 Uncommon trap: reason=unstable_if action=reinterpret pc=0x00000000026c69e4 method=com.android.dx.rop.code.RegisterSpec.equals(ILcom/android/dx/rop/type/TypeBearer;Lcom/android/dx/rop/code/LocalItem;)Z @ 24
Event: 6.080 Thread 0x00000000569f0000 Uncommon trap: reason=unstable_if action=reinterpret pc=0x00000000026d66bc method=com.android.dx.rop.code.RegisterSpec.equals(ILcom/android/dx/rop/type/TypeBearer;Lcom/android/dx/rop/code/LocalItem;)Z @ 24
Event: 6.546 Thread 0x00000000569f1000 Uncommon trap: reason=bimorphic action=maybe_recompile pc=0x00000000028cd688 method=com.android.dx.cf.code.BytecodeArray.parseInstruction(ILcom/android/dx/cf/code/BytecodeArray$Visitor;)I @ 1597
Event: 6.552 Thread 0x00000000569f1000 Uncommon trap: reason=bimorphic action=maybe_recompile pc=0x00000000028cd688 method=com.android.dx.cf.code.BytecodeArray.parseInstruction(ILcom/android/dx/cf/code/BytecodeArray$Visitor;)I @ 1597
Event: 6.553 Thread 0x00000000569f1000 Uncommon trap: reason=null_check action=make_not_entrant pc=0x0000000002718da0 method=com.android.dx.rop.type.Type.equals(Ljava/lang/Object;)Z @ 8
Event: 6.582 Thread 0x00000000001ce000 Uncommon trap: reason=class_check action=maybe_recompile pc=0x00000000028e0894 method=com.android.dx.ssa.NormalSsaInsn.accept(Lcom/android/dx/ssa/SsaInsn$Visitor;)V @ 9
Event: 6.593 Thread 0x00000000001ce000 Uncommon trap: reason=unstable_if action=reinterpret pc=0x00000000025918e4 method=java.lang.String.<init>([CII)V @ 18
Event: 6.604 Thread 0x00000000569f1000 Uncommon trap: reason=class_check action=maybe_recompile pc=0x00000000028e0894 method=com.android.dx.ssa.NormalSsaInsn.accept(Lcom/android/dx/ssa/SsaInsn$Visitor;)V @ 9
Event: 6.604 Thread 0x00000000569f1000 Uncommon trap: reason=class_check action=maybe_recompile pc=0x00000000028e0894 method=com.android.dx.ssa.NormalSsaInsn.accept(Lcom/android/dx/ssa/SsaInsn$Visitor;)V @ 9
Event: 6.604 Thread 0x00000000569f1000 Uncommon trap: reason=class_check action=maybe_recompile pc=0x00000000028e0894 method=com.android.dx.ssa.NormalSsaInsn.accept(Lcom/android/dx/ssa/SsaInsn$Visitor;)V @ 9

Internal exceptions (3 events):
Event: 0.072 Thread 0x00000000001ce000 Exception <a 'java/lang/NoSuchMethodError': Method sun.misc.Unsafe.defineClass(Ljava/lang/String;[BII)Ljava/lang/Class; name or signature does not match> (0x00000000eab13118) thrown at [D:\re\puppet\workspace\8-2-build-windows-amd64-cygwin\jdk8u73\6086\hotLiA×e…²?
Event: 0.072 Thread 0x00000000001ce000 Exception <a 'java/lang/NoSuchMethodError': Method sun.misc.Unsafe.prefetchRead(Ljava/lang/Object;J)V name or signature does not match> (0x00000000eab13400) thrown at [D:\re\puppet\workspace\8-2-build-windows-amd64-cygwin\jdk8u73\6086\hotspot\src\share\vm\/zb-Ð5@
Event: 6.553 Thread 0x00000000569f1000 Implicit null exception at 0x0000000002718c92 to 0x0000000002718d91

Events (10 events):
Event: 6.604 Thread 0x00000000569f1000 DEOPT PACKING pc=0x00000000028e0894 sp=0x0000000056c9e940
Event: 6.604 Thread 0x00000000569f1000 DEOPT UNPACKING pc=0x000000000244582a sp=0x0000000056c9e910 mode 2
Event: 6.604 Thread 0x00000000569f1000 Uncommon trap: trap_request=0xffffffde fr.pc=0x00000000028e0894
Event: 6.604 Thread 0x00000000569f1000 DEOPT PACKING pc=0x00000000028e0894 sp=0x0000000056c9e940
Event: 6.604 Thread 0x00000000569f1000 DEOPT UNPACKING pc=0x000000000244582a sp=0x0000000056c9e910 mode 2
Event: 6.604 Thread 0x00000000569f1000 Uncommon trap: trap_request=0xffffffde fr.pc=0x00000000028e0894
Event: 6.604 Thread 0x00000000569f1000 DEOPT PACKING pc=0x00000000028e0894 sp=0x0000000056c9e940
Event: 6.604 Thread 0x00000000569f1000 DEOPT UNPACKING pc=0x000000000244582a sp=0x0000000056c9e910 mode 2
Event: 6.628 Thread 0x00000000569f1000 DEOPT PACKING pc=0x00000000027d97f5 sp=0x0000000056c9e890
Event: 6.628 Thread 0x00000000569f1000 DEOPT UNPACKING pc=0x000000000244747f sp=0x0000000056c9e628 mode 0


Dynamic libraries:
0x000000013fa00000 - 0x000000013fa37000 	C:\Program Files\Java\jdk1.8.0_73\bin\java.exe
0x0000000077600000 - 0x00000000777aa000 	C:\Windows\SYSTEM32\ntdll.dll
0x00000000774e0000 - 0x00000000775ff000 	C:\Windows\system32\kernel32.dll
0x000007fefd4d0000 - 0x000007fefd53a000 	C:\Windows\system32\KERNELBASE.dll
0x000007fefdc30000 - 0x000007fefdd0b000 	C:\Windows\system32\ADVAPI32.dll
0x000007fefdd10000 - 0x000007fefddaf000 	C:\Windows\system32\msvcrt.dll
0x000007fefdf60000 - 0x000007fefdf7f000 	C:\Windows\SYSTEM32\sechost.dll
0x000007feff3d0000 - 0x000007feff4fd000 	C:\Windows\system32\RPCRT4.dll
0x00000000773e0000 - 0x00000000774da000 	C:\Windows\system32\USER32.dll
0x000007fefe4e0000 - 0x000007fefe547000 	C:\Windows\system32\GDI32.dll
0x000007fefe230000 - 0x000007fefe23e000 	C:\Windows\system32\LPK.dll
0x000007feff2e0000 - 0x000007feff3aa000 	C:\Windows\system32\USP10.dll
0x000007fefbe00000 - 0x000007fefbff4000 	C:\Windows\WinSxS\amd64_microsoft.windows.common-controls_6595b64144ccf1df_6.0.7601.17514_none_fa396087175ac9ac\COMCTL32.dll
0x000007fefddb0000 - 0x000007fefde21000 	C:\Windows\system32\SHLWAPI.dll
0x000007fefdf80000 - 0x000007fefdfae000 	C:\Windows\system32\IMM32.DLL
0x000007fefe240000 - 0x000007fefe349000 	C:\Windows\system32\MSCTF.dll
0x000000006b480000 - 0x000000006b552000 	C:\Program Files\Java\jdk1.8.0_73\jre\bin\msvcr100.dll
0x00000000675f0000 - 0x0000000067e80000 	C:\Program Files\Java\jdk1.8.0_73\jre\bin\server\jvm.dll
0x000007fefb0e0000 - 0x000007fefb0e9000 	C:\Windows\system32\WSOCK32.dll
0x000007fefdf10000 - 0x000007fefdf5d000 	C:\Windows\system32\WS2_32.dll
0x000007fefe220000 - 0x000007fefe228000 	C:\Windows\system32\NSI.dll
0x000007fefac90000 - 0x000007fefaccb000 	C:\Windows\system32\WINMM.dll
0x000007fefc490000 - 0x000007fefc49c000 	C:\Windows\system32\VERSION.dll
0x00000000777d0000 - 0x00000000777d7000 	C:\Windows\system32\PSAPI.DLL
0x0000000072310000 - 0x000000007231f000 	C:\Program Files\Java\jdk1.8.0_73\jre\bin\verify.dll
0x00000000722e0000 - 0x0000000072309000 	C:\Program Files\Java\jdk1.8.0_73\jre\bin\java.dll
0x00000000722c0000 - 0x00000000722d6000 	C:\Program Files\Java\jdk1.8.0_73\jre\bin\zip.dll
0x000007fefe550000 - 0x000007feff2d8000 	C:\Windows\system32\SHELL32.dll
0x000007fefdfb0000 - 0x000007fefe1b3000 	C:\Windows\system32\ole32.dll
0x000007fefd3c0000 - 0x000007fefd3cf000 	C:\Windows\system32\profapi.dll

VM Arguments:
jvm_args: -Djava.awt.headless=true -Xmx1024M -Dfile.encoding=windows-1251 -Duser.country=RU -Duser.language=ru -Duser.variant 
java_command: com.android.dx.command.Main --dex --force-jumbo --num-threads=4 --output D:\Programming\AndroidAppsCode\SpaceCenter\app\build\intermediates\pre-dexed\debug\main_44cb2dcd5fba246a5dfa739be527caf432c5af58.jar D:\Programming\AndroidAppsCode\SpaceCenter\app\build\intermediates\transforms\instantRun\debug\folders\1\5\main
java_class_path (initial): D:\AndroidStudio\build-tools\25.0.1\lib\dx.jar
Launcher Type: SUN_STANDARD

Environment Variables:
JAVA_HOME=C:\Program Files\Java\jdk1.8.0_73
PATH=C:\ProgramData\Oracle\Java\javapath;C:\Program Files (x86)\Common Files\Microsoft Shared\Windows Live;C:\Program Files (x86)\PC Connectivity Solution\;C:\Windows\system32;C:\Windows;C:\Windows\System32\Wbem;C:\Windows\System32\WindowsPowerShell\v1.0\;C:\Program Files (x86)\Microsoft SQL Server\100\Tools\Binn\;C:\Program Files\Microsoft SQL Server\100\Tools\Binn\;C:\Program Files\Microsoft SQL Server\100\DTS\Binn\;C:\Program Files (x86)\NVIDIA Corporation\PhysX\Common;C:\Program Files (x86)\Skype\Phone\;C:\Program Files\Java\jdk1.8.0_73\bin;C:\Program Files\Git\cmd;C:\sqlite;C:\Program Files\Common Files\Microsoft Shared\Windows Live
USERNAME=Àäìèíèñòðàòîð
OS=Windows_NT
PROCESSOR_IDENTIFIER=Intel64 Family 6 Model 30 Stepping 5, GenuineIntel



---------------  S Y S T E M  ---------------

OS: Windows 7 , 64 bit Build 7601 (6.1.7601.23418)

CPU:total 4 (4 cores per cpu, 1 threads per core) family 6 model 30 stepping 5, cmov, cx8, fxsr, mmx, sse, sse2, sse3, ssse3, sse4.1, sse4.2, popcnt, tsc, tscinvbit

Memory: 4k page, physical 8379448k(772236k free), swap 10474740k(5876k free)

vm_info: Java HotSpot(TM) 64-Bit Server VM (25.73-b02) for windows-amd64 JRE (1.8.0_73-b02), built on Jan 29 2016 17:38:49 by "java_re" with MS VC++ 10.0 (VS2010)

time: Sun Dec 25 11:21:11 2016
elapsed time: 6 seconds (0d 0h 0m 6s)

