#
# There is insufficient memory for the Java Runtime Environment to continue.
# Native memory allocation (malloc) failed to allocate 1646976 bytes for Chunk::new
# Possible reasons:
#   The system is out of physical RAM or swap space
#   In 32 bit mode, the process size limit was hit
# Possible solutions:
#   Reduce memory load on the system
#   Increase physical memory or swap space
#   Check if swap backing store is full
#   Use 64 bit Java on a 64 bit OS
#   Decrease Java heap size (-Xmx/-Xms)
#   Decrease number of Java threads
#   Decrease Java thread stack sizes (-Xss)
#   Set larger code cache with -XX:ReservedCodeCacheSize=
# This output file may be truncated or incomplete.
#
#  Out of Memory Error (allocation.cpp:390), pid=8308, tid=5212
#
# JRE version: Java(TM) SE Runtime Environment (8.0_73-b02) (build 1.8.0_73-b02)
# Java VM: Java HotSpot(TM) 64-Bit Server VM (25.73-b02 mixed mode windows-amd64 compressed oops)
# Failed to write core dump. Minidumps are not enabled by default on client versions of Windows
#

---------------  T H R E A D  ---------------

Current thread (0x0000000054f4b000):  JavaThread "C2 CompilerThread1" daemon [_thread_in_native, id=5212, stack(0x00000000567b0000,0x00000000568b0000)]

Stack: [0x00000000567b0000,0x00000000568b0000]
[error occurred during error reporting (printing stack bounds), id 0xc0000005]

Native frames: (J=compiled Java code, j=interpreted, Vv=VM code, C=native code)


Current CompileTask:
C2:   1778 1219   !   4       com.android.dx.cf.code.BytecodeArray::parseInstruction (2764 bytes)


---------------  P R O C E S S  ---------------

Java Threads: ( => current thread )
  0x0000000056b98800 JavaThread "pool-1-thread-4" [_thread_blocked, id=6996, stack(0x00000000564a0000,0x00000000565a0000)]
  0x0000000056b92800 JavaThread "pool-1-thread-3" [_thread_in_Java, id=5920, stack(0x0000000057f80000,0x0000000058080000)]
  0x0000000056c05800 JavaThread "pool-1-thread-2" [_thread_blocked, id=8596, stack(0x0000000057e00000,0x0000000057f00000)]
  0x0000000056bae800 JavaThread "pool-2-thread-1" [_thread_blocked, id=8688, stack(0x0000000057c50000,0x0000000057d50000)]
  0x0000000056b87800 JavaThread "pool-1-thread-1" [_thread_blocked, id=8588, stack(0x00000000579f0000,0x0000000057af0000)]
  0x0000000056919800 JavaThread "Service Thread" daemon [_thread_blocked, id=5416, stack(0x0000000056e80000,0x0000000056f80000)]
  0x0000000054f4c000 JavaThread "C1 CompilerThread2" daemon [_thread_in_native, id=6540, stack(0x0000000056cf0000,0x0000000056df0000)]
=>0x0000000054f4b000 JavaThread "C2 CompilerThread1" daemon [_thread_in_native, id=5212, stack(0x00000000567b0000,0x00000000568b0000)]
  0x0000000054f46800 JavaThread "C2 CompilerThread0" daemon [_thread_in_native, id=6624, stack(0x00000000565c0000,0x00000000566c0000)]
  0x0000000054f3f800 JavaThread "Attach Listener" daemon [_thread_blocked, id=7788, stack(0x0000000056350000,0x0000000056450000)]
  0x0000000054f3e800 JavaThread "Signal Dispatcher" daemon [_thread_blocked, id=6700, stack(0x00000000561e0000,0x00000000562e0000)]
  0x0000000054ee7000 JavaThread "Finalizer" daemon [_thread_blocked, id=6664, stack(0x0000000055ed0000,0x0000000055fd0000)]
  0x0000000054ee0000 JavaThread "Reference Handler" daemon [_thread_blocked, id=7256, stack(0x0000000056080000,0x0000000056180000)]
  0x0000000001ede000 JavaThread "main" [_thread_blocked, id=7848, stack(0x0000000002150000,0x0000000002250000)]

Other Threads:
  0x0000000054eda800 VMThread [stack: 0x0000000055dc0000,0x0000000055ec0000] [id=5152]
  0x000000005692c800 WatcherThread [stack: 0x0000000057070000,0x0000000057170000] [id=6856]

VM state:not at safepoint (normal execution)

VM Mutex/Monitor currently owned by a thread: None

Heap:
 PSYoungGen      total 38400K, used 27428K [0x00000000eab00000, 0x00000000ef600000, 0x0000000100000000)
  eden space 33280K, 67% used [0x00000000eab00000,0x00000000ec0cf690,0x00000000ecb80000)
  from space 5120K, 99% used [0x00000000ecb80000,0x00000000ed079c78,0x00000000ed080000)
  to   space 5120K, 0% used [0x00000000ef100000,0x00000000ef100000,0x00000000ef600000)
 ParOldGen       total 87552K, used 988K [0x00000000c0000000, 0x00000000c5580000, 0x00000000eab00000)
  object space 87552K, 1% used [0x00000000c0000000,0x00000000c00f7358,0x00000000c5580000)
 Metaspace       used 5908K, capacity 6960K, committed 7040K, reserved 1056768K
  class space    used 588K, capacity 616K, committed 640K, reserved 1048576K

Card table byte_map: [0x00000000118e0000,0x0000000011af0000] byte_map_base: 0x00000000112e0000

Marking Bits: (ParMarkBitMap*) 0x0000000067f60600
 Begin Bits: [0x0000000012350000, 0x0000000013350000)
 End Bits:   [0x0000000013350000, 0x0000000014350000)

Polling page: 0x0000000000240000

CodeCache: size=245760Kb used=4919Kb max_used=4919Kb free=240840Kb
 bounds [0x0000000002520000, 0x0000000002a00000, 0x0000000011520000]
 total_blobs=1523 nmethods=1261 adapters=176
 compilation: enabled

Compilation events (10 events):
Event: 1.767 Thread 0x0000000054f4c000 1262       3       com.android.dx.dex.code.RopTranslator::outputInstructions (69 bytes)
Event: 1.768 Thread 0x0000000054f4c000 nmethod 1262 0x00000000029eb090 code [0x00000000029eb220, 0x00000000029eb678]
Event: 1.768 Thread 0x0000000054f4c000 1263       3       com.android.dx.dex.code.OutputFinisher::hasLocalInfo (20 bytes)
Event: 1.768 Thread 0x0000000054f4c000 nmethod 1263 0x00000000029eb850 code [0x00000000029eb9c0, 0x00000000029ebc50]
Event: 1.769 Thread 0x0000000054f46800 nmethod 1236 0x00000000029ef350 code [0x00000000029ef500, 0x00000000029efed8]
Event: 1.769 Thread 0x0000000054f46800 1217       4       com.android.dx.ssa.SsaMethod$1::visitNonMoveInsn (26 bytes)
Event: 1.769 Thread 0x0000000054f4c000 1265       3       java.util.HashMap$HashIterator::nextNode (100 bytes)
Event: 1.769 Thread 0x0000000054f4c000 nmethod 1265 0x00000000029eea90 code [0x00000000029eec40, 0x00000000029ef118]
Event: 1.770 Thread 0x0000000054f4c000 1266       3       java.util.HashMap::tableSizeFor (59 bytes)
Event: 1.770 Thread 0x0000000054f4c000 nmethod 1266 0x00000000029ee690 code [0x00000000029ee800, 0x00000000029eea10]

GC Heap History (2 events):
Event: 1.188 GC heap before
{Heap before GC invocations=1 (full 0):
 PSYoungGen      total 38400K, used 33280K [0x00000000eab00000, 0x00000000ed580000, 0x0000000100000000)
  eden space 33280K, 100% used [0x00000000eab00000,0x00000000ecb80000,0x00000000ecb80000)
  from space 5120K, 0% used [0x00000000ed080000,0x00000000ed080000,0x00000000ed580000)
  to   space 5120K, 0% used [0x00000000ecb80000,0x00000000ecb80000,0x00000000ed080000)
 ParOldGen       total 87552K, used 0K [0x00000000c0000000, 0x00000000c5580000, 0x00000000eab00000)
  object space 87552K, 0% used [0x00000000c0000000,0x00000000c0000000,0x00000000c5580000)
 Metaspace       used 5792K, capacity 6832K, committed 7040K, reserved 1056768K
  class space    used 588K, capacity 616K, committed 640K, reserved 1048576K
Event: 1.271 GC heap after
Heap after GC invocations=1 (full 0):
 PSYoungGen      total 38400K, used 5095K [0x00000000eab00000, 0x00000000ef600000, 0x0000000100000000)
  eden space 33280K, 0% used [0x00000000eab00000,0x00000000eab00000,0x00000000ecb80000)
  from space 5120K, 99% used [0x00000000ecb80000,0x00000000ed079c78,0x00000000ed080000)
  to   space 5120K, 0% used [0x00000000ef100000,0x00000000ef100000,0x00000000ef600000)
 ParOldGen       total 87552K, used 988K [0x00000000c0000000, 0x00000000c5580000, 0x00000000eab00000)
  object space 87552K, 1% used [0x00000000c0000000,0x00000000c00f7358,0x00000000c5580000)
 Metaspace       used 5792K, capacity 6832K, committed 7040K, reserved 1056768K
  class space    used 588K, capacity 616K, committed 640K, reserved 1048576K
}

Deoptimization events (10 events):
Event: 1.062 Thread 0x0000000056b92800 Uncommon trap: reason=class_check action=maybe_recompile pc=0x000000000291a6c8 method=com.android.dx.ssa.NormalSsaInsn.accept(Lcom/android/dx/ssa/SsaInsn$Visitor;)V @ 9
Event: 1.062 Thread 0x0000000056b92800 Uncommon trap: reason=class_check action=maybe_recompile pc=0x000000000291a6c8 method=com.android.dx.ssa.NormalSsaInsn.accept(Lcom/android/dx/ssa/SsaInsn$Visitor;)V @ 9
Event: 1.062 Thread 0x0000000056b92800 Uncommon trap: reason=class_check action=maybe_recompile pc=0x000000000291a6c8 method=com.android.dx.ssa.NormalSsaInsn.accept(Lcom/android/dx/ssa/SsaInsn$Visitor;)V @ 9
Event: 1.062 Thread 0x0000000056b92800 Uncommon trap: reason=class_check action=maybe_recompile pc=0x000000000277a2c0 method=com.android.dx.ssa.NormalSsaInsn.accept(Lcom/android/dx/ssa/SsaInsn$Visitor;)V @ 9
Event: 1.062 Thread 0x0000000056b92800 Uncommon trap: reason=class_check action=maybe_recompile pc=0x0000000002761620 method=com.android.dx.ssa.NormalSsaInsn.accept(Lcom/android/dx/ssa/SsaInsn$Visitor;)V @ 9
Event: 1.363 Thread 0x0000000001ede000 Uncommon trap: reason=null_check action=make_not_entrant pc=0x000000000294db50 method=com.android.dx.ssa.SsaRenamer.getLocalForNewReg(I)Lcom/android/dx/rop/code/LocalItem; @ 19
Event: 1.387 Thread 0x0000000056b87800 Uncommon trap: reason=unstable_if action=reinterpret pc=0x000000000282ad1c method=com.android.dx.rop.code.RegisterSpecSet.put(Lcom/android/dx/rop/code/RegisterSpec;)V @ 77
Event: 1.387 Thread 0x0000000056b87800 Uncommon trap: reason=unstable_if action=reinterpret pc=0x0000000002853880 method=com.android.dx.rop.code.RegisterSpecSet.put(Lcom/android/dx/rop/code/RegisterSpec;)V @ 77
Event: 1.735 Thread 0x0000000056b87800 Uncommon trap: reason=unstable_if action=reinterpret pc=0x00000000027bee48 method=com.android.dx.rop.code.RegisterSpec.equals(ILcom/android/dx/rop/type/TypeBearer;Lcom/android/dx/rop/code/LocalItem;)Z @ 42
Event: 1.735 Thread 0x0000000056b87800 Uncommon trap: reason=unstable_if action=reinterpret pc=0x00000000028c4390 method=com.android.dx.ssa.SsaRenamer$BlockRenamer.addMapping(ILcom/android/dx/rop/code/RegisterSpec;)V @ 120

Internal exceptions (3 events):
Event: 0.034 Thread 0x0000000001ede000 Exception <a 'java/lang/NoSuchMethodError': Method sun.misc.Unsafe.defineClass(Ljava/lang/String;[BII)Ljava/lang/Class; name or signature does not match> (0x00000000eab12fe0) thrown at [D:\re\puppet\workspace\8-2-build-windows-amd64-cygwin\jdk8u73\6086\hotVKbŒY|¡?
Event: 0.034 Thread 0x0000000001ede000 Exception <a 'java/lang/NoSuchMethodError': Method sun.misc.Unsafe.prefetchRead(Ljava/lang/Object;J)V name or signature does not match> (0x00000000eab132c8) thrown at [D:\re\puppet\workspace\8-2-build-windows-amd64-cygwin\jdk8u73\6086\hotspot\src\share\vm\îbÑtÎõ?
Event: 1.363 Thread 0x0000000001ede000 Implicit null exception at 0x000000000294cb7d to 0x000000000294db19

Events (10 events):
Event: 1.387 Thread 0x0000000056b87800 DEOPT UNPACKING pc=0x000000000256582a sp=0x0000000057aeed78 mode 2
Event: 1.387 Thread 0x0000000056b87800 Uncommon trap: trap_request=0xffffff65 fr.pc=0x0000000002853880
Event: 1.387 Thread 0x0000000056b87800 DEOPT PACKING pc=0x0000000002853880 sp=0x0000000057aeede0
Event: 1.387 Thread 0x0000000056b87800 DEOPT UNPACKING pc=0x000000000256582a sp=0x0000000057aeed00 mode 2
Event: 1.735 Thread 0x0000000056b87800 Uncommon trap: trap_request=0xffffff65 fr.pc=0x00000000027bee48
Event: 1.735 Thread 0x0000000056b87800 DEOPT PACKING pc=0x00000000027bee48 sp=0x0000000057aeedc0
Event: 1.735 Thread 0x0000000056b87800 DEOPT UNPACKING pc=0x000000000256582a sp=0x0000000057aeed48 mode 2
Event: 1.735 Thread 0x0000000056b87800 Uncommon trap: trap_request=0xffffff65 fr.pc=0x00000000028c4390
Event: 1.735 Thread 0x0000000056b87800 DEOPT PACKING pc=0x00000000028c4390 sp=0x0000000057aeeb40
Event: 1.735 Thread 0x0000000056b87800 DEOPT UNPACKING pc=0x000000000256582a sp=0x0000000057aeead0 mode 2


Dynamic libraries:
0x000000013f3e0000 - 0x000000013f417000 	C:\Program Files\Java\jdk1.8.0_73\bin\java.exe
0x0000000077600000 - 0x00000000777aa000 	C:\Windows\SYSTEM32\ntdll.dll
0x00000000774e0000 - 0x00000000775ff000 	C:\Windows\system32\kernel32.dll
0x000007fefd4d0000 - 0x000007fefd53a000 	C:\Windows\system32\KERNELBASE.dll
0x000007fefdc30000 - 0x000007fefdd0b000 	C:\Windows\system32\ADVAPI32.dll
0x000007fefdd10000 - 0x000007fefddaf000 	C:\Windows\system32\msvcrt.dll
0x000007fefdf60000 - 0x000007fefdf7f000 	C:\Windows\SYSTEM32\sechost.dll
0x000007feff3d0000 - 0x000007feff4fd000 	C:\Windows\system32\RPCRT4.dll
0x00000000773e0000 - 0x00000000774da000 	C:\Windows\system32\USER32.dll
0x000007fefe4e0000 - 0x000007fefe547000 	C:\Windows\system32\GDI32.dll
0x000007fefe230000 - 0x000007fefe23e000 	C:\Windows\system32\LPK.dll
0x000007feff2e0000 - 0x000007feff3aa000 	C:\Windows\system32\USP10.dll
0x000007fefbe00000 - 0x000007fefbff4000 	C:\Windows\WinSxS\amd64_microsoft.windows.common-controls_6595b64144ccf1df_6.0.7601.17514_none_fa396087175ac9ac\COMCTL32.dll
0x000007fefddb0000 - 0x000007fefde21000 	C:\Windows\system32\SHLWAPI.dll
0x000007fefdf80000 - 0x000007fefdfae000 	C:\Windows\system32\IMM32.DLL
0x000007fefe240000 - 0x000007fefe349000 	C:\Windows\system32\MSCTF.dll
0x0000000067fe0000 - 0x00000000680b2000 	C:\Program Files\Java\jdk1.8.0_73\jre\bin\msvcr100.dll
0x0000000067750000 - 0x0000000067fe0000 	C:\Program Files\Java\jdk1.8.0_73\jre\bin\server\jvm.dll
0x000007fefb0e0000 - 0x000007fefb0e9000 	C:\Windows\system32\WSOCK32.dll
0x000007fefdf10000 - 0x000007fefdf5d000 	C:\Windows\system32\WS2_32.dll
0x000007fefe220000 - 0x000007fefe228000 	C:\Windows\system32\NSI.dll
0x000007fefac90000 - 0x000007fefaccb000 	C:\Windows\system32\WINMM.dll
0x000007fefc490000 - 0x000007fefc49c000 	C:\Windows\system32\VERSION.dll
0x00000000777d0000 - 0x00000000777d7000 	C:\Windows\system32\PSAPI.DLL
0x000000006bc10000 - 0x000000006bc1f000 	C:\Program Files\Java\jdk1.8.0_73\jre\bin\verify.dll
0x000000006b220000 - 0x000000006b249000 	C:\Program Files\Java\jdk1.8.0_73\jre\bin\java.dll
0x000000006bbb0000 - 0x000000006bbc6000 	C:\Program Files\Java\jdk1.8.0_73\jre\bin\zip.dll
0x000007fefe550000 - 0x000007feff2d8000 	C:\Windows\system32\SHELL32.dll
0x000007fefdfb0000 - 0x000007fefe1b3000 	C:\Windows\system32\ole32.dll
0x000007fefd3c0000 - 0x000007fefd3cf000 	C:\Windows\system32\profapi.dll

VM Arguments:
jvm_args: -Djava.awt.headless=true -Xmx1024M -Dfile.encoding=windows-1251 -Duser.country=RU -Duser.language=ru -Duser.variant 
java_command: com.android.dx.command.Main --dex --force-jumbo --num-threads=4 --output D:\Programming\AndroidAppsCode\SpaceCenter\app\build\intermediates\pre-dexed\debug\com.android.support-support-media-compat-25.1.0_9ec23c0c4b16d1d15ae437429c28450d2cd9287e.jar D:\Programming\AndroidAppsCode\SpaceCenter\app\build\intermediates\exploded-aar\com.android.support\support-media-compat\25.1.0\jars\classes.jar
java_class_path (initial): D:\AndroidStudio\build-tools\25.0.1\lib\dx.jar
Launcher Type: SUN_STANDARD

Environment Variables:
JAVA_HOME=C:\Program Files\Java\jdk1.8.0_73
PATH=C:\ProgramData\Oracle\Java\javapath;C:\Program Files (x86)\Common Files\Microsoft Shared\Windows Live;C:\Program Files (x86)\PC Connectivity Solution\;C:\Windows\system32;C:\Windows;C:\Windows\System32\Wbem;C:\Windows\System32\WindowsPowerShell\v1.0\;C:\Program Files (x86)\Microsoft SQL Server\100\Tools\Binn\;C:\Program Files\Microsoft SQL Server\100\Tools\Binn\;C:\Program Files\Microsoft SQL Server\100\DTS\Binn\;C:\Program Files (x86)\NVIDIA Corporation\PhysX\Common;C:\Program Files (x86)\Skype\Phone\;C:\Program Files\Java\jdk1.8.0_73\bin;C:\Program Files\Git\cmd;C:\sqlite;C:\Program Files\Common Files\Microsoft Shared\Windows Live
USERNAME=Àäìèíèñòðàòîð
OS=Windows_NT
PROCESSOR_IDENTIFIER=Intel64 Family 6 Model 30 Stepping 5, GenuineIntel



---------------  S Y S T E M  ---------------

OS: Windows 7 , 64 bit Build 7601 (6.1.7601.23418)

CPU:total 4 (4 cores per cpu, 1 threads per core) family 6 model 30 stepping 5, cmov, cx8, fxsr, mmx, sse, sse2, sse3, ssse3, sse4.1, sse4.2, popcnt, tsc, tscinvbit

Memory: 4k page, physical 8379448k(747068k free), swap 10474740k(5120k free)

vm_info: Java HotSpot(TM) 64-Bit Server VM (25.73-b02) for windows-amd64 JRE (1.8.0_73-b02), built on Jan 29 2016 17:38:49 by "java_re" with MS VC++ 10.0 (VS2010)

time: Sun Dec 25 09:01:03 2016
elapsed time: 1 seconds (0d 0h 0m 1s)

